INFO - 2024-07-04 15:56:05 --> Session: Class initialized using 'CodeIgniter\Session\Handlers\FileHandler' driver.
INFO - 2024-07-04 15:56:13 --> Session: Class initialized using 'CodeIgniter\Session\Handlers\FileHandler' driver.
INFO - 2024-07-04 15:56:13 --> Session: Class initialized using 'CodeIgniter\Session\Handlers\FileHandler' driver.
INFO - 2024-07-04 15:56:17 --> Session: Class initialized using 'CodeIgniter\Session\Handlers\FileHandler' driver.
INFO - 2024-07-04 15:56:17 --> Session: Class initialized using 'CodeIgniter\Session\Handlers\FileHandler' driver.
INFO - 2024-07-04 15:56:18 --> Session: Class initialized using 'CodeIgniter\Session\Handlers\FileHandler' driver.
INFO - 2024-07-04 15:56:32 --> Session: Class initialized using 'CodeIgniter\Session\Handlers\FileHandler' driver.
INFO - 2024-07-04 15:56:32 --> Session: Class initialized using 'CodeIgniter\Session\Handlers\FileHandler' driver.
INFO - 2024-07-04 15:58:28 --> Session: Class initialized using 'CodeIgniter\Session\Handlers\FileHandler' driver.
INFO - 2024-07-04 15:58:28 --> Session: Class initialized using 'CodeIgniter\Session\Handlers\FileHandler' driver.
INFO - 2024-07-04 15:58:37 --> Session: Class initialized using 'CodeIgniter\Session\Handlers\FileHandler' driver.
INFO - 2024-07-04 15:58:38 --> Session: Class initialized using 'CodeIgniter\Session\Handlers\FileHandler' driver.
INFO - 2024-07-04 16:00:12 --> Session: Class initialized using 'CodeIgniter\Session\Handlers\FileHandler' driver.
INFO - 2024-07-04 16:00:13 --> Session: Class initialized using 'CodeIgniter\Session\Handlers\FileHandler' driver.
INFO - 2024-07-04 16:00:14 --> Session: Class initialized using 'CodeIgniter\Session\Handlers\FileHandler' driver.
INFO - 2024-07-04 16:01:06 --> Session: Class initialized using 'CodeIgniter\Session\Handlers\FileHandler' driver.
INFO - 2024-07-04 16:01:21 --> Session: Class initialized using 'CodeIgniter\Session\Handlers\FileHandler' driver.
INFO - 2024-07-04 16:01:57 --> Session: Class initialized using 'CodeIgniter\Session\Handlers\FileHandler' driver.
INFO - 2024-07-04 16:02:14 --> Session: Class initialized using 'CodeIgniter\Session\Handlers\FileHandler' driver.
INFO - 2024-07-04 16:02:19 --> Session: Class initialized using 'CodeIgniter\Session\Handlers\FileHandler' driver.
INFO - 2024-07-04 16:03:24 --> Session: Class initialized using 'CodeIgniter\Session\Handlers\FileHandler' driver.
INFO - 2024-07-04 16:03:49 --> Session: Class initialized using 'CodeIgniter\Session\Handlers\FileHandler' driver.
INFO - 2024-07-04 16:04:13 --> Session: Class initialized using 'CodeIgniter\Session\Handlers\FileHandler' driver.
INFO - 2024-07-04 16:04:26 --> Session: Class initialized using 'CodeIgniter\Session\Handlers\FileHandler' driver.
INFO - 2024-07-04 16:04:27 --> Session: Class initialized using 'CodeIgniter\Session\Handlers\FileHandler' driver.
INFO - 2024-07-04 16:05:44 --> Session: Class initialized using 'CodeIgniter\Session\Handlers\FileHandler' driver.
INFO - 2024-07-04 16:06:18 --> Session: Class initialized using 'CodeIgniter\Session\Handlers\FileHandler' driver.
INFO - 2024-07-04 16:07:05 --> Session: Class initialized using 'CodeIgniter\Session\Handlers\FileHandler' driver.
INFO - 2024-07-04 16:07:06 --> Session: Class initialized using 'CodeIgniter\Session\Handlers\FileHandler' driver.
INFO - 2024-07-04 16:07:10 --> Session: Class initialized using 'CodeIgniter\Session\Handlers\FileHandler' driver.
INFO - 2024-07-04 16:07:37 --> Session: Class initialized using 'CodeIgniter\Session\Handlers\FileHandler' driver.
INFO - 2024-07-04 16:07:58 --> Session: Class initialized using 'CodeIgniter\Session\Handlers\FileHandler' driver.
INFO - 2024-07-04 16:08:20 --> Session: Class initialized using 'CodeIgniter\Session\Handlers\FileHandler' driver.
INFO - 2024-07-04 16:08:53 --> Session: Class initialized using 'CodeIgniter\Session\Handlers\FileHandler' driver.
INFO - 2024-07-04 16:09:18 --> Session: Class initialized using 'CodeIgniter\Session\Handlers\FileHandler' driver.
INFO - 2024-07-04 16:09:52 --> Session: Class initialized using 'CodeIgniter\Session\Handlers\FileHandler' driver.
INFO - 2024-07-04 16:10:10 --> Session: Class initialized using 'CodeIgniter\Session\Handlers\FileHandler' driver.
INFO - 2024-07-04 16:10:21 --> Session: Class initialized using 'CodeIgniter\Session\Handlers\FileHandler' driver.
INFO - 2024-07-04 16:10:33 --> Session: Class initialized using 'CodeIgniter\Session\Handlers\FileHandler' driver.
INFO - 2024-07-04 16:10:43 --> Session: Class initialized using 'CodeIgniter\Session\Handlers\FileHandler' driver.
INFO - 2024-07-04 16:11:08 --> Session: Class initialized using 'CodeIgniter\Session\Handlers\FileHandler' driver.
INFO - 2024-07-04 16:11:34 --> Session: Class initialized using 'CodeIgniter\Session\Handlers\FileHandler' driver.
INFO - 2024-07-04 16:11:45 --> Session: Class initialized using 'CodeIgniter\Session\Handlers\FileHandler' driver.
INFO - 2024-07-04 16:11:58 --> Session: Class initialized using 'CodeIgniter\Session\Handlers\FileHandler' driver.
INFO - 2024-07-04 16:12:24 --> Session: Class initialized using 'CodeIgniter\Session\Handlers\FileHandler' driver.
INFO - 2024-07-04 16:12:27 --> Session: Class initialized using 'CodeIgniter\Session\Handlers\FileHandler' driver.
INFO - 2024-07-04 16:12:47 --> Session: Class initialized using 'CodeIgniter\Session\Handlers\FileHandler' driver.
INFO - 2024-07-04 16:13:27 --> Session: Class initialized using 'CodeIgniter\Session\Handlers\FileHandler' driver.
INFO - 2024-07-04 16:13:36 --> Session: Class initialized using 'CodeIgniter\Session\Handlers\FileHandler' driver.
INFO - 2024-07-04 16:14:18 --> Session: Class initialized using 'CodeIgniter\Session\Handlers\FileHandler' driver.
INFO - 2024-07-04 16:16:14 --> Session: Class initialized using 'CodeIgniter\Session\Handlers\FileHandler' driver.
INFO - 2024-07-04 16:16:51 --> Session: Class initialized using 'CodeIgniter\Session\Handlers\FileHandler' driver.
INFO - 2024-07-04 16:18:11 --> Session: Class initialized using 'CodeIgniter\Session\Handlers\FileHandler' driver.
INFO - 2024-07-04 16:18:14 --> Session: Class initialized using 'CodeIgniter\Session\Handlers\FileHandler' driver.
INFO - 2024-07-04 16:18:21 --> Session: Class initialized using 'CodeIgniter\Session\Handlers\FileHandler' driver.
INFO - 2024-07-04 16:18:54 --> Session: Class initialized using 'CodeIgniter\Session\Handlers\FileHandler' driver.
INFO - 2024-07-04 16:18:58 --> Session: Class initialized using 'CodeIgniter\Session\Handlers\FileHandler' driver.
INFO - 2024-07-04 16:19:00 --> Session: Class initialized using 'CodeIgniter\Session\Handlers\FileHandler' driver.
INFO - 2024-07-04 16:21:03 --> Session: Class initialized using 'CodeIgniter\Session\Handlers\FileHandler' driver.
INFO - 2024-07-04 16:21:04 --> Session: Class initialized using 'CodeIgniter\Session\Handlers\FileHandler' driver.
INFO - 2024-07-04 16:21:07 --> Session: Class initialized using 'CodeIgniter\Session\Handlers\FileHandler' driver.
INFO - 2024-07-04 16:21:09 --> Session: Class initialized using 'CodeIgniter\Session\Handlers\FileHandler' driver.
INFO - 2024-07-04 16:21:39 --> Session: Class initialized using 'CodeIgniter\Session\Handlers\FileHandler' driver.
INFO - 2024-07-04 16:21:54 --> Session: Class initialized using 'CodeIgniter\Session\Handlers\FileHandler' driver.
INFO - 2024-07-04 16:23:08 --> Session: Class initialized using 'CodeIgniter\Session\Handlers\FileHandler' driver.
INFO - 2024-07-04 16:24:03 --> Session: Class initialized using 'CodeIgniter\Session\Handlers\FileHandler' driver.
INFO - 2024-07-04 16:24:03 --> Session: Class initialized using 'CodeIgniter\Session\Handlers\FileHandler' driver.
INFO - 2024-07-04 16:24:08 --> Session: Class initialized using 'CodeIgniter\Session\Handlers\FileHandler' driver.
INFO - 2024-07-04 16:24:09 --> Session: Class initialized using 'CodeIgniter\Session\Handlers\FileHandler' driver.
INFO - 2024-07-04 16:24:12 --> Session: Class initialized using 'CodeIgniter\Session\Handlers\FileHandler' driver.
INFO - 2024-07-04 16:24:14 --> Session: Class initialized using 'CodeIgniter\Session\Handlers\FileHandler' driver.
CRITICAL - 2024-07-04 16:24:14 --> TypeError: count(): Argument #1 ($value) must be of type Countable|array, stdClass given
[Method: POST, Route: checker]
in APPPATH/Views/admin/checker.php on line 15.
 1 SYSTEMPATH/View/View.php(234): include()
 2 SYSTEMPATH/View/View.php(237): CodeIgniter\View\View->CodeIgniter\View\{closure}()
 3 SYSTEMPATH/Common.php(1171): CodeIgniter\View\View->render('admin/checker', [], true)
 4 APPPATH/Controllers/Admin.php(129): view('admin/checker', [...])
 5 SYSTEMPATH/CodeIgniter.php(933): App\Controllers\Admin->checker()
 6 SYSTEMPATH/CodeIgniter.php(509): CodeIgniter\CodeIgniter->runController(Object(App\Controllers\Admin))
 7 SYSTEMPATH/CodeIgniter.php(355): CodeIgniter\CodeIgniter->handleRequest(null, Object(Config\Cache), false)
 8 SYSTEMPATH/Boot.php(325): CodeIgniter\CodeIgniter->run()
 9 SYSTEMPATH/Boot.php(67): CodeIgniter\Boot::runCodeIgniter(Object(CodeIgniter\CodeIgniter))
10 FCPATH/index.php(56): CodeIgniter\Boot::bootWeb(Object(Config\Paths))
INFO - 2024-07-04 16:24:52 --> Session: Class initialized using 'CodeIgniter\Session\Handlers\FileHandler' driver.
INFO - 2024-07-04 16:25:13 --> Session: Class initialized using 'CodeIgniter\Session\Handlers\FileHandler' driver.
INFO - 2024-07-04 16:25:42 --> Session: Class initialized using 'CodeIgniter\Session\Handlers\FileHandler' driver.
INFO - 2024-07-04 16:26:41 --> Session: Class initialized using 'CodeIgniter\Session\Handlers\FileHandler' driver.
INFO - 2024-07-04 16:26:46 --> Session: Class initialized using 'CodeIgniter\Session\Handlers\FileHandler' driver.
INFO - 2024-07-04 16:26:55 --> Session: Class initialized using 'CodeIgniter\Session\Handlers\FileHandler' driver.
INFO - 2024-07-04 16:28:39 --> Session: Class initialized using 'CodeIgniter\Session\Handlers\FileHandler' driver.
ERROR - 2024-07-04 16:28:39 --> mysqli_sql_exception: Unknown column 'qweqew' in 'where clause' in /Applications/MAMP/htdocs/truck/system/Database/MySQLi/Connection.php:312
Stack trace:
#0 /Applications/MAMP/htdocs/truck/system/Database/MySQLi/Connection.php(312): mysqli->query('SELECT surat.id...', 0)
#1 /Applications/MAMP/htdocs/truck/system/Database/BaseConnection.php(734): CodeIgniter\Database\MySQLi\Connection->execute('SELECT surat.id...')
#2 /Applications/MAMP/htdocs/truck/system/Database/BaseConnection.php(648): CodeIgniter\Database\BaseConnection->simpleQuery('SELECT surat.id...')
#3 /Applications/MAMP/htdocs/truck/app/Controllers/Admin.php(123): CodeIgniter\Database\BaseConnection->query('SELECT surat.id...')
#4 /Applications/MAMP/htdocs/truck/system/CodeIgniter.php(933): App\Controllers\Admin->checker()
#5 /Applications/MAMP/htdocs/truck/system/CodeIgniter.php(509): CodeIgniter\CodeIgniter->runController(Object(App\Controllers\Admin))
#6 /Applications/MAMP/htdocs/truck/system/CodeIgniter.php(355): CodeIgniter\CodeIgniter->handleRequest(NULL, Object(Config\Cache), false)
#7 /Applications/MAMP/htdocs/truck/system/Boot.php(325): CodeIgniter\CodeIgniter->run()
#8 /Applications/MAMP/htdocs/truck/system/Boot.php(67): CodeIgniter\Boot::runCodeIgniter(Object(CodeIgniter\CodeIgniter))
#9 /Applications/MAMP/htdocs/truck/index.php(56): CodeIgniter\Boot::bootWeb(Object(Config\Paths))
#10 {main}
CRITICAL - 2024-07-04 16:28:39 --> CodeIgniter\Database\Exceptions\DatabaseException: Unknown column 'qweqew' in 'where clause'
[Method: POST, Route: checker]
in SYSTEMPATH/Database/BaseConnection.php on line 688.
 1 APPPATH/Controllers/Admin.php(123): CodeIgniter\Database\BaseConnection->query('SELECT surat.id as surat_id, surat.*, truck.* FROM surat INNER JOIN truck ON surat.truck_id = truck.id WHERE surat.id = qweqew')
 2 SYSTEMPATH/CodeIgniter.php(933): App\Controllers\Admin->checker()
 3 SYSTEMPATH/CodeIgniter.php(509): CodeIgniter\CodeIgniter->runController(Object(App\Controllers\Admin))
 4 SYSTEMPATH/CodeIgniter.php(355): CodeIgniter\CodeIgniter->handleRequest(null, Object(Config\Cache), false)
 5 SYSTEMPATH/Boot.php(325): CodeIgniter\CodeIgniter->run()
 6 SYSTEMPATH/Boot.php(67): CodeIgniter\Boot::runCodeIgniter(Object(CodeIgniter\CodeIgniter))
 7 FCPATH/index.php(56): CodeIgniter\Boot::bootWeb(Object(Config\Paths))
CRITICAL - 2024-07-04 16:28:39 --> [Caused by] CodeIgniter\Database\Exceptions\DatabaseException: Unknown column 'qweqew' in 'where clause'
in SYSTEMPATH/Database/MySQLi/Connection.php on line 317.
 1 SYSTEMPATH/Database/BaseConnection.php(734): CodeIgniter\Database\MySQLi\Connection->execute('SELECT surat.id as surat_id, surat.*, truck.* FROM surat INNER JOIN truck ON surat.truck_id = truck.id WHERE surat.id = qweqew')
 2 SYSTEMPATH/Database/BaseConnection.php(648): CodeIgniter\Database\BaseConnection->simpleQuery('SELECT surat.id as surat_id, surat.*, truck.* FROM surat INNER JOIN truck ON surat.truck_id = truck.id WHERE surat.id = qweqew')
 3 APPPATH/Controllers/Admin.php(123): CodeIgniter\Database\BaseConnection->query('SELECT surat.id as surat_id, surat.*, truck.* FROM surat INNER JOIN truck ON surat.truck_id = truck.id WHERE surat.id = qweqew')
 4 SYSTEMPATH/CodeIgniter.php(933): App\Controllers\Admin->checker()
 5 SYSTEMPATH/CodeIgniter.php(509): CodeIgniter\CodeIgniter->runController(Object(App\Controllers\Admin))
 6 SYSTEMPATH/CodeIgniter.php(355): CodeIgniter\CodeIgniter->handleRequest(null, Object(Config\Cache), false)
 7 SYSTEMPATH/Boot.php(325): CodeIgniter\CodeIgniter->run()
 8 SYSTEMPATH/Boot.php(67): CodeIgniter\Boot::runCodeIgniter(Object(CodeIgniter\CodeIgniter))
 9 FCPATH/index.php(56): CodeIgniter\Boot::bootWeb(Object(Config\Paths))
CRITICAL - 2024-07-04 16:28:39 --> [Caused by] mysqli_sql_exception: Unknown column 'qweqew' in 'where clause'
in SYSTEMPATH/Database/MySQLi/Connection.php on line 312.
 1 SYSTEMPATH/Database/MySQLi/Connection.php(312): mysqli->query('SELECT surat.id as surat_id, surat.*, truck.* FROM surat INNER JOIN truck ON surat.truck_id = truck.id WHERE surat.id = qweqew', 0)
 2 SYSTEMPATH/Database/BaseConnection.php(734): CodeIgniter\Database\MySQLi\Connection->execute('SELECT surat.id as surat_id, surat.*, truck.* FROM surat INNER JOIN truck ON surat.truck_id = truck.id WHERE surat.id = qweqew')
 3 SYSTEMPATH/Database/BaseConnection.php(648): CodeIgniter\Database\BaseConnection->simpleQuery('SELECT surat.id as surat_id, surat.*, truck.* FROM surat INNER JOIN truck ON surat.truck_id = truck.id WHERE surat.id = qweqew')
 4 APPPATH/Controllers/Admin.php(123): CodeIgniter\Database\BaseConnection->query('SELECT surat.id as surat_id, surat.*, truck.* FROM surat INNER JOIN truck ON surat.truck_id = truck.id WHERE surat.id = qweqew')
 5 SYSTEMPATH/CodeIgniter.php(933): App\Controllers\Admin->checker()
 6 SYSTEMPATH/CodeIgniter.php(509): CodeIgniter\CodeIgniter->runController(Object(App\Controllers\Admin))
 7 SYSTEMPATH/CodeIgniter.php(355): CodeIgniter\CodeIgniter->handleRequest(null, Object(Config\Cache), false)
 8 SYSTEMPATH/Boot.php(325): CodeIgniter\CodeIgniter->run()
 9 SYSTEMPATH/Boot.php(67): CodeIgniter\Boot::runCodeIgniter(Object(CodeIgniter\CodeIgniter))
10 FCPATH/index.php(56): CodeIgniter\Boot::bootWeb(Object(Config\Paths))
INFO - 2024-07-04 16:28:52 --> Session: Class initialized using 'CodeIgniter\Session\Handlers\FileHandler' driver.
INFO - 2024-07-04 16:28:58 --> Session: Class initialized using 'CodeIgniter\Session\Handlers\FileHandler' driver.
ERROR - 2024-07-04 16:28:58 --> mysqli_sql_exception: Unknown column 'asd' in 'where clause' in /Applications/MAMP/htdocs/truck/system/Database/MySQLi/Connection.php:312
Stack trace:
#0 /Applications/MAMP/htdocs/truck/system/Database/MySQLi/Connection.php(312): mysqli->query('SELECT surat.id...', 0)
#1 /Applications/MAMP/htdocs/truck/system/Database/BaseConnection.php(734): CodeIgniter\Database\MySQLi\Connection->execute('SELECT surat.id...')
#2 /Applications/MAMP/htdocs/truck/system/Database/BaseConnection.php(648): CodeIgniter\Database\BaseConnection->simpleQuery('SELECT surat.id...')
#3 /Applications/MAMP/htdocs/truck/app/Controllers/Admin.php(123): CodeIgniter\Database\BaseConnection->query('SELECT surat.id...')
#4 /Applications/MAMP/htdocs/truck/system/CodeIgniter.php(933): App\Controllers\Admin->checker()
#5 /Applications/MAMP/htdocs/truck/system/CodeIgniter.php(509): CodeIgniter\CodeIgniter->runController(Object(App\Controllers\Admin))
#6 /Applications/MAMP/htdocs/truck/system/CodeIgniter.php(355): CodeIgniter\CodeIgniter->handleRequest(NULL, Object(Config\Cache), false)
#7 /Applications/MAMP/htdocs/truck/system/Boot.php(325): CodeIgniter\CodeIgniter->run()
#8 /Applications/MAMP/htdocs/truck/system/Boot.php(67): CodeIgniter\Boot::runCodeIgniter(Object(CodeIgniter\CodeIgniter))
#9 /Applications/MAMP/htdocs/truck/index.php(56): CodeIgniter\Boot::bootWeb(Object(Config\Paths))
#10 {main}
CRITICAL - 2024-07-04 16:28:58 --> CodeIgniter\Database\Exceptions\DatabaseException: Unknown column 'asd' in 'where clause'
[Method: POST, Route: checker]
in SYSTEMPATH/Database/BaseConnection.php on line 688.
 1 APPPATH/Controllers/Admin.php(123): CodeIgniter\Database\BaseConnection->query('SELECT surat.id as surat_id, surat.*, truck.* FROM surat INNER JOIN truck ON surat.truck_id = truck.id WHERE surat.id = asd')
 2 SYSTEMPATH/CodeIgniter.php(933): App\Controllers\Admin->checker()
 3 SYSTEMPATH/CodeIgniter.php(509): CodeIgniter\CodeIgniter->runController(Object(App\Controllers\Admin))
 4 SYSTEMPATH/CodeIgniter.php(355): CodeIgniter\CodeIgniter->handleRequest(null, Object(Config\Cache), false)
 5 SYSTEMPATH/Boot.php(325): CodeIgniter\CodeIgniter->run()
 6 SYSTEMPATH/Boot.php(67): CodeIgniter\Boot::runCodeIgniter(Object(CodeIgniter\CodeIgniter))
 7 FCPATH/index.php(56): CodeIgniter\Boot::bootWeb(Object(Config\Paths))
CRITICAL - 2024-07-04 16:28:58 --> [Caused by] CodeIgniter\Database\Exceptions\DatabaseException: Unknown column 'asd' in 'where clause'
in SYSTEMPATH/Database/MySQLi/Connection.php on line 317.
 1 SYSTEMPATH/Database/BaseConnection.php(734): CodeIgniter\Database\MySQLi\Connection->execute('SELECT surat.id as surat_id, surat.*, truck.* FROM surat INNER JOIN truck ON surat.truck_id = truck.id WHERE surat.id = asd')
 2 SYSTEMPATH/Database/BaseConnection.php(648): CodeIgniter\Database\BaseConnection->simpleQuery('SELECT surat.id as surat_id, surat.*, truck.* FROM surat INNER JOIN truck ON surat.truck_id = truck.id WHERE surat.id = asd')
 3 APPPATH/Controllers/Admin.php(123): CodeIgniter\Database\BaseConnection->query('SELECT surat.id as surat_id, surat.*, truck.* FROM surat INNER JOIN truck ON surat.truck_id = truck.id WHERE surat.id = asd')
 4 SYSTEMPATH/CodeIgniter.php(933): App\Controllers\Admin->checker()
 5 SYSTEMPATH/CodeIgniter.php(509): CodeIgniter\CodeIgniter->runController(Object(App\Controllers\Admin))
 6 SYSTEMPATH/CodeIgniter.php(355): CodeIgniter\CodeIgniter->handleRequest(null, Object(Config\Cache), false)
 7 SYSTEMPATH/Boot.php(325): CodeIgniter\CodeIgniter->run()
 8 SYSTEMPATH/Boot.php(67): CodeIgniter\Boot::runCodeIgniter(Object(CodeIgniter\CodeIgniter))
 9 FCPATH/index.php(56): CodeIgniter\Boot::bootWeb(Object(Config\Paths))
CRITICAL - 2024-07-04 16:28:58 --> [Caused by] mysqli_sql_exception: Unknown column 'asd' in 'where clause'
in SYSTEMPATH/Database/MySQLi/Connection.php on line 312.
 1 SYSTEMPATH/Database/MySQLi/Connection.php(312): mysqli->query('SELECT surat.id as surat_id, surat.*, truck.* FROM surat INNER JOIN truck ON surat.truck_id = truck.id WHERE surat.id = asd', 0)
 2 SYSTEMPATH/Database/BaseConnection.php(734): CodeIgniter\Database\MySQLi\Connection->execute('SELECT surat.id as surat_id, surat.*, truck.* FROM surat INNER JOIN truck ON surat.truck_id = truck.id WHERE surat.id = asd')
 3 SYSTEMPATH/Database/BaseConnection.php(648): CodeIgniter\Database\BaseConnection->simpleQuery('SELECT surat.id as surat_id, surat.*, truck.* FROM surat INNER JOIN truck ON surat.truck_id = truck.id WHERE surat.id = asd')
 4 APPPATH/Controllers/Admin.php(123): CodeIgniter\Database\BaseConnection->query('SELECT surat.id as surat_id, surat.*, truck.* FROM surat INNER JOIN truck ON surat.truck_id = truck.id WHERE surat.id = asd')
 5 SYSTEMPATH/CodeIgniter.php(933): App\Controllers\Admin->checker()
 6 SYSTEMPATH/CodeIgniter.php(509): CodeIgniter\CodeIgniter->runController(Object(App\Controllers\Admin))
 7 SYSTEMPATH/CodeIgniter.php(355): CodeIgniter\CodeIgniter->handleRequest(null, Object(Config\Cache), false)
 8 SYSTEMPATH/Boot.php(325): CodeIgniter\CodeIgniter->run()
 9 SYSTEMPATH/Boot.php(67): CodeIgniter\Boot::runCodeIgniter(Object(CodeIgniter\CodeIgniter))
10 FCPATH/index.php(56): CodeIgniter\Boot::bootWeb(Object(Config\Paths))
INFO - 2024-07-04 16:29:01 --> Session: Class initialized using 'CodeIgniter\Session\Handlers\FileHandler' driver.
INFO - 2024-07-04 16:29:06 --> Session: Class initialized using 'CodeIgniter\Session\Handlers\FileHandler' driver.
INFO - 2024-07-04 16:29:10 --> Session: Class initialized using 'CodeIgniter\Session\Handlers\FileHandler' driver.
ERROR - 2024-07-04 16:29:10 --> mysqli_sql_exception: Unknown column 'ASD' in 'where clause' in /Applications/MAMP/htdocs/truck/system/Database/MySQLi/Connection.php:312
Stack trace:
#0 /Applications/MAMP/htdocs/truck/system/Database/MySQLi/Connection.php(312): mysqli->query('SELECT surat.id...', 0)
#1 /Applications/MAMP/htdocs/truck/system/Database/BaseConnection.php(734): CodeIgniter\Database\MySQLi\Connection->execute('SELECT surat.id...')
#2 /Applications/MAMP/htdocs/truck/system/Database/BaseConnection.php(648): CodeIgniter\Database\BaseConnection->simpleQuery('SELECT surat.id...')
#3 /Applications/MAMP/htdocs/truck/app/Controllers/Admin.php(123): CodeIgniter\Database\BaseConnection->query('SELECT surat.id...')
#4 /Applications/MAMP/htdocs/truck/system/CodeIgniter.php(933): App\Controllers\Admin->checker()
#5 /Applications/MAMP/htdocs/truck/system/CodeIgniter.php(509): CodeIgniter\CodeIgniter->runController(Object(App\Controllers\Admin))
#6 /Applications/MAMP/htdocs/truck/system/CodeIgniter.php(355): CodeIgniter\CodeIgniter->handleRequest(NULL, Object(Config\Cache), false)
#7 /Applications/MAMP/htdocs/truck/system/Boot.php(325): CodeIgniter\CodeIgniter->run()
#8 /Applications/MAMP/htdocs/truck/system/Boot.php(67): CodeIgniter\Boot::runCodeIgniter(Object(CodeIgniter\CodeIgniter))
#9 /Applications/MAMP/htdocs/truck/index.php(56): CodeIgniter\Boot::bootWeb(Object(Config\Paths))
#10 {main}
CRITICAL - 2024-07-04 16:29:10 --> CodeIgniter\Database\Exceptions\DatabaseException: Unknown column 'ASD' in 'where clause'
[Method: POST, Route: checker]
in SYSTEMPATH/Database/BaseConnection.php on line 688.
 1 APPPATH/Controllers/Admin.php(123): CodeIgniter\Database\BaseConnection->query('SELECT surat.id as surat_id, surat.*, truck.* FROM surat INNER JOIN truck ON surat.truck_id = truck.id WHERE surat.id = ASD')
 2 SYSTEMPATH/CodeIgniter.php(933): App\Controllers\Admin->checker()
 3 SYSTEMPATH/CodeIgniter.php(509): CodeIgniter\CodeIgniter->runController(Object(App\Controllers\Admin))
 4 SYSTEMPATH/CodeIgniter.php(355): CodeIgniter\CodeIgniter->handleRequest(null, Object(Config\Cache), false)
 5 SYSTEMPATH/Boot.php(325): CodeIgniter\CodeIgniter->run()
 6 SYSTEMPATH/Boot.php(67): CodeIgniter\Boot::runCodeIgniter(Object(CodeIgniter\CodeIgniter))
 7 FCPATH/index.php(56): CodeIgniter\Boot::bootWeb(Object(Config\Paths))
CRITICAL - 2024-07-04 16:29:10 --> [Caused by] CodeIgniter\Database\Exceptions\DatabaseException: Unknown column 'ASD' in 'where clause'
in SYSTEMPATH/Database/MySQLi/Connection.php on line 317.
 1 SYSTEMPATH/Database/BaseConnection.php(734): CodeIgniter\Database\MySQLi\Connection->execute('SELECT surat.id as surat_id, surat.*, truck.* FROM surat INNER JOIN truck ON surat.truck_id = truck.id WHERE surat.id = ASD')
 2 SYSTEMPATH/Database/BaseConnection.php(648): CodeIgniter\Database\BaseConnection->simpleQuery('SELECT surat.id as surat_id, surat.*, truck.* FROM surat INNER JOIN truck ON surat.truck_id = truck.id WHERE surat.id = ASD')
 3 APPPATH/Controllers/Admin.php(123): CodeIgniter\Database\BaseConnection->query('SELECT surat.id as surat_id, surat.*, truck.* FROM surat INNER JOIN truck ON surat.truck_id = truck.id WHERE surat.id = ASD')
 4 SYSTEMPATH/CodeIgniter.php(933): App\Controllers\Admin->checker()
 5 SYSTEMPATH/CodeIgniter.php(509): CodeIgniter\CodeIgniter->runController(Object(App\Controllers\Admin))
 6 SYSTEMPATH/CodeIgniter.php(355): CodeIgniter\CodeIgniter->handleRequest(null, Object(Config\Cache), false)
 7 SYSTEMPATH/Boot.php(325): CodeIgniter\CodeIgniter->run()
 8 SYSTEMPATH/Boot.php(67): CodeIgniter\Boot::runCodeIgniter(Object(CodeIgniter\CodeIgniter))
 9 FCPATH/index.php(56): CodeIgniter\Boot::bootWeb(Object(Config\Paths))
CRITICAL - 2024-07-04 16:29:10 --> [Caused by] mysqli_sql_exception: Unknown column 'ASD' in 'where clause'
in SYSTEMPATH/Database/MySQLi/Connection.php on line 312.
 1 SYSTEMPATH/Database/MySQLi/Connection.php(312): mysqli->query('SELECT surat.id as surat_id, surat.*, truck.* FROM surat INNER JOIN truck ON surat.truck_id = truck.id WHERE surat.id = ASD', 0)
 2 SYSTEMPATH/Database/BaseConnection.php(734): CodeIgniter\Database\MySQLi\Connection->execute('SELECT surat.id as surat_id, surat.*, truck.* FROM surat INNER JOIN truck ON surat.truck_id = truck.id WHERE surat.id = ASD')
 3 SYSTEMPATH/Database/BaseConnection.php(648): CodeIgniter\Database\BaseConnection->simpleQuery('SELECT surat.id as surat_id, surat.*, truck.* FROM surat INNER JOIN truck ON surat.truck_id = truck.id WHERE surat.id = ASD')
 4 APPPATH/Controllers/Admin.php(123): CodeIgniter\Database\BaseConnection->query('SELECT surat.id as surat_id, surat.*, truck.* FROM surat INNER JOIN truck ON surat.truck_id = truck.id WHERE surat.id = ASD')
 5 SYSTEMPATH/CodeIgniter.php(933): App\Controllers\Admin->checker()
 6 SYSTEMPATH/CodeIgniter.php(509): CodeIgniter\CodeIgniter->runController(Object(App\Controllers\Admin))
 7 SYSTEMPATH/CodeIgniter.php(355): CodeIgniter\CodeIgniter->handleRequest(null, Object(Config\Cache), false)
 8 SYSTEMPATH/Boot.php(325): CodeIgniter\CodeIgniter->run()
 9 SYSTEMPATH/Boot.php(67): CodeIgniter\Boot::runCodeIgniter(Object(CodeIgniter\CodeIgniter))
10 FCPATH/index.php(56): CodeIgniter\Boot::bootWeb(Object(Config\Paths))
INFO - 2024-07-04 16:29:35 --> Session: Class initialized using 'CodeIgniter\Session\Handlers\FileHandler' driver.
INFO - 2024-07-04 16:29:37 --> Session: Class initialized using 'CodeIgniter\Session\Handlers\FileHandler' driver.
INFO - 2024-07-04 16:29:39 --> Session: Class initialized using 'CodeIgniter\Session\Handlers\FileHandler' driver.
ERROR - 2024-07-04 16:29:39 --> mysqli_sql_exception: You have an error in your SQL syntax; check the manual that corresponds to your MySQL server version for the right syntax to use near '' at line 1 in /Applications/MAMP/htdocs/truck/system/Database/MySQLi/Connection.php:312
Stack trace:
#0 /Applications/MAMP/htdocs/truck/system/Database/MySQLi/Connection.php(312): mysqli->query('SELECT surat.id...', 0)
#1 /Applications/MAMP/htdocs/truck/system/Database/BaseConnection.php(734): CodeIgniter\Database\MySQLi\Connection->execute('SELECT surat.id...')
#2 /Applications/MAMP/htdocs/truck/system/Database/BaseConnection.php(648): CodeIgniter\Database\BaseConnection->simpleQuery('SELECT surat.id...')
#3 /Applications/MAMP/htdocs/truck/app/Controllers/Admin.php(123): CodeIgniter\Database\BaseConnection->query('SELECT surat.id...')
#4 /Applications/MAMP/htdocs/truck/system/CodeIgniter.php(933): App\Controllers\Admin->checker()
#5 /Applications/MAMP/htdocs/truck/system/CodeIgniter.php(509): CodeIgniter\CodeIgniter->runController(Object(App\Controllers\Admin))
#6 /Applications/MAMP/htdocs/truck/system/CodeIgniter.php(355): CodeIgniter\CodeIgniter->handleRequest(NULL, Object(Config\Cache), false)
#7 /Applications/MAMP/htdocs/truck/system/Boot.php(325): CodeIgniter\CodeIgniter->run()
#8 /Applications/MAMP/htdocs/truck/system/Boot.php(67): CodeIgniter\Boot::runCodeIgniter(Object(CodeIgniter\CodeIgniter))
#9 /Applications/MAMP/htdocs/truck/index.php(56): CodeIgniter\Boot::bootWeb(Object(Config\Paths))
#10 {main}
CRITICAL - 2024-07-04 16:29:39 --> CodeIgniter\Database\Exceptions\DatabaseException: You have an error in your SQL syntax; check the manual that corresponds to your MySQL server version for the right syntax to use near '' at line 1
[Method: POST, Route: checker]
in SYSTEMPATH/Database/BaseConnection.php on line 688.
 1 APPPATH/Controllers/Admin.php(123): CodeIgniter\Database\BaseConnection->query('SELECT surat.id as surat_id, surat.*, truck.* FROM surat INNER JOIN truck ON surat.truck_id = truck.id WHERE surat.id = ')
 2 SYSTEMPATH/CodeIgniter.php(933): App\Controllers\Admin->checker()
 3 SYSTEMPATH/CodeIgniter.php(509): CodeIgniter\CodeIgniter->runController(Object(App\Controllers\Admin))
 4 SYSTEMPATH/CodeIgniter.php(355): CodeIgniter\CodeIgniter->handleRequest(null, Object(Config\Cache), false)
 5 SYSTEMPATH/Boot.php(325): CodeIgniter\CodeIgniter->run()
 6 SYSTEMPATH/Boot.php(67): CodeIgniter\Boot::runCodeIgniter(Object(CodeIgniter\CodeIgniter))
 7 FCPATH/index.php(56): CodeIgniter\Boot::bootWeb(Object(Config\Paths))
CRITICAL - 2024-07-04 16:29:39 --> [Caused by] CodeIgniter\Database\Exceptions\DatabaseException: You have an error in your SQL syntax; check the manual that corresponds to your MySQL server version for the right syntax to use near '' at line 1
in SYSTEMPATH/Database/MySQLi/Connection.php on line 317.
 1 SYSTEMPATH/Database/BaseConnection.php(734): CodeIgniter\Database\MySQLi\Connection->execute('SELECT surat.id as surat_id, surat.*, truck.* FROM surat INNER JOIN truck ON surat.truck_id = truck.id WHERE surat.id = ')
 2 SYSTEMPATH/Database/BaseConnection.php(648): CodeIgniter\Database\BaseConnection->simpleQuery('SELECT surat.id as surat_id, surat.*, truck.* FROM surat INNER JOIN truck ON surat.truck_id = truck.id WHERE surat.id = ')
 3 APPPATH/Controllers/Admin.php(123): CodeIgniter\Database\BaseConnection->query('SELECT surat.id as surat_id, surat.*, truck.* FROM surat INNER JOIN truck ON surat.truck_id = truck.id WHERE surat.id = ')
 4 SYSTEMPATH/CodeIgniter.php(933): App\Controllers\Admin->checker()
 5 SYSTEMPATH/CodeIgniter.php(509): CodeIgniter\CodeIgniter->runController(Object(App\Controllers\Admin))
 6 SYSTEMPATH/CodeIgniter.php(355): CodeIgniter\CodeIgniter->handleRequest(null, Object(Config\Cache), false)
 7 SYSTEMPATH/Boot.php(325): CodeIgniter\CodeIgniter->run()
 8 SYSTEMPATH/Boot.php(67): CodeIgniter\Boot::runCodeIgniter(Object(CodeIgniter\CodeIgniter))
 9 FCPATH/index.php(56): CodeIgniter\Boot::bootWeb(Object(Config\Paths))
CRITICAL - 2024-07-04 16:29:39 --> [Caused by] mysqli_sql_exception: You have an error in your SQL syntax; check the manual that corresponds to your MySQL server version for the right syntax to use near '' at line 1
in SYSTEMPATH/Database/MySQLi/Connection.php on line 312.
 1 SYSTEMPATH/Database/MySQLi/Connection.php(312): mysqli->query('SELECT surat.id as surat_id, surat.*, truck.* FROM surat INNER JOIN truck ON surat.truck_id = truck.id WHERE surat.id = ', 0)
 2 SYSTEMPATH/Database/BaseConnection.php(734): CodeIgniter\Database\MySQLi\Connection->execute('SELECT surat.id as surat_id, surat.*, truck.* FROM surat INNER JOIN truck ON surat.truck_id = truck.id WHERE surat.id = ')
 3 SYSTEMPATH/Database/BaseConnection.php(648): CodeIgniter\Database\BaseConnection->simpleQuery('SELECT surat.id as surat_id, surat.*, truck.* FROM surat INNER JOIN truck ON surat.truck_id = truck.id WHERE surat.id = ')
 4 APPPATH/Controllers/Admin.php(123): CodeIgniter\Database\BaseConnection->query('SELECT surat.id as surat_id, surat.*, truck.* FROM surat INNER JOIN truck ON surat.truck_id = truck.id WHERE surat.id = ')
 5 SYSTEMPATH/CodeIgniter.php(933): App\Controllers\Admin->checker()
 6 SYSTEMPATH/CodeIgniter.php(509): CodeIgniter\CodeIgniter->runController(Object(App\Controllers\Admin))
 7 SYSTEMPATH/CodeIgniter.php(355): CodeIgniter\CodeIgniter->handleRequest(null, Object(Config\Cache), false)
 8 SYSTEMPATH/Boot.php(325): CodeIgniter\CodeIgniter->run()
 9 SYSTEMPATH/Boot.php(67): CodeIgniter\Boot::runCodeIgniter(Object(CodeIgniter\CodeIgniter))
10 FCPATH/index.php(56): CodeIgniter\Boot::bootWeb(Object(Config\Paths))
INFO - 2024-07-04 16:31:36 --> Session: Class initialized using 'CodeIgniter\Session\Handlers\FileHandler' driver.
INFO - 2024-07-04 16:32:33 --> Session: Class initialized using 'CodeIgniter\Session\Handlers\FileHandler' driver.
INFO - 2024-07-04 16:37:13 --> Session: Class initialized using 'CodeIgniter\Session\Handlers\FileHandler' driver.
INFO - 2024-07-04 16:38:19 --> Session: Class initialized using 'CodeIgniter\Session\Handlers\FileHandler' driver.
INFO - 2024-07-04 16:38:38 --> Session: Class initialized using 'CodeIgniter\Session\Handlers\FileHandler' driver.
INFO - 2024-07-04 16:39:13 --> Session: Class initialized using 'CodeIgniter\Session\Handlers\FileHandler' driver.
INFO - 2024-07-04 16:40:33 --> Session: Class initialized using 'CodeIgniter\Session\Handlers\FileHandler' driver.
INFO - 2024-07-04 16:40:35 --> Session: Class initialized using 'CodeIgniter\Session\Handlers\FileHandler' driver.
INFO - 2024-07-04 16:40:38 --> Session: Class initialized using 'CodeIgniter\Session\Handlers\FileHandler' driver.
INFO - 2024-07-04 16:40:52 --> Session: Class initialized using 'CodeIgniter\Session\Handlers\FileHandler' driver.
INFO - 2024-07-04 16:40:59 --> Session: Class initialized using 'CodeIgniter\Session\Handlers\FileHandler' driver.
INFO - 2024-07-04 16:41:01 --> Session: Class initialized using 'CodeIgniter\Session\Handlers\FileHandler' driver.
INFO - 2024-07-04 16:41:27 --> Session: Class initialized using 'CodeIgniter\Session\Handlers\FileHandler' driver.
INFO - 2024-07-04 16:41:33 --> Session: Class initialized using 'CodeIgniter\Session\Handlers\FileHandler' driver.
INFO - 2024-07-04 16:42:15 --> Session: Class initialized using 'CodeIgniter\Session\Handlers\FileHandler' driver.
INFO - 2024-07-04 16:42:18 --> Session: Class initialized using 'CodeIgniter\Session\Handlers\FileHandler' driver.
INFO - 2024-07-04 16:42:47 --> Session: Class initialized using 'CodeIgniter\Session\Handlers\FileHandler' driver.
INFO - 2024-07-04 16:42:52 --> Session: Class initialized using 'CodeIgniter\Session\Handlers\FileHandler' driver.
INFO - 2024-07-04 16:43:29 --> Session: Class initialized using 'CodeIgniter\Session\Handlers\FileHandler' driver.
INFO - 2024-07-04 16:43:30 --> Session: Class initialized using 'CodeIgniter\Session\Handlers\FileHandler' driver.
INFO - 2024-07-04 16:43:32 --> Session: Class initialized using 'CodeIgniter\Session\Handlers\FileHandler' driver.
INFO - 2024-07-04 16:43:37 --> Session: Class initialized using 'CodeIgniter\Session\Handlers\FileHandler' driver.
INFO - 2024-07-04 16:43:43 --> Session: Class initialized using 'CodeIgniter\Session\Handlers\FileHandler' driver.
INFO - 2024-07-04 16:44:03 --> Session: Class initialized using 'CodeIgniter\Session\Handlers\FileHandler' driver.
INFO - 2024-07-04 16:44:04 --> Session: Class initialized using 'CodeIgniter\Session\Handlers\FileHandler' driver.
INFO - 2024-07-04 16:44:06 --> Session: Class initialized using 'CodeIgniter\Session\Handlers\FileHandler' driver.
INFO - 2024-07-04 16:44:09 --> Session: Class initialized using 'CodeIgniter\Session\Handlers\FileHandler' driver.
INFO - 2024-07-04 16:52:13 --> Session: Class initialized using 'CodeIgniter\Session\Handlers\FileHandler' driver.
INFO - 2024-07-04 16:52:17 --> Session: Class initialized using 'CodeIgniter\Session\Handlers\FileHandler' driver.
INFO - 2024-07-04 16:52:25 --> Session: Class initialized using 'CodeIgniter\Session\Handlers\FileHandler' driver.
CRITICAL - 2024-07-04 16:52:25 --> ErrorException: Undefined array key "antrian"
[Method: POST, Route: checker-submit]
in APPPATH/Controllers/Admin.php on line 140.
 1 APPPATH/Controllers/Admin.php(140): CodeIgniter\Debug\Exceptions->errorHandler(2, 'Undefined array key "antrian"', '/Applications/MAMP/htdocs/truck/app/Controllers/Admin.php', 140)
 2 SYSTEMPATH/CodeIgniter.php(933): App\Controllers\Admin->updatesurat()
 3 SYSTEMPATH/CodeIgniter.php(509): CodeIgniter\CodeIgniter->runController(Object(App\Controllers\Admin))
 4 SYSTEMPATH/CodeIgniter.php(355): CodeIgniter\CodeIgniter->handleRequest(null, Object(Config\Cache), false)
 5 SYSTEMPATH/Boot.php(325): CodeIgniter\CodeIgniter->run()
 6 SYSTEMPATH/Boot.php(67): CodeIgniter\Boot::runCodeIgniter(Object(CodeIgniter\CodeIgniter))
 7 FCPATH/index.php(56): CodeIgniter\Boot::bootWeb(Object(Config\Paths))
INFO - 2024-07-04 16:52:44 --> Session: Class initialized using 'CodeIgniter\Session\Handlers\FileHandler' driver.
INFO - 2024-07-04 16:52:47 --> Session: Class initialized using 'CodeIgniter\Session\Handlers\FileHandler' driver.
INFO - 2024-07-04 16:52:52 --> Session: Class initialized using 'CodeIgniter\Session\Handlers\FileHandler' driver.
INFO - 2024-07-04 16:56:17 --> Session: Class initialized using 'CodeIgniter\Session\Handlers\FileHandler' driver.
INFO - 2024-07-04 16:56:21 --> Session: Class initialized using 'CodeIgniter\Session\Handlers\FileHandler' driver.
INFO - 2024-07-04 16:56:31 --> Session: Class initialized using 'CodeIgniter\Session\Handlers\FileHandler' driver.
ERROR - 2024-07-04 16:56:31 --> mysqli_sql_exception: You have an error in your SQL syntax; check the manual that corresponds to your MySQL server version for the right syntax to use near '(antrian, timbangan, waktu_timbang, status) AS ('321','500','2024-07-05T00:56','' at line 1 in /Applications/MAMP/htdocs/truck/system/Database/MySQLi/Connection.php:312
Stack trace:
#0 /Applications/MAMP/htdocs/truck/system/Database/MySQLi/Connection.php(312): mysqli->query('UPDATE surat VA...', 0)
#1 /Applications/MAMP/htdocs/truck/system/Database/BaseConnection.php(734): CodeIgniter\Database\MySQLi\Connection->execute('UPDATE surat VA...')
#2 /Applications/MAMP/htdocs/truck/system/Database/BaseConnection.php(648): CodeIgniter\Database\BaseConnection->simpleQuery('UPDATE surat VA...')
#3 /Applications/MAMP/htdocs/truck/app/Controllers/Admin.php(145): CodeIgniter\Database\BaseConnection->query('UPDATE surat VA...', Array)
#4 /Applications/MAMP/htdocs/truck/system/CodeIgniter.php(933): App\Controllers\Admin->updatesurat()
#5 /Applications/MAMP/htdocs/truck/system/CodeIgniter.php(509): CodeIgniter\CodeIgniter->runController(Object(App\Controllers\Admin))
#6 /Applications/MAMP/htdocs/truck/system/CodeIgniter.php(355): CodeIgniter\CodeIgniter->handleRequest(NULL, Object(Config\Cache), false)
#7 /Applications/MAMP/htdocs/truck/system/Boot.php(325): CodeIgniter\CodeIgniter->run()
#8 /Applications/MAMP/htdocs/truck/system/Boot.php(67): CodeIgniter\Boot::runCodeIgniter(Object(CodeIgniter\CodeIgniter))
#9 /Applications/MAMP/htdocs/truck/index.php(56): CodeIgniter\Boot::bootWeb(Object(Config\Paths))
#10 {main}
CRITICAL - 2024-07-04 16:56:31 --> CodeIgniter\Database\Exceptions\DatabaseException: You have an error in your SQL syntax; check the manual that corresponds to your MySQL server version for the right syntax to use near '(antrian, timbangan, waktu_timbang, status) AS ('321','500','2024-07-05T00:56','' at line 1
[Method: POST, Route: checker-submit]
in SYSTEMPATH/Database/BaseConnection.php on line 688.
 1 APPPATH/Controllers/Admin.php(145): CodeIgniter\Database\BaseConnection->query('UPDATE surat VALUE (antrian, timbangan, waktu_timbang, status) AS (?,?,?,?) WHERE id=1580', [...])
 2 SYSTEMPATH/CodeIgniter.php(933): App\Controllers\Admin->updatesurat()
 3 SYSTEMPATH/CodeIgniter.php(509): CodeIgniter\CodeIgniter->runController(Object(App\Controllers\Admin))
 4 SYSTEMPATH/CodeIgniter.php(355): CodeIgniter\CodeIgniter->handleRequest(null, Object(Config\Cache), false)
 5 SYSTEMPATH/Boot.php(325): CodeIgniter\CodeIgniter->run()
 6 SYSTEMPATH/Boot.php(67): CodeIgniter\Boot::runCodeIgniter(Object(CodeIgniter\CodeIgniter))
 7 FCPATH/index.php(56): CodeIgniter\Boot::bootWeb(Object(Config\Paths))
CRITICAL - 2024-07-04 16:56:31 --> [Caused by] CodeIgniter\Database\Exceptions\DatabaseException: You have an error in your SQL syntax; check the manual that corresponds to your MySQL server version for the right syntax to use near '(antrian, timbangan, waktu_timbang, status) AS ('321','500','2024-07-05T00:56','' at line 1
in SYSTEMPATH/Database/MySQLi/Connection.php on line 317.
 1 SYSTEMPATH/Database/BaseConnection.php(734): CodeIgniter\Database\MySQLi\Connection->execute('UPDATE surat VALUE (antrian, timbangan, waktu_timbang, status) AS (\'321\',\'500\',\'2024-07-05T00:56\',\'selesai\') WHERE id=1580')
 2 SYSTEMPATH/Database/BaseConnection.php(648): CodeIgniter\Database\BaseConnection->simpleQuery('UPDATE surat VALUE (antrian, timbangan, waktu_timbang, status) AS (\'321\',\'500\',\'2024-07-05T00:56\',\'selesai\') WHERE id=1580')
 3 APPPATH/Controllers/Admin.php(145): CodeIgniter\Database\BaseConnection->query('UPDATE surat VALUE (antrian, timbangan, waktu_timbang, status) AS (?,?,?,?) WHERE id=1580', [...])
 4 SYSTEMPATH/CodeIgniter.php(933): App\Controllers\Admin->updatesurat()
 5 SYSTEMPATH/CodeIgniter.php(509): CodeIgniter\CodeIgniter->runController(Object(App\Controllers\Admin))
 6 SYSTEMPATH/CodeIgniter.php(355): CodeIgniter\CodeIgniter->handleRequest(null, Object(Config\Cache), false)
 7 SYSTEMPATH/Boot.php(325): CodeIgniter\CodeIgniter->run()
 8 SYSTEMPATH/Boot.php(67): CodeIgniter\Boot::runCodeIgniter(Object(CodeIgniter\CodeIgniter))
 9 FCPATH/index.php(56): CodeIgniter\Boot::bootWeb(Object(Config\Paths))
CRITICAL - 2024-07-04 16:56:31 --> [Caused by] mysqli_sql_exception: You have an error in your SQL syntax; check the manual that corresponds to your MySQL server version for the right syntax to use near '(antrian, timbangan, waktu_timbang, status) AS ('321','500','2024-07-05T00:56','' at line 1
in SYSTEMPATH/Database/MySQLi/Connection.php on line 312.
 1 SYSTEMPATH/Database/MySQLi/Connection.php(312): mysqli->query('UPDATE surat VALUE (antrian, timbangan, waktu_timbang, status) AS (\'321\',\'500\',\'2024-07-05T00:56\',\'selesai\') WHERE id=1580', 0)
 2 SYSTEMPATH/Database/BaseConnection.php(734): CodeIgniter\Database\MySQLi\Connection->execute('UPDATE surat VALUE (antrian, timbangan, waktu_timbang, status) AS (\'321\',\'500\',\'2024-07-05T00:56\',\'selesai\') WHERE id=1580')
 3 SYSTEMPATH/Database/BaseConnection.php(648): CodeIgniter\Database\BaseConnection->simpleQuery('UPDATE surat VALUE (antrian, timbangan, waktu_timbang, status) AS (\'321\',\'500\',\'2024-07-05T00:56\',\'selesai\') WHERE id=1580')
 4 APPPATH/Controllers/Admin.php(145): CodeIgniter\Database\BaseConnection->query('UPDATE surat VALUE (antrian, timbangan, waktu_timbang, status) AS (?,?,?,?) WHERE id=1580', [...])
 5 SYSTEMPATH/CodeIgniter.php(933): App\Controllers\Admin->updatesurat()
 6 SYSTEMPATH/CodeIgniter.php(509): CodeIgniter\CodeIgniter->runController(Object(App\Controllers\Admin))
 7 SYSTEMPATH/CodeIgniter.php(355): CodeIgniter\CodeIgniter->handleRequest(null, Object(Config\Cache), false)
 8 SYSTEMPATH/Boot.php(325): CodeIgniter\CodeIgniter->run()
 9 SYSTEMPATH/Boot.php(67): CodeIgniter\Boot::runCodeIgniter(Object(CodeIgniter\CodeIgniter))
10 FCPATH/index.php(56): CodeIgniter\Boot::bootWeb(Object(Config\Paths))
INFO - 2024-07-04 16:57:13 --> Session: Class initialized using 'CodeIgniter\Session\Handlers\FileHandler' driver.
INFO - 2024-07-04 16:57:13 --> Session: Class initialized using 'CodeIgniter\Session\Handlers\FileHandler' driver.
INFO - 2024-07-04 16:57:15 --> Session: Class initialized using 'CodeIgniter\Session\Handlers\FileHandler' driver.
INFO - 2024-07-04 16:57:15 --> Session: Class initialized using 'CodeIgniter\Session\Handlers\FileHandler' driver.
INFO - 2024-07-04 16:57:35 --> Session: Class initialized using 'CodeIgniter\Session\Handlers\FileHandler' driver.
INFO - 2024-07-04 16:57:38 --> Session: Class initialized using 'CodeIgniter\Session\Handlers\FileHandler' driver.
INFO - 2024-07-04 16:57:50 --> Session: Class initialized using 'CodeIgniter\Session\Handlers\FileHandler' driver.
INFO - 2024-07-04 16:57:55 --> Session: Class initialized using 'CodeIgniter\Session\Handlers\FileHandler' driver.
INFO - 2024-07-04 16:58:01 --> Session: Class initialized using 'CodeIgniter\Session\Handlers\FileHandler' driver.
INFO - 2024-07-04 16:58:01 --> Session: Class initialized using 'CodeIgniter\Session\Handlers\FileHandler' driver.
INFO - 2024-07-04 16:58:06 --> Session: Class initialized using 'CodeIgniter\Session\Handlers\FileHandler' driver.
INFO - 2024-07-04 16:58:06 --> Session: Class initialized using 'CodeIgniter\Session\Handlers\FileHandler' driver.
INFO - 2024-07-04 16:59:34 --> Session: Class initialized using 'CodeIgniter\Session\Handlers\FileHandler' driver.
INFO - 2024-07-04 16:59:35 --> Session: Class initialized using 'CodeIgniter\Session\Handlers\FileHandler' driver.
INFO - 2024-07-04 16:59:43 --> Session: Class initialized using 'CodeIgniter\Session\Handlers\FileHandler' driver.
INFO - 2024-07-04 16:59:44 --> Session: Class initialized using 'CodeIgniter\Session\Handlers\FileHandler' driver.
INFO - 2024-07-04 17:01:28 --> Session: Class initialized using 'CodeIgniter\Session\Handlers\FileHandler' driver.
INFO - 2024-07-04 17:01:29 --> Session: Class initialized using 'CodeIgniter\Session\Handlers\FileHandler' driver.
INFO - 2024-07-04 17:01:49 --> Session: Class initialized using 'CodeIgniter\Session\Handlers\FileHandler' driver.
INFO - 2024-07-04 17:01:50 --> Session: Class initialized using 'CodeIgniter\Session\Handlers\FileHandler' driver.
INFO - 2024-07-04 17:02:08 --> Session: Class initialized using 'CodeIgniter\Session\Handlers\FileHandler' driver.
INFO - 2024-07-04 17:02:09 --> Session: Class initialized using 'CodeIgniter\Session\Handlers\FileHandler' driver.
INFO - 2024-07-04 17:02:26 --> Session: Class initialized using 'CodeIgniter\Session\Handlers\FileHandler' driver.
INFO - 2024-07-04 17:02:26 --> Session: Class initialized using 'CodeIgniter\Session\Handlers\FileHandler' driver.
INFO - 2024-07-04 17:03:57 --> Session: Class initialized using 'CodeIgniter\Session\Handlers\FileHandler' driver.
INFO - 2024-07-04 17:04:00 --> Session: Class initialized using 'CodeIgniter\Session\Handlers\FileHandler' driver.
INFO - 2024-07-04 17:04:16 --> Session: Class initialized using 'CodeIgniter\Session\Handlers\FileHandler' driver.
INFO - 2024-07-04 17:04:24 --> Session: Class initialized using 'CodeIgniter\Session\Handlers\FileHandler' driver.
INFO - 2024-07-04 17:04:39 --> Session: Class initialized using 'CodeIgniter\Session\Handlers\FileHandler' driver.
INFO - 2024-07-04 17:04:39 --> Session: Class initialized using 'CodeIgniter\Session\Handlers\FileHandler' driver.
INFO - 2024-07-04 17:08:22 --> Session: Class initialized using 'CodeIgniter\Session\Handlers\FileHandler' driver.
INFO - 2024-07-04 17:08:23 --> Session: Class initialized using 'CodeIgniter\Session\Handlers\FileHandler' driver.
INFO - 2024-07-04 17:08:37 --> Session: Class initialized using 'CodeIgniter\Session\Handlers\FileHandler' driver.
INFO - 2024-07-04 17:08:37 --> Session: Class initialized using 'CodeIgniter\Session\Handlers\FileHandler' driver.
INFO - 2024-07-04 17:08:42 --> Session: Class initialized using 'CodeIgniter\Session\Handlers\FileHandler' driver.
CRITICAL - 2024-07-04 17:08:42 --> ErrorException: Undefined variable $session
[Method: GET, Route: users]
in APPPATH/Views/layout/admin.php on line 147.
 1 APPPATH/Views/layout/admin.php(147): CodeIgniter\Debug\Exceptions->errorHandler(2, 'Undefined variable $session', '/Applications/MAMP/htdocs/truck/app/Views/layout/admin.php', 147)
 2 SYSTEMPATH/View/View.php(234): include('/Applications/MAMP/htdocs/truck/app/Views/layout/admin.php')
 3 SYSTEMPATH/View/View.php(237): CodeIgniter\View\View->CodeIgniter\View\{closure}()
 4 SYSTEMPATH/View/View.php(250): CodeIgniter\View\View->render('layout/admin', [], true)
 5 SYSTEMPATH/Common.php(1171): CodeIgniter\View\View->render('admin/users', [], true)
 6 APPPATH/Controllers/Admin.php(112): view('admin/users', [...])
 7 SYSTEMPATH/CodeIgniter.php(933): App\Controllers\Admin->users()
 8 SYSTEMPATH/CodeIgniter.php(509): CodeIgniter\CodeIgniter->runController(Object(App\Controllers\Admin))
 9 SYSTEMPATH/CodeIgniter.php(355): CodeIgniter\CodeIgniter->handleRequest(null, Object(Config\Cache), false)
10 SYSTEMPATH/Boot.php(325): CodeIgniter\CodeIgniter->run()
11 SYSTEMPATH/Boot.php(67): CodeIgniter\Boot::runCodeIgniter(Object(CodeIgniter\CodeIgniter))
12 FCPATH/index.php(56): CodeIgniter\Boot::bootWeb(Object(Config\Paths))
INFO - 2024-07-04 17:09:37 --> Session: Class initialized using 'CodeIgniter\Session\Handlers\FileHandler' driver.
INFO - 2024-07-04 17:09:37 --> Session: Class initialized using 'CodeIgniter\Session\Handlers\FileHandler' driver.
INFO - 2024-07-04 17:09:49 --> Session: Class initialized using 'CodeIgniter\Session\Handlers\FileHandler' driver.
INFO - 2024-07-04 17:09:49 --> Session: Class initialized using 'CodeIgniter\Session\Handlers\FileHandler' driver.
INFO - 2024-07-04 17:09:57 --> Session: Class initialized using 'CodeIgniter\Session\Handlers\FileHandler' driver.
INFO - 2024-07-04 17:09:57 --> Session: Class initialized using 'CodeIgniter\Session\Handlers\FileHandler' driver.
INFO - 2024-07-04 17:09:57 --> Session: Class initialized using 'CodeIgniter\Session\Handlers\FileHandler' driver.
INFO - 2024-07-04 17:10:37 --> Session: Class initialized using 'CodeIgniter\Session\Handlers\FileHandler' driver.
INFO - 2024-07-04 17:10:38 --> Session: Class initialized using 'CodeIgniter\Session\Handlers\FileHandler' driver.
INFO - 2024-07-04 17:10:53 --> Session: Class initialized using 'CodeIgniter\Session\Handlers\FileHandler' driver.
INFO - 2024-07-04 17:10:53 --> Session: Class initialized using 'CodeIgniter\Session\Handlers\FileHandler' driver.
INFO - 2024-07-04 17:11:34 --> Session: Class initialized using 'CodeIgniter\Session\Handlers\FileHandler' driver.
INFO - 2024-07-04 17:11:35 --> Session: Class initialized using 'CodeIgniter\Session\Handlers\FileHandler' driver.
INFO - 2024-07-04 17:13:23 --> Session: Class initialized using 'CodeIgniter\Session\Handlers\FileHandler' driver.
INFO - 2024-07-04 17:13:24 --> Session: Class initialized using 'CodeIgniter\Session\Handlers\FileHandler' driver.
INFO - 2024-07-04 17:13:37 --> Session: Class initialized using 'CodeIgniter\Session\Handlers\FileHandler' driver.
INFO - 2024-07-04 17:13:37 --> Session: Class initialized using 'CodeIgniter\Session\Handlers\FileHandler' driver.
INFO - 2024-07-04 17:13:43 --> Session: Class initialized using 'CodeIgniter\Session\Handlers\FileHandler' driver.
INFO - 2024-07-04 17:13:44 --> Session: Class initialized using 'CodeIgniter\Session\Handlers\FileHandler' driver.
INFO - 2024-07-04 17:13:45 --> Session: Class initialized using 'CodeIgniter\Session\Handlers\FileHandler' driver.
INFO - 2024-07-04 17:15:06 --> Session: Class initialized using 'CodeIgniter\Session\Handlers\FileHandler' driver.
INFO - 2024-07-04 17:15:06 --> Session: Class initialized using 'CodeIgniter\Session\Handlers\FileHandler' driver.
INFO - 2024-07-04 17:15:09 --> Session: Class initialized using 'CodeIgniter\Session\Handlers\FileHandler' driver.
INFO - 2024-07-04 17:15:09 --> Session: Class initialized using 'CodeIgniter\Session\Handlers\FileHandler' driver.
INFO - 2024-07-04 17:15:11 --> Session: Class initialized using 'CodeIgniter\Session\Handlers\FileHandler' driver.
INFO - 2024-07-04 17:15:12 --> Session: Class initialized using 'CodeIgniter\Session\Handlers\FileHandler' driver.
INFO - 2024-07-04 17:15:12 --> Session: Class initialized using 'CodeIgniter\Session\Handlers\FileHandler' driver.
INFO - 2024-07-04 17:15:13 --> Session: Class initialized using 'CodeIgniter\Session\Handlers\FileHandler' driver.
INFO - 2024-07-04 17:15:14 --> Session: Class initialized using 'CodeIgniter\Session\Handlers\FileHandler' driver.
INFO - 2024-07-04 17:15:22 --> Session: Class initialized using 'CodeIgniter\Session\Handlers\FileHandler' driver.
INFO - 2024-07-04 17:15:22 --> Session: Class initialized using 'CodeIgniter\Session\Handlers\FileHandler' driver.
INFO - 2024-07-04 17:15:28 --> Session: Class initialized using 'CodeIgniter\Session\Handlers\FileHandler' driver.
INFO - 2024-07-04 17:15:28 --> Session: Class initialized using 'CodeIgniter\Session\Handlers\FileHandler' driver.
INFO - 2024-07-04 17:15:28 --> Session: Class initialized using 'CodeIgniter\Session\Handlers\FileHandler' driver.
INFO - 2024-07-04 17:15:48 --> Session: Class initialized using 'CodeIgniter\Session\Handlers\FileHandler' driver.
INFO - 2024-07-04 17:15:48 --> Session: Class initialized using 'CodeIgniter\Session\Handlers\FileHandler' driver.
INFO - 2024-07-04 17:16:17 --> Session: Class initialized using 'CodeIgniter\Session\Handlers\FileHandler' driver.
INFO - 2024-07-04 17:16:17 --> Session: Class initialized using 'CodeIgniter\Session\Handlers\FileHandler' driver.
INFO - 2024-07-04 17:17:02 --> Session: Class initialized using 'CodeIgniter\Session\Handlers\FileHandler' driver.
INFO - 2024-07-04 17:17:03 --> Session: Class initialized using 'CodeIgniter\Session\Handlers\FileHandler' driver.
INFO - 2024-07-04 17:18:06 --> Session: Class initialized using 'CodeIgniter\Session\Handlers\FileHandler' driver.
INFO - 2024-07-04 17:18:06 --> Session: Class initialized using 'CodeIgniter\Session\Handlers\FileHandler' driver.
INFO - 2024-07-04 17:18:22 --> Session: Class initialized using 'CodeIgniter\Session\Handlers\FileHandler' driver.
INFO - 2024-07-04 17:18:22 --> Session: Class initialized using 'CodeIgniter\Session\Handlers\FileHandler' driver.
INFO - 2024-07-04 17:18:50 --> Session: Class initialized using 'CodeIgniter\Session\Handlers\FileHandler' driver.
INFO - 2024-07-04 17:18:51 --> Session: Class initialized using 'CodeIgniter\Session\Handlers\FileHandler' driver.
INFO - 2024-07-04 17:19:17 --> Session: Class initialized using 'CodeIgniter\Session\Handlers\FileHandler' driver.
INFO - 2024-07-04 17:19:18 --> Session: Class initialized using 'CodeIgniter\Session\Handlers\FileHandler' driver.
INFO - 2024-07-04 17:21:00 --> Session: Class initialized using 'CodeIgniter\Session\Handlers\FileHandler' driver.
INFO - 2024-07-04 17:21:00 --> Session: Class initialized using 'CodeIgniter\Session\Handlers\FileHandler' driver.
INFO - 2024-07-04 17:21:09 --> Session: Class initialized using 'CodeIgniter\Session\Handlers\FileHandler' driver.
INFO - 2024-07-04 17:21:10 --> Session: Class initialized using 'CodeIgniter\Session\Handlers\FileHandler' driver.
INFO - 2024-07-04 17:21:33 --> Session: Class initialized using 'CodeIgniter\Session\Handlers\FileHandler' driver.
INFO - 2024-07-04 17:21:33 --> Session: Class initialized using 'CodeIgniter\Session\Handlers\FileHandler' driver.
INFO - 2024-07-04 17:25:00 --> Session: Class initialized using 'CodeIgniter\Session\Handlers\FileHandler' driver.
INFO - 2024-07-04 17:25:00 --> Session: Class initialized using 'CodeIgniter\Session\Handlers\FileHandler' driver.
INFO - 2024-07-04 17:25:03 --> Session: Class initialized using 'CodeIgniter\Session\Handlers\FileHandler' driver.
INFO - 2024-07-04 17:25:03 --> Session: Class initialized using 'CodeIgniter\Session\Handlers\FileHandler' driver.
INFO - 2024-07-04 17:25:03 --> Session: Class initialized using 'CodeIgniter\Session\Handlers\FileHandler' driver.
INFO - 2024-07-04 17:25:26 --> Session: Class initialized using 'CodeIgniter\Session\Handlers\FileHandler' driver.
CRITICAL - 2024-07-04 17:25:26 --> ErrorException: Undefined variable $session
[Method: GET, Route: rekap-data]
in APPPATH/Views/admin/rekap.php on line 5.
 1 APPPATH/Views/admin/rekap.php(5): CodeIgniter\Debug\Exceptions->errorHandler(2, 'Undefined variable $session', '/Applications/MAMP/htdocs/truck/app/Views/admin/rekap.php', 5)
 2 SYSTEMPATH/View/View.php(234): include('/Applications/MAMP/htdocs/truck/app/Views/admin/rekap.php')
 3 SYSTEMPATH/View/View.php(237): CodeIgniter\View\View->CodeIgniter\View\{closure}()
 4 SYSTEMPATH/Common.php(1171): CodeIgniter\View\View->render('admin/rekap', [], true)
 5 APPPATH/Controllers/Admin.php(107): view('admin/rekap', [...])
 6 SYSTEMPATH/CodeIgniter.php(933): App\Controllers\Admin->rekapdata()
 7 SYSTEMPATH/CodeIgniter.php(509): CodeIgniter\CodeIgniter->runController(Object(App\Controllers\Admin))
 8 SYSTEMPATH/CodeIgniter.php(355): CodeIgniter\CodeIgniter->handleRequest(null, Object(Config\Cache), false)
 9 SYSTEMPATH/Boot.php(325): CodeIgniter\CodeIgniter->run()
10 SYSTEMPATH/Boot.php(67): CodeIgniter\Boot::runCodeIgniter(Object(CodeIgniter\CodeIgniter))
11 FCPATH/index.php(56): CodeIgniter\Boot::bootWeb(Object(Config\Paths))
INFO - 2024-07-04 17:25:43 --> Session: Class initialized using 'CodeIgniter\Session\Handlers\FileHandler' driver.
CRITICAL - 2024-07-04 17:25:43 --> ErrorException: Undefined variable $session
[Method: GET, Route: rekap-data]
in APPPATH/Controllers/Admin.php on line 107.
 1 APPPATH/Controllers/Admin.php(107): CodeIgniter\Debug\Exceptions->errorHandler(2, 'Undefined variable $session', '/Applications/MAMP/htdocs/truck/app/Controllers/Admin.php', 107)
 2 SYSTEMPATH/CodeIgniter.php(933): App\Controllers\Admin->rekapdata()
 3 SYSTEMPATH/CodeIgniter.php(509): CodeIgniter\CodeIgniter->runController(Object(App\Controllers\Admin))
 4 SYSTEMPATH/CodeIgniter.php(355): CodeIgniter\CodeIgniter->handleRequest(null, Object(Config\Cache), false)
 5 SYSTEMPATH/Boot.php(325): CodeIgniter\CodeIgniter->run()
 6 SYSTEMPATH/Boot.php(67): CodeIgniter\Boot::runCodeIgniter(Object(CodeIgniter\CodeIgniter))
 7 FCPATH/index.php(56): CodeIgniter\Boot::bootWeb(Object(Config\Paths))
INFO - 2024-07-04 17:25:52 --> Session: Class initialized using 'CodeIgniter\Session\Handlers\FileHandler' driver.
INFO - 2024-07-04 17:25:53 --> Session: Class initialized using 'CodeIgniter\Session\Handlers\FileHandler' driver.
INFO - 2024-07-04 17:25:55 --> Session: Class initialized using 'CodeIgniter\Session\Handlers\FileHandler' driver.
INFO - 2024-07-04 17:25:55 --> Session: Class initialized using 'CodeIgniter\Session\Handlers\FileHandler' driver.
INFO - 2024-07-04 17:25:55 --> Session: Class initialized using 'CodeIgniter\Session\Handlers\FileHandler' driver.
INFO - 2024-07-04 17:26:49 --> Session: Class initialized using 'CodeIgniter\Session\Handlers\FileHandler' driver.
INFO - 2024-07-04 17:26:49 --> Session: Class initialized using 'CodeIgniter\Session\Handlers\FileHandler' driver.
INFO - 2024-07-04 17:26:49 --> Session: Class initialized using 'CodeIgniter\Session\Handlers\FileHandler' driver.
INFO - 2024-07-04 17:27:11 --> Session: Class initialized using 'CodeIgniter\Session\Handlers\FileHandler' driver.
INFO - 2024-07-04 17:27:12 --> Session: Class initialized using 'CodeIgniter\Session\Handlers\FileHandler' driver.
INFO - 2024-07-04 17:27:13 --> Session: Class initialized using 'CodeIgniter\Session\Handlers\FileHandler' driver.
INFO - 2024-07-04 17:27:14 --> Session: Class initialized using 'CodeIgniter\Session\Handlers\FileHandler' driver.
INFO - 2024-07-04 17:27:14 --> Session: Class initialized using 'CodeIgniter\Session\Handlers\FileHandler' driver.
INFO - 2024-07-04 17:30:33 --> Session: Class initialized using 'CodeIgniter\Session\Handlers\FileHandler' driver.
INFO - 2024-07-04 17:30:34 --> Session: Class initialized using 'CodeIgniter\Session\Handlers\FileHandler' driver.
INFO - 2024-07-04 17:30:58 --> Session: Class initialized using 'CodeIgniter\Session\Handlers\FileHandler' driver.
INFO - 2024-07-04 17:30:59 --> Session: Class initialized using 'CodeIgniter\Session\Handlers\FileHandler' driver.
INFO - 2024-07-04 17:33:01 --> Session: Class initialized using 'CodeIgniter\Session\Handlers\FileHandler' driver.
INFO - 2024-07-04 17:33:01 --> Session: Class initialized using 'CodeIgniter\Session\Handlers\FileHandler' driver.
INFO - 2024-07-04 17:34:24 --> Session: Class initialized using 'CodeIgniter\Session\Handlers\FileHandler' driver.
INFO - 2024-07-04 17:34:24 --> Session: Class initialized using 'CodeIgniter\Session\Handlers\FileHandler' driver.
INFO - 2024-07-04 17:34:41 --> Session: Class initialized using 'CodeIgniter\Session\Handlers\FileHandler' driver.
INFO - 2024-07-04 17:34:42 --> Session: Class initialized using 'CodeIgniter\Session\Handlers\FileHandler' driver.
INFO - 2024-07-04 17:35:52 --> Session: Class initialized using 'CodeIgniter\Session\Handlers\FileHandler' driver.
INFO - 2024-07-04 17:35:52 --> Session: Class initialized using 'CodeIgniter\Session\Handlers\FileHandler' driver.
INFO - 2024-07-04 17:36:15 --> Session: Class initialized using 'CodeIgniter\Session\Handlers\FileHandler' driver.
INFO - 2024-07-04 17:36:15 --> Session: Class initialized using 'CodeIgniter\Session\Handlers\FileHandler' driver.
INFO - 2024-07-04 17:36:38 --> Session: Class initialized using 'CodeIgniter\Session\Handlers\FileHandler' driver.
INFO - 2024-07-04 17:36:39 --> Session: Class initialized using 'CodeIgniter\Session\Handlers\FileHandler' driver.
INFO - 2024-07-04 17:37:05 --> Session: Class initialized using 'CodeIgniter\Session\Handlers\FileHandler' driver.
INFO - 2024-07-04 17:37:06 --> Session: Class initialized using 'CodeIgniter\Session\Handlers\FileHandler' driver.
INFO - 2024-07-04 17:37:21 --> Session: Class initialized using 'CodeIgniter\Session\Handlers\FileHandler' driver.
INFO - 2024-07-04 17:37:21 --> Session: Class initialized using 'CodeIgniter\Session\Handlers\FileHandler' driver.
INFO - 2024-07-04 17:38:48 --> Session: Class initialized using 'CodeIgniter\Session\Handlers\FileHandler' driver.
INFO - 2024-07-04 17:38:48 --> Session: Class initialized using 'CodeIgniter\Session\Handlers\FileHandler' driver.
INFO - 2024-07-04 17:39:05 --> Session: Class initialized using 'CodeIgniter\Session\Handlers\FileHandler' driver.
INFO - 2024-07-04 17:39:06 --> Session: Class initialized using 'CodeIgniter\Session\Handlers\FileHandler' driver.
INFO - 2024-07-04 17:39:30 --> Session: Class initialized using 'CodeIgniter\Session\Handlers\FileHandler' driver.
INFO - 2024-07-04 17:39:31 --> Session: Class initialized using 'CodeIgniter\Session\Handlers\FileHandler' driver.
INFO - 2024-07-04 17:39:37 --> Session: Class initialized using 'CodeIgniter\Session\Handlers\FileHandler' driver.
INFO - 2024-07-04 17:39:38 --> Session: Class initialized using 'CodeIgniter\Session\Handlers\FileHandler' driver.
INFO - 2024-07-04 17:40:13 --> Session: Class initialized using 'CodeIgniter\Session\Handlers\FileHandler' driver.
INFO - 2024-07-04 17:40:14 --> Session: Class initialized using 'CodeIgniter\Session\Handlers\FileHandler' driver.
INFO - 2024-07-04 17:41:29 --> Session: Class initialized using 'CodeIgniter\Session\Handlers\FileHandler' driver.
INFO - 2024-07-04 17:41:30 --> Session: Class initialized using 'CodeIgniter\Session\Handlers\FileHandler' driver.
INFO - 2024-07-04 17:41:56 --> Session: Class initialized using 'CodeIgniter\Session\Handlers\FileHandler' driver.
INFO - 2024-07-04 17:41:56 --> Session: Class initialized using 'CodeIgniter\Session\Handlers\FileHandler' driver.
INFO - 2024-07-04 17:42:57 --> Session: Class initialized using 'CodeIgniter\Session\Handlers\FileHandler' driver.
INFO - 2024-07-04 17:42:58 --> Session: Class initialized using 'CodeIgniter\Session\Handlers\FileHandler' driver.
INFO - 2024-07-04 17:45:22 --> Session: Class initialized using 'CodeIgniter\Session\Handlers\FileHandler' driver.
INFO - 2024-07-04 17:45:22 --> Session: Class initialized using 'CodeIgniter\Session\Handlers\FileHandler' driver.
INFO - 2024-07-04 17:47:55 --> Session: Class initialized using 'CodeIgniter\Session\Handlers\FileHandler' driver.
INFO - 2024-07-04 17:47:55 --> Session: Class initialized using 'CodeIgniter\Session\Handlers\FileHandler' driver.
INFO - 2024-07-04 17:48:16 --> Session: Class initialized using 'CodeIgniter\Session\Handlers\FileHandler' driver.
INFO - 2024-07-04 17:48:16 --> Session: Class initialized using 'CodeIgniter\Session\Handlers\FileHandler' driver.
INFO - 2024-07-04 17:48:22 --> Session: Class initialized using 'CodeIgniter\Session\Handlers\FileHandler' driver.
INFO - 2024-07-04 17:48:22 --> Session: Class initialized using 'CodeIgniter\Session\Handlers\FileHandler' driver.
INFO - 2024-07-04 17:48:33 --> Session: Class initialized using 'CodeIgniter\Session\Handlers\FileHandler' driver.
INFO - 2024-07-04 17:48:33 --> Session: Class initialized using 'CodeIgniter\Session\Handlers\FileHandler' driver.
INFO - 2024-07-04 17:49:15 --> Session: Class initialized using 'CodeIgniter\Session\Handlers\FileHandler' driver.
CRITICAL - 2024-07-04 18:04:24 --> Error: Cannot use object of type stdClass as array
[Method: POST, Route: get-rekap-data-api]
in APPPATH/Controllers/Admin.php on line 160.
 1 SYSTEMPATH/CodeIgniter.php(933): App\Controllers\Admin->getRekapData()
 2 SYSTEMPATH/CodeIgniter.php(509): CodeIgniter\CodeIgniter->runController(Object(App\Controllers\Admin))
 3 SYSTEMPATH/CodeIgniter.php(355): CodeIgniter\CodeIgniter->handleRequest(null, Object(Config\Cache), false)
 4 SYSTEMPATH/Boot.php(325): CodeIgniter\CodeIgniter->run()
 5 SYSTEMPATH/Boot.php(67): CodeIgniter\Boot::runCodeIgniter(Object(CodeIgniter\CodeIgniter))
 6 FCPATH/index.php(56): CodeIgniter\Boot::bootWeb(Object(Config\Paths))
CRITICAL - 2024-07-04 18:05:56 --> Error: Cannot use object of type stdClass as array
[Method: POST, Route: get-rekap-data-api]
in APPPATH/Controllers/Admin.php on line 160.
 1 SYSTEMPATH/CodeIgniter.php(933): App\Controllers\Admin->getRekapData()
 2 SYSTEMPATH/CodeIgniter.php(509): CodeIgniter\CodeIgniter->runController(Object(App\Controllers\Admin))
 3 SYSTEMPATH/CodeIgniter.php(355): CodeIgniter\CodeIgniter->handleRequest(null, Object(Config\Cache), false)
 4 SYSTEMPATH/Boot.php(325): CodeIgniter\CodeIgniter->run()
 5 SYSTEMPATH/Boot.php(67): CodeIgniter\Boot::runCodeIgniter(Object(CodeIgniter\CodeIgniter))
 6 FCPATH/index.php(56): CodeIgniter\Boot::bootWeb(Object(Config\Paths))
CRITICAL - 2024-07-04 18:06:04 --> Error: Cannot use object of type stdClass as array
[Method: POST, Route: get-rekap-data-api]
in APPPATH/Controllers/Admin.php on line 160.
 1 SYSTEMPATH/CodeIgniter.php(933): App\Controllers\Admin->getRekapData()
 2 SYSTEMPATH/CodeIgniter.php(509): CodeIgniter\CodeIgniter->runController(Object(App\Controllers\Admin))
 3 SYSTEMPATH/CodeIgniter.php(355): CodeIgniter\CodeIgniter->handleRequest(null, Object(Config\Cache), false)
 4 SYSTEMPATH/Boot.php(325): CodeIgniter\CodeIgniter->run()
 5 SYSTEMPATH/Boot.php(67): CodeIgniter\Boot::runCodeIgniter(Object(CodeIgniter\CodeIgniter))
 6 FCPATH/index.php(56): CodeIgniter\Boot::bootWeb(Object(Config\Paths))
CRITICAL - 2024-07-04 18:06:33 --> Error: Cannot use object of type stdClass as array
[Method: POST, Route: get-rekap-data-api]
in APPPATH/Controllers/Admin.php on line 160.
 1 SYSTEMPATH/CodeIgniter.php(933): App\Controllers\Admin->getRekapData()
 2 SYSTEMPATH/CodeIgniter.php(509): CodeIgniter\CodeIgniter->runController(Object(App\Controllers\Admin))
 3 SYSTEMPATH/CodeIgniter.php(355): CodeIgniter\CodeIgniter->handleRequest(null, Object(Config\Cache), false)
 4 SYSTEMPATH/Boot.php(325): CodeIgniter\CodeIgniter->run()
 5 SYSTEMPATH/Boot.php(67): CodeIgniter\Boot::runCodeIgniter(Object(CodeIgniter\CodeIgniter))
 6 FCPATH/index.php(56): CodeIgniter\Boot::bootWeb(Object(Config\Paths))
ERROR - 2024-07-04 18:12:19 --> mysqli_sql_exception: You have an error in your SQL syntax; check the manual that corresponds to your MySQL server version for the right syntax to use near ':00 AND 2024-07-01T23:59' at line 1 in /Applications/MAMP/htdocs/truck/system/Database/MySQLi/Connection.php:312
Stack trace:
#0 /Applications/MAMP/htdocs/truck/system/Database/MySQLi/Connection.php(312): mysqli->query('SELECT surat.id...', 0)
#1 /Applications/MAMP/htdocs/truck/system/Database/BaseConnection.php(734): CodeIgniter\Database\MySQLi\Connection->execute('SELECT surat.id...')
#2 /Applications/MAMP/htdocs/truck/system/Database/BaseConnection.php(648): CodeIgniter\Database\BaseConnection->simpleQuery('SELECT surat.id...')
#3 /Applications/MAMP/htdocs/truck/app/Controllers/Admin.php(171): CodeIgniter\Database\BaseConnection->query('SELECT surat.id...')
#4 /Applications/MAMP/htdocs/truck/system/CodeIgniter.php(933): App\Controllers\Admin->getRekapData()
#5 /Applications/MAMP/htdocs/truck/system/CodeIgniter.php(509): CodeIgniter\CodeIgniter->runController(Object(App\Controllers\Admin))
#6 /Applications/MAMP/htdocs/truck/system/CodeIgniter.php(355): CodeIgniter\CodeIgniter->handleRequest(NULL, Object(Config\Cache), false)
#7 /Applications/MAMP/htdocs/truck/system/Boot.php(325): CodeIgniter\CodeIgniter->run()
#8 /Applications/MAMP/htdocs/truck/system/Boot.php(67): CodeIgniter\Boot::runCodeIgniter(Object(CodeIgniter\CodeIgniter))
#9 /Applications/MAMP/htdocs/truck/index.php(56): CodeIgniter\Boot::bootWeb(Object(Config\Paths))
#10 {main}
CRITICAL - 2024-07-04 18:12:19 --> CodeIgniter\Database\Exceptions\DatabaseException: You have an error in your SQL syntax; check the manual that corresponds to your MySQL server version for the right syntax to use near ':00 AND 2024-07-01T23:59' at line 1
[Method: POST, Route: get-rekap-data-api]
in SYSTEMPATH/Database/BaseConnection.php on line 688.
 1 APPPATH/Controllers/Admin.php(171): CodeIgniter\Database\BaseConnection->query('SELECT surat.id as surat_id, surat.*,truck.* FROM surat INNER JOIN truck ON surat.truck_id = truck.id WHERE berangkat BETWEEN 2024-06-23T00:00 AND 2024-07-01T23:59')
 2 SYSTEMPATH/CodeIgniter.php(933): App\Controllers\Admin->getRekapData()
 3 SYSTEMPATH/CodeIgniter.php(509): CodeIgniter\CodeIgniter->runController(Object(App\Controllers\Admin))
 4 SYSTEMPATH/CodeIgniter.php(355): CodeIgniter\CodeIgniter->handleRequest(null, Object(Config\Cache), false)
 5 SYSTEMPATH/Boot.php(325): CodeIgniter\CodeIgniter->run()
 6 SYSTEMPATH/Boot.php(67): CodeIgniter\Boot::runCodeIgniter(Object(CodeIgniter\CodeIgniter))
 7 FCPATH/index.php(56): CodeIgniter\Boot::bootWeb(Object(Config\Paths))
CRITICAL - 2024-07-04 18:12:19 --> [Caused by] CodeIgniter\Database\Exceptions\DatabaseException: You have an error in your SQL syntax; check the manual that corresponds to your MySQL server version for the right syntax to use near ':00 AND 2024-07-01T23:59' at line 1
in SYSTEMPATH/Database/MySQLi/Connection.php on line 317.
 1 SYSTEMPATH/Database/BaseConnection.php(734): CodeIgniter\Database\MySQLi\Connection->execute('SELECT surat.id as surat_id, surat.*,truck.* FROM surat INNER JOIN truck ON surat.truck_id = truck.id WHERE berangkat BETWEEN 2024-06-23T00:00 AND 2024-07-01T23:59')
 2 SYSTEMPATH/Database/BaseConnection.php(648): CodeIgniter\Database\BaseConnection->simpleQuery('SELECT surat.id as surat_id, surat.*,truck.* FROM surat INNER JOIN truck ON surat.truck_id = truck.id WHERE berangkat BETWEEN 2024-06-23T00:00 AND 2024-07-01T23:59')
 3 APPPATH/Controllers/Admin.php(171): CodeIgniter\Database\BaseConnection->query('SELECT surat.id as surat_id, surat.*,truck.* FROM surat INNER JOIN truck ON surat.truck_id = truck.id WHERE berangkat BETWEEN 2024-06-23T00:00 AND 2024-07-01T23:59')
 4 SYSTEMPATH/CodeIgniter.php(933): App\Controllers\Admin->getRekapData()
 5 SYSTEMPATH/CodeIgniter.php(509): CodeIgniter\CodeIgniter->runController(Object(App\Controllers\Admin))
 6 SYSTEMPATH/CodeIgniter.php(355): CodeIgniter\CodeIgniter->handleRequest(null, Object(Config\Cache), false)
 7 SYSTEMPATH/Boot.php(325): CodeIgniter\CodeIgniter->run()
 8 SYSTEMPATH/Boot.php(67): CodeIgniter\Boot::runCodeIgniter(Object(CodeIgniter\CodeIgniter))
 9 FCPATH/index.php(56): CodeIgniter\Boot::bootWeb(Object(Config\Paths))
CRITICAL - 2024-07-04 18:12:19 --> [Caused by] mysqli_sql_exception: You have an error in your SQL syntax; check the manual that corresponds to your MySQL server version for the right syntax to use near ':00 AND 2024-07-01T23:59' at line 1
in SYSTEMPATH/Database/MySQLi/Connection.php on line 312.
 1 SYSTEMPATH/Database/MySQLi/Connection.php(312): mysqli->query('SELECT surat.id as surat_id, surat.*,truck.* FROM surat INNER JOIN truck ON surat.truck_id = truck.id WHERE berangkat BETWEEN 2024-06-23T00:00 AND 2024-07-01T23:59', 0)
 2 SYSTEMPATH/Database/BaseConnection.php(734): CodeIgniter\Database\MySQLi\Connection->execute('SELECT surat.id as surat_id, surat.*,truck.* FROM surat INNER JOIN truck ON surat.truck_id = truck.id WHERE berangkat BETWEEN 2024-06-23T00:00 AND 2024-07-01T23:59')
 3 SYSTEMPATH/Database/BaseConnection.php(648): CodeIgniter\Database\BaseConnection->simpleQuery('SELECT surat.id as surat_id, surat.*,truck.* FROM surat INNER JOIN truck ON surat.truck_id = truck.id WHERE berangkat BETWEEN 2024-06-23T00:00 AND 2024-07-01T23:59')
 4 APPPATH/Controllers/Admin.php(171): CodeIgniter\Database\BaseConnection->query('SELECT surat.id as surat_id, surat.*,truck.* FROM surat INNER JOIN truck ON surat.truck_id = truck.id WHERE berangkat BETWEEN 2024-06-23T00:00 AND 2024-07-01T23:59')
 5 SYSTEMPATH/CodeIgniter.php(933): App\Controllers\Admin->getRekapData()
 6 SYSTEMPATH/CodeIgniter.php(509): CodeIgniter\CodeIgniter->runController(Object(App\Controllers\Admin))
 7 SYSTEMPATH/CodeIgniter.php(355): CodeIgniter\CodeIgniter->handleRequest(null, Object(Config\Cache), false)
 8 SYSTEMPATH/Boot.php(325): CodeIgniter\CodeIgniter->run()
 9 SYSTEMPATH/Boot.php(67): CodeIgniter\Boot::runCodeIgniter(Object(CodeIgniter\CodeIgniter))
10 FCPATH/index.php(56): CodeIgniter\Boot::bootWeb(Object(Config\Paths))
ERROR - 2024-07-04 18:14:07 --> mysqli_sql_exception: You have an error in your SQL syntax; check the manual that corresponds to your MySQL server version for the right syntax to use near ':00 AND 2024-07-01T23:59' at line 1 in /Applications/MAMP/htdocs/truck/system/Database/MySQLi/Connection.php:312
Stack trace:
#0 /Applications/MAMP/htdocs/truck/system/Database/MySQLi/Connection.php(312): mysqli->query('SELECT surat.id...', 0)
#1 /Applications/MAMP/htdocs/truck/system/Database/BaseConnection.php(734): CodeIgniter\Database\MySQLi\Connection->execute('SELECT surat.id...')
#2 /Applications/MAMP/htdocs/truck/system/Database/BaseConnection.php(648): CodeIgniter\Database\BaseConnection->simpleQuery('SELECT surat.id...')
#3 /Applications/MAMP/htdocs/truck/app/Controllers/Admin.php(171): CodeIgniter\Database\BaseConnection->query('SELECT surat.id...')
#4 /Applications/MAMP/htdocs/truck/system/CodeIgniter.php(933): App\Controllers\Admin->getRekapData()
#5 /Applications/MAMP/htdocs/truck/system/CodeIgniter.php(509): CodeIgniter\CodeIgniter->runController(Object(App\Controllers\Admin))
#6 /Applications/MAMP/htdocs/truck/system/CodeIgniter.php(355): CodeIgniter\CodeIgniter->handleRequest(NULL, Object(Config\Cache), false)
#7 /Applications/MAMP/htdocs/truck/system/Boot.php(325): CodeIgniter\CodeIgniter->run()
#8 /Applications/MAMP/htdocs/truck/system/Boot.php(67): CodeIgniter\Boot::runCodeIgniter(Object(CodeIgniter\CodeIgniter))
#9 /Applications/MAMP/htdocs/truck/index.php(56): CodeIgniter\Boot::bootWeb(Object(Config\Paths))
#10 {main}
CRITICAL - 2024-07-04 18:14:07 --> CodeIgniter\Database\Exceptions\DatabaseException: You have an error in your SQL syntax; check the manual that corresponds to your MySQL server version for the right syntax to use near ':00 AND 2024-07-01T23:59' at line 1
[Method: POST, Route: get-rekap-data-api]
in SYSTEMPATH/Database/BaseConnection.php on line 688.
 1 APPPATH/Controllers/Admin.php(171): CodeIgniter\Database\BaseConnection->query('SELECT surat.id as surat_id, surat.*,truck.* FROM surat INNER JOIN truck ON surat.truck_id = truck.id WHERE jam_tanggal BETWEEN 2024-06-05T00:00 AND 2024-07-01T23:59')
 2 SYSTEMPATH/CodeIgniter.php(933): App\Controllers\Admin->getRekapData()
 3 SYSTEMPATH/CodeIgniter.php(509): CodeIgniter\CodeIgniter->runController(Object(App\Controllers\Admin))
 4 SYSTEMPATH/CodeIgniter.php(355): CodeIgniter\CodeIgniter->handleRequest(null, Object(Config\Cache), false)
 5 SYSTEMPATH/Boot.php(325): CodeIgniter\CodeIgniter->run()
 6 SYSTEMPATH/Boot.php(67): CodeIgniter\Boot::runCodeIgniter(Object(CodeIgniter\CodeIgniter))
 7 FCPATH/index.php(56): CodeIgniter\Boot::bootWeb(Object(Config\Paths))
CRITICAL - 2024-07-04 18:14:07 --> [Caused by] CodeIgniter\Database\Exceptions\DatabaseException: You have an error in your SQL syntax; check the manual that corresponds to your MySQL server version for the right syntax to use near ':00 AND 2024-07-01T23:59' at line 1
in SYSTEMPATH/Database/MySQLi/Connection.php on line 317.
 1 SYSTEMPATH/Database/BaseConnection.php(734): CodeIgniter\Database\MySQLi\Connection->execute('SELECT surat.id as surat_id, surat.*,truck.* FROM surat INNER JOIN truck ON surat.truck_id = truck.id WHERE jam_tanggal BETWEEN 2024-06-05T00:00 AND 2024-07-01T23:59')
 2 SYSTEMPATH/Database/BaseConnection.php(648): CodeIgniter\Database\BaseConnection->simpleQuery('SELECT surat.id as surat_id, surat.*,truck.* FROM surat INNER JOIN truck ON surat.truck_id = truck.id WHERE jam_tanggal BETWEEN 2024-06-05T00:00 AND 2024-07-01T23:59')
 3 APPPATH/Controllers/Admin.php(171): CodeIgniter\Database\BaseConnection->query('SELECT surat.id as surat_id, surat.*,truck.* FROM surat INNER JOIN truck ON surat.truck_id = truck.id WHERE jam_tanggal BETWEEN 2024-06-05T00:00 AND 2024-07-01T23:59')
 4 SYSTEMPATH/CodeIgniter.php(933): App\Controllers\Admin->getRekapData()
 5 SYSTEMPATH/CodeIgniter.php(509): CodeIgniter\CodeIgniter->runController(Object(App\Controllers\Admin))
 6 SYSTEMPATH/CodeIgniter.php(355): CodeIgniter\CodeIgniter->handleRequest(null, Object(Config\Cache), false)
 7 SYSTEMPATH/Boot.php(325): CodeIgniter\CodeIgniter->run()
 8 SYSTEMPATH/Boot.php(67): CodeIgniter\Boot::runCodeIgniter(Object(CodeIgniter\CodeIgniter))
 9 FCPATH/index.php(56): CodeIgniter\Boot::bootWeb(Object(Config\Paths))
CRITICAL - 2024-07-04 18:14:07 --> [Caused by] mysqli_sql_exception: You have an error in your SQL syntax; check the manual that corresponds to your MySQL server version for the right syntax to use near ':00 AND 2024-07-01T23:59' at line 1
in SYSTEMPATH/Database/MySQLi/Connection.php on line 312.
 1 SYSTEMPATH/Database/MySQLi/Connection.php(312): mysqli->query('SELECT surat.id as surat_id, surat.*,truck.* FROM surat INNER JOIN truck ON surat.truck_id = truck.id WHERE jam_tanggal BETWEEN 2024-06-05T00:00 AND 2024-07-01T23:59', 0)
 2 SYSTEMPATH/Database/BaseConnection.php(734): CodeIgniter\Database\MySQLi\Connection->execute('SELECT surat.id as surat_id, surat.*,truck.* FROM surat INNER JOIN truck ON surat.truck_id = truck.id WHERE jam_tanggal BETWEEN 2024-06-05T00:00 AND 2024-07-01T23:59')
 3 SYSTEMPATH/Database/BaseConnection.php(648): CodeIgniter\Database\BaseConnection->simpleQuery('SELECT surat.id as surat_id, surat.*,truck.* FROM surat INNER JOIN truck ON surat.truck_id = truck.id WHERE jam_tanggal BETWEEN 2024-06-05T00:00 AND 2024-07-01T23:59')
 4 APPPATH/Controllers/Admin.php(171): CodeIgniter\Database\BaseConnection->query('SELECT surat.id as surat_id, surat.*,truck.* FROM surat INNER JOIN truck ON surat.truck_id = truck.id WHERE jam_tanggal BETWEEN 2024-06-05T00:00 AND 2024-07-01T23:59')
 5 SYSTEMPATH/CodeIgniter.php(933): App\Controllers\Admin->getRekapData()
 6 SYSTEMPATH/CodeIgniter.php(509): CodeIgniter\CodeIgniter->runController(Object(App\Controllers\Admin))
 7 SYSTEMPATH/CodeIgniter.php(355): CodeIgniter\CodeIgniter->handleRequest(null, Object(Config\Cache), false)
 8 SYSTEMPATH/Boot.php(325): CodeIgniter\CodeIgniter->run()
 9 SYSTEMPATH/Boot.php(67): CodeIgniter\Boot::runCodeIgniter(Object(CodeIgniter\CodeIgniter))
10 FCPATH/index.php(56): CodeIgniter\Boot::bootWeb(Object(Config\Paths))
ERROR - 2024-07-04 18:14:08 --> mysqli_sql_exception: You have an error in your SQL syntax; check the manual that corresponds to your MySQL server version for the right syntax to use near ':00 AND 2024-07-01T23:59' at line 1 in /Applications/MAMP/htdocs/truck/system/Database/MySQLi/Connection.php:312
Stack trace:
#0 /Applications/MAMP/htdocs/truck/system/Database/MySQLi/Connection.php(312): mysqli->query('SELECT surat.id...', 0)
#1 /Applications/MAMP/htdocs/truck/system/Database/BaseConnection.php(734): CodeIgniter\Database\MySQLi\Connection->execute('SELECT surat.id...')
#2 /Applications/MAMP/htdocs/truck/system/Database/BaseConnection.php(648): CodeIgniter\Database\BaseConnection->simpleQuery('SELECT surat.id...')
#3 /Applications/MAMP/htdocs/truck/app/Controllers/Admin.php(171): CodeIgniter\Database\BaseConnection->query('SELECT surat.id...')
#4 /Applications/MAMP/htdocs/truck/system/CodeIgniter.php(933): App\Controllers\Admin->getRekapData()
#5 /Applications/MAMP/htdocs/truck/system/CodeIgniter.php(509): CodeIgniter\CodeIgniter->runController(Object(App\Controllers\Admin))
#6 /Applications/MAMP/htdocs/truck/system/CodeIgniter.php(355): CodeIgniter\CodeIgniter->handleRequest(NULL, Object(Config\Cache), false)
#7 /Applications/MAMP/htdocs/truck/system/Boot.php(325): CodeIgniter\CodeIgniter->run()
#8 /Applications/MAMP/htdocs/truck/system/Boot.php(67): CodeIgniter\Boot::runCodeIgniter(Object(CodeIgniter\CodeIgniter))
#9 /Applications/MAMP/htdocs/truck/index.php(56): CodeIgniter\Boot::bootWeb(Object(Config\Paths))
#10 {main}
CRITICAL - 2024-07-04 18:14:08 --> CodeIgniter\Database\Exceptions\DatabaseException: You have an error in your SQL syntax; check the manual that corresponds to your MySQL server version for the right syntax to use near ':00 AND 2024-07-01T23:59' at line 1
[Method: POST, Route: get-rekap-data-api]
in SYSTEMPATH/Database/BaseConnection.php on line 688.
 1 APPPATH/Controllers/Admin.php(171): CodeIgniter\Database\BaseConnection->query('SELECT surat.id as surat_id, surat.*,truck.* FROM surat INNER JOIN truck ON surat.truck_id = truck.id WHERE jam_tanggal BETWEEN 2024-06-05T00:00 AND 2024-07-01T23:59')
 2 SYSTEMPATH/CodeIgniter.php(933): App\Controllers\Admin->getRekapData()
 3 SYSTEMPATH/CodeIgniter.php(509): CodeIgniter\CodeIgniter->runController(Object(App\Controllers\Admin))
 4 SYSTEMPATH/CodeIgniter.php(355): CodeIgniter\CodeIgniter->handleRequest(null, Object(Config\Cache), false)
 5 SYSTEMPATH/Boot.php(325): CodeIgniter\CodeIgniter->run()
 6 SYSTEMPATH/Boot.php(67): CodeIgniter\Boot::runCodeIgniter(Object(CodeIgniter\CodeIgniter))
 7 FCPATH/index.php(56): CodeIgniter\Boot::bootWeb(Object(Config\Paths))
CRITICAL - 2024-07-04 18:14:08 --> [Caused by] CodeIgniter\Database\Exceptions\DatabaseException: You have an error in your SQL syntax; check the manual that corresponds to your MySQL server version for the right syntax to use near ':00 AND 2024-07-01T23:59' at line 1
in SYSTEMPATH/Database/MySQLi/Connection.php on line 317.
 1 SYSTEMPATH/Database/BaseConnection.php(734): CodeIgniter\Database\MySQLi\Connection->execute('SELECT surat.id as surat_id, surat.*,truck.* FROM surat INNER JOIN truck ON surat.truck_id = truck.id WHERE jam_tanggal BETWEEN 2024-06-05T00:00 AND 2024-07-01T23:59')
 2 SYSTEMPATH/Database/BaseConnection.php(648): CodeIgniter\Database\BaseConnection->simpleQuery('SELECT surat.id as surat_id, surat.*,truck.* FROM surat INNER JOIN truck ON surat.truck_id = truck.id WHERE jam_tanggal BETWEEN 2024-06-05T00:00 AND 2024-07-01T23:59')
 3 APPPATH/Controllers/Admin.php(171): CodeIgniter\Database\BaseConnection->query('SELECT surat.id as surat_id, surat.*,truck.* FROM surat INNER JOIN truck ON surat.truck_id = truck.id WHERE jam_tanggal BETWEEN 2024-06-05T00:00 AND 2024-07-01T23:59')
 4 SYSTEMPATH/CodeIgniter.php(933): App\Controllers\Admin->getRekapData()
 5 SYSTEMPATH/CodeIgniter.php(509): CodeIgniter\CodeIgniter->runController(Object(App\Controllers\Admin))
 6 SYSTEMPATH/CodeIgniter.php(355): CodeIgniter\CodeIgniter->handleRequest(null, Object(Config\Cache), false)
 7 SYSTEMPATH/Boot.php(325): CodeIgniter\CodeIgniter->run()
 8 SYSTEMPATH/Boot.php(67): CodeIgniter\Boot::runCodeIgniter(Object(CodeIgniter\CodeIgniter))
 9 FCPATH/index.php(56): CodeIgniter\Boot::bootWeb(Object(Config\Paths))
CRITICAL - 2024-07-04 18:14:08 --> [Caused by] mysqli_sql_exception: You have an error in your SQL syntax; check the manual that corresponds to your MySQL server version for the right syntax to use near ':00 AND 2024-07-01T23:59' at line 1
in SYSTEMPATH/Database/MySQLi/Connection.php on line 312.
 1 SYSTEMPATH/Database/MySQLi/Connection.php(312): mysqli->query('SELECT surat.id as surat_id, surat.*,truck.* FROM surat INNER JOIN truck ON surat.truck_id = truck.id WHERE jam_tanggal BETWEEN 2024-06-05T00:00 AND 2024-07-01T23:59', 0)
 2 SYSTEMPATH/Database/BaseConnection.php(734): CodeIgniter\Database\MySQLi\Connection->execute('SELECT surat.id as surat_id, surat.*,truck.* FROM surat INNER JOIN truck ON surat.truck_id = truck.id WHERE jam_tanggal BETWEEN 2024-06-05T00:00 AND 2024-07-01T23:59')
 3 SYSTEMPATH/Database/BaseConnection.php(648): CodeIgniter\Database\BaseConnection->simpleQuery('SELECT surat.id as surat_id, surat.*,truck.* FROM surat INNER JOIN truck ON surat.truck_id = truck.id WHERE jam_tanggal BETWEEN 2024-06-05T00:00 AND 2024-07-01T23:59')
 4 APPPATH/Controllers/Admin.php(171): CodeIgniter\Database\BaseConnection->query('SELECT surat.id as surat_id, surat.*,truck.* FROM surat INNER JOIN truck ON surat.truck_id = truck.id WHERE jam_tanggal BETWEEN 2024-06-05T00:00 AND 2024-07-01T23:59')
 5 SYSTEMPATH/CodeIgniter.php(933): App\Controllers\Admin->getRekapData()
 6 SYSTEMPATH/CodeIgniter.php(509): CodeIgniter\CodeIgniter->runController(Object(App\Controllers\Admin))
 7 SYSTEMPATH/CodeIgniter.php(355): CodeIgniter\CodeIgniter->handleRequest(null, Object(Config\Cache), false)
 8 SYSTEMPATH/Boot.php(325): CodeIgniter\CodeIgniter->run()
 9 SYSTEMPATH/Boot.php(67): CodeIgniter\Boot::runCodeIgniter(Object(CodeIgniter\CodeIgniter))
10 FCPATH/index.php(56): CodeIgniter\Boot::bootWeb(Object(Config\Paths))
ERROR - 2024-07-04 18:19:13 --> mysqli_sql_exception: You have an error in your SQL syntax; check the manual that corresponds to your MySQL server version for the right syntax to use near ':00 AND 2024-07-01T23:59' at line 1 in /Applications/MAMP/htdocs/truck/system/Database/MySQLi/Connection.php:312
Stack trace:
#0 /Applications/MAMP/htdocs/truck/system/Database/MySQLi/Connection.php(312): mysqli->query('SELECT surat.id...', 0)
#1 /Applications/MAMP/htdocs/truck/system/Database/BaseConnection.php(734): CodeIgniter\Database\MySQLi\Connection->execute('SELECT surat.id...')
#2 /Applications/MAMP/htdocs/truck/system/Database/BaseConnection.php(648): CodeIgniter\Database\BaseConnection->simpleQuery('SELECT surat.id...')
#3 /Applications/MAMP/htdocs/truck/app/Controllers/Admin.php(171): CodeIgniter\Database\BaseConnection->query('SELECT surat.id...')
#4 /Applications/MAMP/htdocs/truck/system/CodeIgniter.php(933): App\Controllers\Admin->getRekapData()
#5 /Applications/MAMP/htdocs/truck/system/CodeIgniter.php(509): CodeIgniter\CodeIgniter->runController(Object(App\Controllers\Admin))
#6 /Applications/MAMP/htdocs/truck/system/CodeIgniter.php(355): CodeIgniter\CodeIgniter->handleRequest(NULL, Object(Config\Cache), false)
#7 /Applications/MAMP/htdocs/truck/system/Boot.php(325): CodeIgniter\CodeIgniter->run()
#8 /Applications/MAMP/htdocs/truck/system/Boot.php(67): CodeIgniter\Boot::runCodeIgniter(Object(CodeIgniter\CodeIgniter))
#9 /Applications/MAMP/htdocs/truck/index.php(56): CodeIgniter\Boot::bootWeb(Object(Config\Paths))
#10 {main}
CRITICAL - 2024-07-04 18:19:13 --> CodeIgniter\Database\Exceptions\DatabaseException: You have an error in your SQL syntax; check the manual that corresponds to your MySQL server version for the right syntax to use near ':00 AND 2024-07-01T23:59' at line 1
[Method: POST, Route: get-rekap-data-api]
in SYSTEMPATH/Database/BaseConnection.php on line 688.
 1 APPPATH/Controllers/Admin.php(171): CodeIgniter\Database\BaseConnection->query('SELECT surat.id as surat_id, surat.*,truck.* FROM surat INNER JOIN truck ON surat.truck_id = truck.id WHERE jam_tanggal BETWEEN 2024-06-01T00:00 AND 2024-07-01T23:59')
 2 SYSTEMPATH/CodeIgniter.php(933): App\Controllers\Admin->getRekapData()
 3 SYSTEMPATH/CodeIgniter.php(509): CodeIgniter\CodeIgniter->runController(Object(App\Controllers\Admin))
 4 SYSTEMPATH/CodeIgniter.php(355): CodeIgniter\CodeIgniter->handleRequest(null, Object(Config\Cache), false)
 5 SYSTEMPATH/Boot.php(325): CodeIgniter\CodeIgniter->run()
 6 SYSTEMPATH/Boot.php(67): CodeIgniter\Boot::runCodeIgniter(Object(CodeIgniter\CodeIgniter))
 7 FCPATH/index.php(56): CodeIgniter\Boot::bootWeb(Object(Config\Paths))
CRITICAL - 2024-07-04 18:19:13 --> [Caused by] CodeIgniter\Database\Exceptions\DatabaseException: You have an error in your SQL syntax; check the manual that corresponds to your MySQL server version for the right syntax to use near ':00 AND 2024-07-01T23:59' at line 1
in SYSTEMPATH/Database/MySQLi/Connection.php on line 317.
 1 SYSTEMPATH/Database/BaseConnection.php(734): CodeIgniter\Database\MySQLi\Connection->execute('SELECT surat.id as surat_id, surat.*,truck.* FROM surat INNER JOIN truck ON surat.truck_id = truck.id WHERE jam_tanggal BETWEEN 2024-06-01T00:00 AND 2024-07-01T23:59')
 2 SYSTEMPATH/Database/BaseConnection.php(648): CodeIgniter\Database\BaseConnection->simpleQuery('SELECT surat.id as surat_id, surat.*,truck.* FROM surat INNER JOIN truck ON surat.truck_id = truck.id WHERE jam_tanggal BETWEEN 2024-06-01T00:00 AND 2024-07-01T23:59')
 3 APPPATH/Controllers/Admin.php(171): CodeIgniter\Database\BaseConnection->query('SELECT surat.id as surat_id, surat.*,truck.* FROM surat INNER JOIN truck ON surat.truck_id = truck.id WHERE jam_tanggal BETWEEN 2024-06-01T00:00 AND 2024-07-01T23:59')
 4 SYSTEMPATH/CodeIgniter.php(933): App\Controllers\Admin->getRekapData()
 5 SYSTEMPATH/CodeIgniter.php(509): CodeIgniter\CodeIgniter->runController(Object(App\Controllers\Admin))
 6 SYSTEMPATH/CodeIgniter.php(355): CodeIgniter\CodeIgniter->handleRequest(null, Object(Config\Cache), false)
 7 SYSTEMPATH/Boot.php(325): CodeIgniter\CodeIgniter->run()
 8 SYSTEMPATH/Boot.php(67): CodeIgniter\Boot::runCodeIgniter(Object(CodeIgniter\CodeIgniter))
 9 FCPATH/index.php(56): CodeIgniter\Boot::bootWeb(Object(Config\Paths))
CRITICAL - 2024-07-04 18:19:13 --> [Caused by] mysqli_sql_exception: You have an error in your SQL syntax; check the manual that corresponds to your MySQL server version for the right syntax to use near ':00 AND 2024-07-01T23:59' at line 1
in SYSTEMPATH/Database/MySQLi/Connection.php on line 312.
 1 SYSTEMPATH/Database/MySQLi/Connection.php(312): mysqli->query('SELECT surat.id as surat_id, surat.*,truck.* FROM surat INNER JOIN truck ON surat.truck_id = truck.id WHERE jam_tanggal BETWEEN 2024-06-01T00:00 AND 2024-07-01T23:59', 0)
 2 SYSTEMPATH/Database/BaseConnection.php(734): CodeIgniter\Database\MySQLi\Connection->execute('SELECT surat.id as surat_id, surat.*,truck.* FROM surat INNER JOIN truck ON surat.truck_id = truck.id WHERE jam_tanggal BETWEEN 2024-06-01T00:00 AND 2024-07-01T23:59')
 3 SYSTEMPATH/Database/BaseConnection.php(648): CodeIgniter\Database\BaseConnection->simpleQuery('SELECT surat.id as surat_id, surat.*,truck.* FROM surat INNER JOIN truck ON surat.truck_id = truck.id WHERE jam_tanggal BETWEEN 2024-06-01T00:00 AND 2024-07-01T23:59')
 4 APPPATH/Controllers/Admin.php(171): CodeIgniter\Database\BaseConnection->query('SELECT surat.id as surat_id, surat.*,truck.* FROM surat INNER JOIN truck ON surat.truck_id = truck.id WHERE jam_tanggal BETWEEN 2024-06-01T00:00 AND 2024-07-01T23:59')
 5 SYSTEMPATH/CodeIgniter.php(933): App\Controllers\Admin->getRekapData()
 6 SYSTEMPATH/CodeIgniter.php(509): CodeIgniter\CodeIgniter->runController(Object(App\Controllers\Admin))
 7 SYSTEMPATH/CodeIgniter.php(355): CodeIgniter\CodeIgniter->handleRequest(null, Object(Config\Cache), false)
 8 SYSTEMPATH/Boot.php(325): CodeIgniter\CodeIgniter->run()
 9 SYSTEMPATH/Boot.php(67): CodeIgniter\Boot::runCodeIgniter(Object(CodeIgniter\CodeIgniter))
10 FCPATH/index.php(56): CodeIgniter\Boot::bootWeb(Object(Config\Paths))
