INFO - 2024-06-30 06:20:49 --> Session: Class initialized using 'CodeIgniter\Session\Handlers\FileHandler' driver.
INFO - 2024-06-30 06:22:09 --> Session: Class initialized using 'CodeIgniter\Session\Handlers\FileHandler' driver.
INFO - 2024-06-30 06:22:37 --> Session: Class initialized using 'CodeIgniter\Session\Handlers\FileHandler' driver.
INFO - 2024-06-30 06:23:13 --> Session: Class initialized using 'CodeIgniter\Session\Handlers\FileHandler' driver.
INFO - 2024-06-30 06:24:28 --> Session: Class initialized using 'CodeIgniter\Session\Handlers\FileHandler' driver.
INFO - 2024-06-30 06:24:58 --> Session: Class initialized using 'CodeIgniter\Session\Handlers\FileHandler' driver.
INFO - 2024-06-30 06:26:13 --> Session: Class initialized using 'CodeIgniter\Session\Handlers\FileHandler' driver.
INFO - 2024-06-30 06:26:39 --> Session: Class initialized using 'CodeIgniter\Session\Handlers\FileHandler' driver.
INFO - 2024-06-30 06:28:36 --> Session: Class initialized using 'CodeIgniter\Session\Handlers\FileHandler' driver.
INFO - 2024-06-30 06:30:03 --> Session: Class initialized using 'CodeIgniter\Session\Handlers\FileHandler' driver.
INFO - 2024-06-30 06:31:51 --> Session: Class initialized using 'CodeIgniter\Session\Handlers\FileHandler' driver.
INFO - 2024-06-30 06:32:48 --> Session: Class initialized using 'CodeIgniter\Session\Handlers\FileHandler' driver.
INFO - 2024-06-30 06:33:35 --> Session: Class initialized using 'CodeIgniter\Session\Handlers\FileHandler' driver.
INFO - 2024-06-30 06:34:22 --> Session: Class initialized using 'CodeIgniter\Session\Handlers\FileHandler' driver.
INFO - 2024-06-30 06:35:22 --> Session: Class initialized using 'CodeIgniter\Session\Handlers\FileHandler' driver.
INFO - 2024-06-30 06:36:15 --> Session: Class initialized using 'CodeIgniter\Session\Handlers\FileHandler' driver.
INFO - 2024-06-30 06:37:04 --> Session: Class initialized using 'CodeIgniter\Session\Handlers\FileHandler' driver.
INFO - 2024-06-30 06:37:21 --> Session: Class initialized using 'CodeIgniter\Session\Handlers\FileHandler' driver.
INFO - 2024-06-30 06:41:48 --> Session: Class initialized using 'CodeIgniter\Session\Handlers\FileHandler' driver.
INFO - 2024-06-30 06:42:46 --> Session: Class initialized using 'CodeIgniter\Session\Handlers\FileHandler' driver.
INFO - 2024-06-30 06:44:33 --> Session: Class initialized using 'CodeIgniter\Session\Handlers\FileHandler' driver.
INFO - 2024-06-30 06:44:56 --> Session: Class initialized using 'CodeIgniter\Session\Handlers\FileHandler' driver.
INFO - 2024-06-30 06:45:24 --> Session: Class initialized using 'CodeIgniter\Session\Handlers\FileHandler' driver.
INFO - 2024-06-30 06:46:15 --> Session: Class initialized using 'CodeIgniter\Session\Handlers\FileHandler' driver.
INFO - 2024-06-30 06:46:59 --> Session: Class initialized using 'CodeIgniter\Session\Handlers\FileHandler' driver.
INFO - 2024-06-30 06:47:10 --> Session: Class initialized using 'CodeIgniter\Session\Handlers\FileHandler' driver.
INFO - 2024-06-30 06:50:25 --> Session: Class initialized using 'CodeIgniter\Session\Handlers\FileHandler' driver.
INFO - 2024-06-30 06:50:34 --> Session: Class initialized using 'CodeIgniter\Session\Handlers\FileHandler' driver.
INFO - 2024-06-30 06:50:43 --> Session: Class initialized using 'CodeIgniter\Session\Handlers\FileHandler' driver.
INFO - 2024-06-30 06:50:55 --> Session: Class initialized using 'CodeIgniter\Session\Handlers\FileHandler' driver.
INFO - 2024-06-30 06:51:22 --> Session: Class initialized using 'CodeIgniter\Session\Handlers\FileHandler' driver.
INFO - 2024-06-30 06:51:29 --> Session: Class initialized using 'CodeIgniter\Session\Handlers\FileHandler' driver.
INFO - 2024-06-30 06:51:57 --> Session: Class initialized using 'CodeIgniter\Session\Handlers\FileHandler' driver.
INFO - 2024-06-30 06:52:01 --> Session: Class initialized using 'CodeIgniter\Session\Handlers\FileHandler' driver.
INFO - 2024-06-30 06:52:48 --> Session: Class initialized using 'CodeIgniter\Session\Handlers\FileHandler' driver.
INFO - 2024-06-30 06:52:54 --> Session: Class initialized using 'CodeIgniter\Session\Handlers\FileHandler' driver.
INFO - 2024-06-30 06:53:04 --> Session: Class initialized using 'CodeIgniter\Session\Handlers\FileHandler' driver.
INFO - 2024-06-30 06:53:17 --> Session: Class initialized using 'CodeIgniter\Session\Handlers\FileHandler' driver.
INFO - 2024-06-30 06:54:48 --> Session: Class initialized using 'CodeIgniter\Session\Handlers\FileHandler' driver.
INFO - 2024-06-30 06:55:04 --> Session: Class initialized using 'CodeIgniter\Session\Handlers\FileHandler' driver.
INFO - 2024-06-30 06:55:20 --> Session: Class initialized using 'CodeIgniter\Session\Handlers\FileHandler' driver.
INFO - 2024-06-30 06:55:52 --> Session: Class initialized using 'CodeIgniter\Session\Handlers\FileHandler' driver.
INFO - 2024-06-30 06:56:35 --> Session: Class initialized using 'CodeIgniter\Session\Handlers\FileHandler' driver.
INFO - 2024-06-30 06:57:04 --> Session: Class initialized using 'CodeIgniter\Session\Handlers\FileHandler' driver.
INFO - 2024-06-30 06:57:48 --> Session: Class initialized using 'CodeIgniter\Session\Handlers\FileHandler' driver.
INFO - 2024-06-30 06:57:59 --> Session: Class initialized using 'CodeIgniter\Session\Handlers\FileHandler' driver.
INFO - 2024-06-30 06:59:09 --> Session: Class initialized using 'CodeIgniter\Session\Handlers\FileHandler' driver.
INFO - 2024-06-30 07:00:56 --> Session: Class initialized using 'CodeIgniter\Session\Handlers\FileHandler' driver.
INFO - 2024-06-30 07:01:31 --> Session: Class initialized using 'CodeIgniter\Session\Handlers\FileHandler' driver.
INFO - 2024-06-30 07:01:44 --> Session: Class initialized using 'CodeIgniter\Session\Handlers\FileHandler' driver.
INFO - 2024-06-30 07:02:42 --> Session: Class initialized using 'CodeIgniter\Session\Handlers\FileHandler' driver.
INFO - 2024-06-30 07:03:12 --> Session: Class initialized using 'CodeIgniter\Session\Handlers\FileHandler' driver.
INFO - 2024-06-30 07:03:21 --> Session: Class initialized using 'CodeIgniter\Session\Handlers\FileHandler' driver.
INFO - 2024-06-30 07:03:38 --> Session: Class initialized using 'CodeIgniter\Session\Handlers\FileHandler' driver.
INFO - 2024-06-30 07:05:04 --> Session: Class initialized using 'CodeIgniter\Session\Handlers\FileHandler' driver.
INFO - 2024-06-30 07:05:43 --> Session: Class initialized using 'CodeIgniter\Session\Handlers\FileHandler' driver.
INFO - 2024-06-30 07:05:58 --> Session: Class initialized using 'CodeIgniter\Session\Handlers\FileHandler' driver.
INFO - 2024-06-30 07:08:44 --> Session: Class initialized using 'CodeIgniter\Session\Handlers\FileHandler' driver.
INFO - 2024-06-30 07:08:58 --> Session: Class initialized using 'CodeIgniter\Session\Handlers\FileHandler' driver.
INFO - 2024-06-30 07:09:32 --> Session: Class initialized using 'CodeIgniter\Session\Handlers\FileHandler' driver.
INFO - 2024-06-30 07:09:34 --> Session: Class initialized using 'CodeIgniter\Session\Handlers\FileHandler' driver.
INFO - 2024-06-30 07:09:35 --> Session: Class initialized using 'CodeIgniter\Session\Handlers\FileHandler' driver.
INFO - 2024-06-30 07:09:37 --> Session: Class initialized using 'CodeIgniter\Session\Handlers\FileHandler' driver.
INFO - 2024-06-30 07:09:39 --> Session: Class initialized using 'CodeIgniter\Session\Handlers\FileHandler' driver.
INFO - 2024-06-30 07:09:40 --> Session: Class initialized using 'CodeIgniter\Session\Handlers\FileHandler' driver.
INFO - 2024-06-30 07:09:42 --> Session: Class initialized using 'CodeIgniter\Session\Handlers\FileHandler' driver.
INFO - 2024-06-30 07:09:43 --> Session: Class initialized using 'CodeIgniter\Session\Handlers\FileHandler' driver.
INFO - 2024-06-30 07:09:45 --> Session: Class initialized using 'CodeIgniter\Session\Handlers\FileHandler' driver.
INFO - 2024-06-30 07:09:46 --> Session: Class initialized using 'CodeIgniter\Session\Handlers\FileHandler' driver.
INFO - 2024-06-30 07:09:48 --> Session: Class initialized using 'CodeIgniter\Session\Handlers\FileHandler' driver.
INFO - 2024-06-30 07:09:50 --> Session: Class initialized using 'CodeIgniter\Session\Handlers\FileHandler' driver.
INFO - 2024-06-30 07:09:53 --> Session: Class initialized using 'CodeIgniter\Session\Handlers\FileHandler' driver.
INFO - 2024-06-30 07:09:54 --> Session: Class initialized using 'CodeIgniter\Session\Handlers\FileHandler' driver.
INFO - 2024-06-30 07:26:28 --> Session: Class initialized using 'CodeIgniter\Session\Handlers\FileHandler' driver.
ERROR - 2024-06-30 07:33:53 --> mysqli_sql_exception: You have an error in your SQL syntax; check the manual that corresponds to your MySQL server version for the right syntax to use near 'ORDER BY id DESC' at line 1 in /Applications/MAMP/htdocs/truck/system/Database/MySQLi/Connection.php:312
Stack trace:
#0 /Applications/MAMP/htdocs/truck/system/Database/MySQLi/Connection.php(312): mysqli->query('SELECT id as id...', 0)
#1 /Applications/MAMP/htdocs/truck/system/Database/BaseConnection.php(734): CodeIgniter\Database\MySQLi\Connection->execute('SELECT id as id...')
#2 /Applications/MAMP/htdocs/truck/system/Database/BaseConnection.php(648): CodeIgniter\Database\BaseConnection->simpleQuery('SELECT id as id...')
#3 /Applications/MAMP/htdocs/truck/app/Controllers/Admin.php(67): CodeIgniter\Database\BaseConnection->query('SELECT id as id...')
#4 /Applications/MAMP/htdocs/truck/system/CodeIgniter.php(933): App\Controllers\Admin->suratjalan()
#5 /Applications/MAMP/htdocs/truck/system/CodeIgniter.php(509): CodeIgniter\CodeIgniter->runController(Object(App\Controllers\Admin))
#6 /Applications/MAMP/htdocs/truck/system/CodeIgniter.php(355): CodeIgniter\CodeIgniter->handleRequest(NULL, Object(Config\Cache), false)
#7 /Applications/MAMP/htdocs/truck/system/Boot.php(325): CodeIgniter\CodeIgniter->run()
#8 /Applications/MAMP/htdocs/truck/system/Boot.php(67): CodeIgniter\Boot::runCodeIgniter(Object(CodeIgniter\CodeIgniter))
#9 /Applications/MAMP/htdocs/truck/index.php(56): CodeIgniter\Boot::bootWeb(Object(Config\Paths))
#10 {main}
CRITICAL - 2024-06-30 07:33:53 --> CodeIgniter\Database\Exceptions\DatabaseException: You have an error in your SQL syntax; check the manual that corresponds to your MySQL server version for the right syntax to use near 'ORDER BY id DESC' at line 1
[Method: GET, Route: surat-jalan]
in SYSTEMPATH/Database/BaseConnection.php on line 688.
 1 APPPATH/Controllers/Admin.php(67): CodeIgniter\Database\BaseConnection->query('SELECT id as id FROM truck LIMIT 1 ORDER BY id DESC')
 2 SYSTEMPATH/CodeIgniter.php(933): App\Controllers\Admin->suratjalan()
 3 SYSTEMPATH/CodeIgniter.php(509): CodeIgniter\CodeIgniter->runController(Object(App\Controllers\Admin))
 4 SYSTEMPATH/CodeIgniter.php(355): CodeIgniter\CodeIgniter->handleRequest(null, Object(Config\Cache), false)
 5 SYSTEMPATH/Boot.php(325): CodeIgniter\CodeIgniter->run()
 6 SYSTEMPATH/Boot.php(67): CodeIgniter\Boot::runCodeIgniter(Object(CodeIgniter\CodeIgniter))
 7 FCPATH/index.php(56): CodeIgniter\Boot::bootWeb(Object(Config\Paths))
CRITICAL - 2024-06-30 07:33:53 --> [Caused by] CodeIgniter\Database\Exceptions\DatabaseException: You have an error in your SQL syntax; check the manual that corresponds to your MySQL server version for the right syntax to use near 'ORDER BY id DESC' at line 1
in SYSTEMPATH/Database/MySQLi/Connection.php on line 317.
 1 SYSTEMPATH/Database/BaseConnection.php(734): CodeIgniter\Database\MySQLi\Connection->execute('SELECT id as id FROM truck LIMIT 1 ORDER BY id DESC')
 2 SYSTEMPATH/Database/BaseConnection.php(648): CodeIgniter\Database\BaseConnection->simpleQuery('SELECT id as id FROM truck LIMIT 1 ORDER BY id DESC')
 3 APPPATH/Controllers/Admin.php(67): CodeIgniter\Database\BaseConnection->query('SELECT id as id FROM truck LIMIT 1 ORDER BY id DESC')
 4 SYSTEMPATH/CodeIgniter.php(933): App\Controllers\Admin->suratjalan()
 5 SYSTEMPATH/CodeIgniter.php(509): CodeIgniter\CodeIgniter->runController(Object(App\Controllers\Admin))
 6 SYSTEMPATH/CodeIgniter.php(355): CodeIgniter\CodeIgniter->handleRequest(null, Object(Config\Cache), false)
 7 SYSTEMPATH/Boot.php(325): CodeIgniter\CodeIgniter->run()
 8 SYSTEMPATH/Boot.php(67): CodeIgniter\Boot::runCodeIgniter(Object(CodeIgniter\CodeIgniter))
 9 FCPATH/index.php(56): CodeIgniter\Boot::bootWeb(Object(Config\Paths))
CRITICAL - 2024-06-30 07:33:53 --> [Caused by] mysqli_sql_exception: You have an error in your SQL syntax; check the manual that corresponds to your MySQL server version for the right syntax to use near 'ORDER BY id DESC' at line 1
in SYSTEMPATH/Database/MySQLi/Connection.php on line 312.
 1 SYSTEMPATH/Database/MySQLi/Connection.php(312): mysqli->query('SELECT id as id FROM truck LIMIT 1 ORDER BY id DESC', 0)
 2 SYSTEMPATH/Database/BaseConnection.php(734): CodeIgniter\Database\MySQLi\Connection->execute('SELECT id as id FROM truck LIMIT 1 ORDER BY id DESC')
 3 SYSTEMPATH/Database/BaseConnection.php(648): CodeIgniter\Database\BaseConnection->simpleQuery('SELECT id as id FROM truck LIMIT 1 ORDER BY id DESC')
 4 APPPATH/Controllers/Admin.php(67): CodeIgniter\Database\BaseConnection->query('SELECT id as id FROM truck LIMIT 1 ORDER BY id DESC')
 5 SYSTEMPATH/CodeIgniter.php(933): App\Controllers\Admin->suratjalan()
 6 SYSTEMPATH/CodeIgniter.php(509): CodeIgniter\CodeIgniter->runController(Object(App\Controllers\Admin))
 7 SYSTEMPATH/CodeIgniter.php(355): CodeIgniter\CodeIgniter->handleRequest(null, Object(Config\Cache), false)
 8 SYSTEMPATH/Boot.php(325): CodeIgniter\CodeIgniter->run()
 9 SYSTEMPATH/Boot.php(67): CodeIgniter\Boot::runCodeIgniter(Object(CodeIgniter\CodeIgniter))
10 FCPATH/index.php(56): CodeIgniter\Boot::bootWeb(Object(Config\Paths))
INFO - 2024-06-30 07:34:30 --> Session: Class initialized using 'CodeIgniter\Session\Handlers\FileHandler' driver.
INFO - 2024-06-30 07:34:42 --> Session: Class initialized using 'CodeIgniter\Session\Handlers\FileHandler' driver.
INFO - 2024-06-30 07:36:13 --> Session: Class initialized using 'CodeIgniter\Session\Handlers\FileHandler' driver.
INFO - 2024-06-30 07:36:26 --> Session: Class initialized using 'CodeIgniter\Session\Handlers\FileHandler' driver.
INFO - 2024-06-30 07:36:26 --> Session: Class initialized using 'CodeIgniter\Session\Handlers\FileHandler' driver.
INFO - 2024-06-30 07:36:40 --> Session: Class initialized using 'CodeIgniter\Session\Handlers\FileHandler' driver.
INFO - 2024-06-30 07:37:07 --> Session: Class initialized using 'CodeIgniter\Session\Handlers\FileHandler' driver.
INFO - 2024-06-30 07:37:27 --> Session: Class initialized using 'CodeIgniter\Session\Handlers\FileHandler' driver.
INFO - 2024-06-30 07:37:35 --> Session: Class initialized using 'CodeIgniter\Session\Handlers\FileHandler' driver.
INFO - 2024-06-30 07:37:58 --> Session: Class initialized using 'CodeIgniter\Session\Handlers\FileHandler' driver.
INFO - 2024-06-30 07:38:16 --> Session: Class initialized using 'CodeIgniter\Session\Handlers\FileHandler' driver.
INFO - 2024-06-30 07:43:44 --> Session: Class initialized using 'CodeIgniter\Session\Handlers\FileHandler' driver.
INFO - 2024-06-30 07:44:09 --> Session: Class initialized using 'CodeIgniter\Session\Handlers\FileHandler' driver.
INFO - 2024-06-30 07:44:27 --> Session: Class initialized using 'CodeIgniter\Session\Handlers\FileHandler' driver.
INFO - 2024-06-30 07:48:14 --> Session: Class initialized using 'CodeIgniter\Session\Handlers\FileHandler' driver.
CRITICAL - 2024-06-30 07:53:24 --> ParseError: syntax error, unexpected token "}"
[Method: POST, Route: tambah-surat-jalan]
in APPPATH/Controllers/Admin.php on line 95.
 1 SYSTEMPATH/Autoloader/Autoloader.php(296): CodeIgniter\Autoloader\Autoloader->includeFile('/Applications/MAMP/htdocs/truck/app/Controllers/Admin.php')
 2 SYSTEMPATH/Autoloader/Autoloader.php(272): CodeIgniter\Autoloader\Autoloader->loadInNamespace('App\\Controllers\\Admin')
 3 [internal function]: CodeIgniter\Autoloader\Autoloader->loadClass('App\\Controllers\\Admin')
 4 SYSTEMPATH/CodeIgniter.php(887): class_exists('\\App\\Controllers\\Admin', true)
 5 SYSTEMPATH/CodeIgniter.php(496): CodeIgniter\CodeIgniter->startController()
 6 SYSTEMPATH/CodeIgniter.php(355): CodeIgniter\CodeIgniter->handleRequest(null, Object(Config\Cache), false)
 7 SYSTEMPATH/Boot.php(325): CodeIgniter\CodeIgniter->run()
 8 SYSTEMPATH/Boot.php(67): CodeIgniter\Boot::runCodeIgniter(Object(CodeIgniter\CodeIgniter))
 9 FCPATH/index.php(56): CodeIgniter\Boot::bootWeb(Object(Config\Paths))
INFO - 2024-06-30 07:55:08 --> Session: Class initialized using 'CodeIgniter\Session\Handlers\FileHandler' driver.
INFO - 2024-06-30 07:55:10 --> Session: Class initialized using 'CodeIgniter\Session\Handlers\FileHandler' driver.
INFO - 2024-06-30 07:55:29 --> Session: Class initialized using 'CodeIgniter\Session\Handlers\FileHandler' driver.
INFO - 2024-06-30 07:55:29 --> Session: Class initialized using 'CodeIgniter\Session\Handlers\FileHandler' driver.
INFO - 2024-06-30 07:56:27 --> Session: Class initialized using 'CodeIgniter\Session\Handlers\FileHandler' driver.
INFO - 2024-06-30 07:56:27 --> Session: Class initialized using 'CodeIgniter\Session\Handlers\FileHandler' driver.
INFO - 2024-06-30 08:02:00 --> Session: Class initialized using 'CodeIgniter\Session\Handlers\FileHandler' driver.
CRITICAL - 2024-06-30 08:02:13 --> Error: Class "App\Models\SuratJalanModel" not found
[Method: POST, Route: tambah-surat-jalan]
in APPPATH/Controllers/Admin.php on line 87.
 1 SYSTEMPATH/CodeIgniter.php(933): App\Controllers\Admin->tambahsuratjalan()
 2 SYSTEMPATH/CodeIgniter.php(509): CodeIgniter\CodeIgniter->runController(Object(App\Controllers\Admin))
 3 SYSTEMPATH/CodeIgniter.php(355): CodeIgniter\CodeIgniter->handleRequest(null, Object(Config\Cache), false)
 4 SYSTEMPATH/Boot.php(325): CodeIgniter\CodeIgniter->run()
 5 SYSTEMPATH/Boot.php(67): CodeIgniter\Boot::runCodeIgniter(Object(CodeIgniter\CodeIgniter))
 6 FCPATH/index.php(56): CodeIgniter\Boot::bootWeb(Object(Config\Paths))
CRITICAL - 2024-06-30 08:04:04 --> Error: Object of type App\Models\SuratJalanModel is not callable
[Method: POST, Route: tambah-surat-jalan]
in APPPATH/Controllers/Admin.php on line 88.
 1 SYSTEMPATH/CodeIgniter.php(933): App\Controllers\Admin->tambahsuratjalan()
 2 SYSTEMPATH/CodeIgniter.php(509): CodeIgniter\CodeIgniter->runController(Object(App\Controllers\Admin))
 3 SYSTEMPATH/CodeIgniter.php(355): CodeIgniter\CodeIgniter->handleRequest(null, Object(Config\Cache), false)
 4 SYSTEMPATH/Boot.php(325): CodeIgniter\CodeIgniter->run()
 5 SYSTEMPATH/Boot.php(67): CodeIgniter\Boot::runCodeIgniter(Object(CodeIgniter\CodeIgniter))
 6 FCPATH/index.php(56): CodeIgniter\Boot::bootWeb(Object(Config\Paths))
CRITICAL - 2024-06-30 08:08:32 --> ErrorException: Undefined variable $data
[Method: GET, Route: print-surat-jalan/1577]
in APPPATH/Controllers/Admin.php on line 99.
 1 APPPATH/Controllers/Admin.php(99): CodeIgniter\Debug\Exceptions->errorHandler(2, 'Undefined variable $data', '/Applications/MAMP/htdocs/truck/app/Controllers/Admin.php', 99)
 2 SYSTEMPATH/CodeIgniter.php(933): App\Controllers\Admin->printsurat('1577')
 3 SYSTEMPATH/CodeIgniter.php(509): CodeIgniter\CodeIgniter->runController(Object(App\Controllers\Admin))
 4 SYSTEMPATH/CodeIgniter.php(355): CodeIgniter\CodeIgniter->handleRequest(null, Object(Config\Cache), false)
 5 SYSTEMPATH/Boot.php(325): CodeIgniter\CodeIgniter->run()
 6 SYSTEMPATH/Boot.php(67): CodeIgniter\Boot::runCodeIgniter(Object(CodeIgniter\CodeIgniter))
 7 FCPATH/index.php(56): CodeIgniter\Boot::bootWeb(Object(Config\Paths))
INFO - 2024-06-30 08:08:52 --> Session: Class initialized using 'CodeIgniter\Session\Handlers\FileHandler' driver.
CRITICAL - 2024-06-30 08:08:52 --> CodeIgniter\View\Exceptions\ViewException: Invalid file: "admin/printsurat.php"
[Method: GET, Route: print-surat-jalan/1577]
in SYSTEMPATH/Exceptions/FrameworkException.php on line 41.
 1 SYSTEMPATH/View/View.php(222): CodeIgniter\Exceptions\FrameworkException::forInvalidFile('admin/printsurat.php')
 2 SYSTEMPATH/Common.php(1171): CodeIgniter\View\View->render('admin/printsurat', [], true)
 3 APPPATH/Controllers/Admin.php(102): view('admin/printsurat', [...])
 4 SYSTEMPATH/CodeIgniter.php(933): App\Controllers\Admin->printsurat('1577')
 5 SYSTEMPATH/CodeIgniter.php(509): CodeIgniter\CodeIgniter->runController(Object(App\Controllers\Admin))
 6 SYSTEMPATH/CodeIgniter.php(355): CodeIgniter\CodeIgniter->handleRequest(null, Object(Config\Cache), false)
 7 SYSTEMPATH/Boot.php(325): CodeIgniter\CodeIgniter->run()
 8 SYSTEMPATH/Boot.php(67): CodeIgniter\Boot::runCodeIgniter(Object(CodeIgniter\CodeIgniter))
 9 FCPATH/index.php(56): CodeIgniter\Boot::bootWeb(Object(Config\Paths))
INFO - 2024-06-30 08:09:36 --> Session: Class initialized using 'CodeIgniter\Session\Handlers\FileHandler' driver.
INFO - 2024-06-30 08:10:11 --> Session: Class initialized using 'CodeIgniter\Session\Handlers\FileHandler' driver.
INFO - 2024-06-30 08:10:44 --> Session: Class initialized using 'CodeIgniter\Session\Handlers\FileHandler' driver.
INFO - 2024-06-30 08:11:32 --> Session: Class initialized using 'CodeIgniter\Session\Handlers\FileHandler' driver.
INFO - 2024-06-30 08:11:59 --> Session: Class initialized using 'CodeIgniter\Session\Handlers\FileHandler' driver.
INFO - 2024-06-30 08:13:33 --> Session: Class initialized using 'CodeIgniter\Session\Handlers\FileHandler' driver.
INFO - 2024-06-30 08:14:05 --> Session: Class initialized using 'CodeIgniter\Session\Handlers\FileHandler' driver.
INFO - 2024-06-30 08:14:30 --> Session: Class initialized using 'CodeIgniter\Session\Handlers\FileHandler' driver.
INFO - 2024-06-30 08:14:40 --> Session: Class initialized using 'CodeIgniter\Session\Handlers\FileHandler' driver.
INFO - 2024-06-30 08:15:12 --> Session: Class initialized using 'CodeIgniter\Session\Handlers\FileHandler' driver.
INFO - 2024-06-30 08:15:30 --> Session: Class initialized using 'CodeIgniter\Session\Handlers\FileHandler' driver.
INFO - 2024-06-30 08:16:33 --> Session: Class initialized using 'CodeIgniter\Session\Handlers\FileHandler' driver.
CRITICAL - 2024-06-30 08:16:33 --> ErrorException: Undefined variable $truck
[Method: GET, Route: print-surat-jalan/1577]
in APPPATH/Views/admin/surat.php on line 13.
 1 APPPATH/Views/admin/surat.php(13): CodeIgniter\Debug\Exceptions->errorHandler(2, 'Undefined variable $truck', '/Applications/MAMP/htdocs/truck/app/Views/admin/surat.php', 13)
 2 SYSTEMPATH/View/View.php(234): include('/Applications/MAMP/htdocs/truck/app/Views/admin/surat.php')
 3 SYSTEMPATH/View/View.php(237): CodeIgniter\View\View->CodeIgniter\View\{closure}()
 4 SYSTEMPATH/Common.php(1171): CodeIgniter\View\View->render('admin/surat', [], true)
 5 APPPATH/Controllers/Admin.php(102): view('admin/surat', [...])
 6 SYSTEMPATH/CodeIgniter.php(933): App\Controllers\Admin->printsurat('1577')
 7 SYSTEMPATH/CodeIgniter.php(509): CodeIgniter\CodeIgniter->runController(Object(App\Controllers\Admin))
 8 SYSTEMPATH/CodeIgniter.php(355): CodeIgniter\CodeIgniter->handleRequest(null, Object(Config\Cache), false)
 9 SYSTEMPATH/Boot.php(325): CodeIgniter\CodeIgniter->run()
10 SYSTEMPATH/Boot.php(67): CodeIgniter\Boot::runCodeIgniter(Object(CodeIgniter\CodeIgniter))
11 FCPATH/index.php(56): CodeIgniter\Boot::bootWeb(Object(Config\Paths))
INFO - 2024-06-30 08:16:39 --> Session: Class initialized using 'CodeIgniter\Session\Handlers\FileHandler' driver.
ERROR - 2024-06-30 08:18:07 --> mysqli_sql_exception: Column 'id' in where clause is ambiguous in /Applications/MAMP/htdocs/truck/system/Database/MySQLi/Connection.php:312
Stack trace:
#0 /Applications/MAMP/htdocs/truck/system/Database/MySQLi/Connection.php(312): mysqli->query('SELECT surat.id...', 0)
#1 /Applications/MAMP/htdocs/truck/system/Database/BaseConnection.php(734): CodeIgniter\Database\MySQLi\Connection->execute('SELECT surat.id...')
#2 /Applications/MAMP/htdocs/truck/system/Database/BaseConnection.php(648): CodeIgniter\Database\BaseConnection->simpleQuery('SELECT surat.id...')
#3 /Applications/MAMP/htdocs/truck/app/Controllers/Admin.php(96): CodeIgniter\Database\BaseConnection->query('SELECT surat.id...')
#4 /Applications/MAMP/htdocs/truck/system/CodeIgniter.php(933): App\Controllers\Admin->printsurat('1577')
#5 /Applications/MAMP/htdocs/truck/system/CodeIgniter.php(509): CodeIgniter\CodeIgniter->runController(Object(App\Controllers\Admin))
#6 /Applications/MAMP/htdocs/truck/system/CodeIgniter.php(355): CodeIgniter\CodeIgniter->handleRequest(NULL, Object(Config\Cache), false)
#7 /Applications/MAMP/htdocs/truck/system/Boot.php(325): CodeIgniter\CodeIgniter->run()
#8 /Applications/MAMP/htdocs/truck/system/Boot.php(67): CodeIgniter\Boot::runCodeIgniter(Object(CodeIgniter\CodeIgniter))
#9 /Applications/MAMP/htdocs/truck/index.php(56): CodeIgniter\Boot::bootWeb(Object(Config\Paths))
#10 {main}
CRITICAL - 2024-06-30 08:18:07 --> CodeIgniter\Database\Exceptions\DatabaseException: Column 'id' in where clause is ambiguous
[Method: GET, Route: print-surat-jalan/1577]
in SYSTEMPATH/Database/BaseConnection.php on line 688.
 1 APPPATH/Controllers/Admin.php(96): CodeIgniter\Database\BaseConnection->query('SELECT surat.id as surat_id, truck.*, surat.* FROM surat INNER JOIN truck ON truck.id = surat.truck_id WHERE id = 1577')
 2 SYSTEMPATH/CodeIgniter.php(933): App\Controllers\Admin->printsurat('1577')
 3 SYSTEMPATH/CodeIgniter.php(509): CodeIgniter\CodeIgniter->runController(Object(App\Controllers\Admin))
 4 SYSTEMPATH/CodeIgniter.php(355): CodeIgniter\CodeIgniter->handleRequest(null, Object(Config\Cache), false)
 5 SYSTEMPATH/Boot.php(325): CodeIgniter\CodeIgniter->run()
 6 SYSTEMPATH/Boot.php(67): CodeIgniter\Boot::runCodeIgniter(Object(CodeIgniter\CodeIgniter))
 7 FCPATH/index.php(56): CodeIgniter\Boot::bootWeb(Object(Config\Paths))
CRITICAL - 2024-06-30 08:18:07 --> [Caused by] CodeIgniter\Database\Exceptions\DatabaseException: Column 'id' in where clause is ambiguous
in SYSTEMPATH/Database/MySQLi/Connection.php on line 317.
 1 SYSTEMPATH/Database/BaseConnection.php(734): CodeIgniter\Database\MySQLi\Connection->execute('SELECT surat.id as surat_id, truck.*, surat.* FROM surat INNER JOIN truck ON truck.id = surat.truck_id WHERE id = 1577')
 2 SYSTEMPATH/Database/BaseConnection.php(648): CodeIgniter\Database\BaseConnection->simpleQuery('SELECT surat.id as surat_id, truck.*, surat.* FROM surat INNER JOIN truck ON truck.id = surat.truck_id WHERE id = 1577')
 3 APPPATH/Controllers/Admin.php(96): CodeIgniter\Database\BaseConnection->query('SELECT surat.id as surat_id, truck.*, surat.* FROM surat INNER JOIN truck ON truck.id = surat.truck_id WHERE id = 1577')
 4 SYSTEMPATH/CodeIgniter.php(933): App\Controllers\Admin->printsurat('1577')
 5 SYSTEMPATH/CodeIgniter.php(509): CodeIgniter\CodeIgniter->runController(Object(App\Controllers\Admin))
 6 SYSTEMPATH/CodeIgniter.php(355): CodeIgniter\CodeIgniter->handleRequest(null, Object(Config\Cache), false)
 7 SYSTEMPATH/Boot.php(325): CodeIgniter\CodeIgniter->run()
 8 SYSTEMPATH/Boot.php(67): CodeIgniter\Boot::runCodeIgniter(Object(CodeIgniter\CodeIgniter))
 9 FCPATH/index.php(56): CodeIgniter\Boot::bootWeb(Object(Config\Paths))
CRITICAL - 2024-06-30 08:18:07 --> [Caused by] mysqli_sql_exception: Column 'id' in where clause is ambiguous
in SYSTEMPATH/Database/MySQLi/Connection.php on line 312.
 1 SYSTEMPATH/Database/MySQLi/Connection.php(312): mysqli->query('SELECT surat.id as surat_id, truck.*, surat.* FROM surat INNER JOIN truck ON truck.id = surat.truck_id WHERE id = 1577', 0)
 2 SYSTEMPATH/Database/BaseConnection.php(734): CodeIgniter\Database\MySQLi\Connection->execute('SELECT surat.id as surat_id, truck.*, surat.* FROM surat INNER JOIN truck ON truck.id = surat.truck_id WHERE id = 1577')
 3 SYSTEMPATH/Database/BaseConnection.php(648): CodeIgniter\Database\BaseConnection->simpleQuery('SELECT surat.id as surat_id, truck.*, surat.* FROM surat INNER JOIN truck ON truck.id = surat.truck_id WHERE id = 1577')
 4 APPPATH/Controllers/Admin.php(96): CodeIgniter\Database\BaseConnection->query('SELECT surat.id as surat_id, truck.*, surat.* FROM surat INNER JOIN truck ON truck.id = surat.truck_id WHERE id = 1577')
 5 SYSTEMPATH/CodeIgniter.php(933): App\Controllers\Admin->printsurat('1577')
 6 SYSTEMPATH/CodeIgniter.php(509): CodeIgniter\CodeIgniter->runController(Object(App\Controllers\Admin))
 7 SYSTEMPATH/CodeIgniter.php(355): CodeIgniter\CodeIgniter->handleRequest(null, Object(Config\Cache), false)
 8 SYSTEMPATH/Boot.php(325): CodeIgniter\CodeIgniter->run()
 9 SYSTEMPATH/Boot.php(67): CodeIgniter\Boot::runCodeIgniter(Object(CodeIgniter\CodeIgniter))
10 FCPATH/index.php(56): CodeIgniter\Boot::bootWeb(Object(Config\Paths))
ERROR - 2024-06-30 08:18:23 --> mysqli_sql_exception: Column 'id' in where clause is ambiguous in /Applications/MAMP/htdocs/truck/system/Database/MySQLi/Connection.php:312
Stack trace:
#0 /Applications/MAMP/htdocs/truck/system/Database/MySQLi/Connection.php(312): mysqli->query('SELECT surat.id...', 0)
#1 /Applications/MAMP/htdocs/truck/system/Database/BaseConnection.php(734): CodeIgniter\Database\MySQLi\Connection->execute('SELECT surat.id...')
#2 /Applications/MAMP/htdocs/truck/system/Database/BaseConnection.php(648): CodeIgniter\Database\BaseConnection->simpleQuery('SELECT surat.id...')
#3 /Applications/MAMP/htdocs/truck/app/Controllers/Admin.php(96): CodeIgniter\Database\BaseConnection->query('SELECT surat.id...')
#4 /Applications/MAMP/htdocs/truck/system/CodeIgniter.php(933): App\Controllers\Admin->printsurat('1577')
#5 /Applications/MAMP/htdocs/truck/system/CodeIgniter.php(509): CodeIgniter\CodeIgniter->runController(Object(App\Controllers\Admin))
#6 /Applications/MAMP/htdocs/truck/system/CodeIgniter.php(355): CodeIgniter\CodeIgniter->handleRequest(NULL, Object(Config\Cache), false)
#7 /Applications/MAMP/htdocs/truck/system/Boot.php(325): CodeIgniter\CodeIgniter->run()
#8 /Applications/MAMP/htdocs/truck/system/Boot.php(67): CodeIgniter\Boot::runCodeIgniter(Object(CodeIgniter\CodeIgniter))
#9 /Applications/MAMP/htdocs/truck/index.php(56): CodeIgniter\Boot::bootWeb(Object(Config\Paths))
#10 {main}
CRITICAL - 2024-06-30 08:18:23 --> CodeIgniter\Database\Exceptions\DatabaseException: Column 'id' in where clause is ambiguous
[Method: GET, Route: print-surat-jalan/1577]
in SYSTEMPATH/Database/BaseConnection.php on line 688.
 1 APPPATH/Controllers/Admin.php(96): CodeIgniter\Database\BaseConnection->query('SELECT surat.id as surat_id, truck.*, surat.* FROM surat INNER JOIN truck ON truck.id = surat.truck_id WHERE id = 1577')
 2 SYSTEMPATH/CodeIgniter.php(933): App\Controllers\Admin->printsurat('1577')
 3 SYSTEMPATH/CodeIgniter.php(509): CodeIgniter\CodeIgniter->runController(Object(App\Controllers\Admin))
 4 SYSTEMPATH/CodeIgniter.php(355): CodeIgniter\CodeIgniter->handleRequest(null, Object(Config\Cache), false)
 5 SYSTEMPATH/Boot.php(325): CodeIgniter\CodeIgniter->run()
 6 SYSTEMPATH/Boot.php(67): CodeIgniter\Boot::runCodeIgniter(Object(CodeIgniter\CodeIgniter))
 7 FCPATH/index.php(56): CodeIgniter\Boot::bootWeb(Object(Config\Paths))
CRITICAL - 2024-06-30 08:18:23 --> [Caused by] CodeIgniter\Database\Exceptions\DatabaseException: Column 'id' in where clause is ambiguous
in SYSTEMPATH/Database/MySQLi/Connection.php on line 317.
 1 SYSTEMPATH/Database/BaseConnection.php(734): CodeIgniter\Database\MySQLi\Connection->execute('SELECT surat.id as surat_id, truck.*, surat.* FROM surat INNER JOIN truck ON truck.id = surat.truck_id WHERE id = 1577')
 2 SYSTEMPATH/Database/BaseConnection.php(648): CodeIgniter\Database\BaseConnection->simpleQuery('SELECT surat.id as surat_id, truck.*, surat.* FROM surat INNER JOIN truck ON truck.id = surat.truck_id WHERE id = 1577')
 3 APPPATH/Controllers/Admin.php(96): CodeIgniter\Database\BaseConnection->query('SELECT surat.id as surat_id, truck.*, surat.* FROM surat INNER JOIN truck ON truck.id = surat.truck_id WHERE id = 1577')
 4 SYSTEMPATH/CodeIgniter.php(933): App\Controllers\Admin->printsurat('1577')
 5 SYSTEMPATH/CodeIgniter.php(509): CodeIgniter\CodeIgniter->runController(Object(App\Controllers\Admin))
 6 SYSTEMPATH/CodeIgniter.php(355): CodeIgniter\CodeIgniter->handleRequest(null, Object(Config\Cache), false)
 7 SYSTEMPATH/Boot.php(325): CodeIgniter\CodeIgniter->run()
 8 SYSTEMPATH/Boot.php(67): CodeIgniter\Boot::runCodeIgniter(Object(CodeIgniter\CodeIgniter))
 9 FCPATH/index.php(56): CodeIgniter\Boot::bootWeb(Object(Config\Paths))
CRITICAL - 2024-06-30 08:18:23 --> [Caused by] mysqli_sql_exception: Column 'id' in where clause is ambiguous
in SYSTEMPATH/Database/MySQLi/Connection.php on line 312.
 1 SYSTEMPATH/Database/MySQLi/Connection.php(312): mysqli->query('SELECT surat.id as surat_id, truck.*, surat.* FROM surat INNER JOIN truck ON truck.id = surat.truck_id WHERE id = 1577', 0)
 2 SYSTEMPATH/Database/BaseConnection.php(734): CodeIgniter\Database\MySQLi\Connection->execute('SELECT surat.id as surat_id, truck.*, surat.* FROM surat INNER JOIN truck ON truck.id = surat.truck_id WHERE id = 1577')
 3 SYSTEMPATH/Database/BaseConnection.php(648): CodeIgniter\Database\BaseConnection->simpleQuery('SELECT surat.id as surat_id, truck.*, surat.* FROM surat INNER JOIN truck ON truck.id = surat.truck_id WHERE id = 1577')
 4 APPPATH/Controllers/Admin.php(96): CodeIgniter\Database\BaseConnection->query('SELECT surat.id as surat_id, truck.*, surat.* FROM surat INNER JOIN truck ON truck.id = surat.truck_id WHERE id = 1577')
 5 SYSTEMPATH/CodeIgniter.php(933): App\Controllers\Admin->printsurat('1577')
 6 SYSTEMPATH/CodeIgniter.php(509): CodeIgniter\CodeIgniter->runController(Object(App\Controllers\Admin))
 7 SYSTEMPATH/CodeIgniter.php(355): CodeIgniter\CodeIgniter->handleRequest(null, Object(Config\Cache), false)
 8 SYSTEMPATH/Boot.php(325): CodeIgniter\CodeIgniter->run()
 9 SYSTEMPATH/Boot.php(67): CodeIgniter\Boot::runCodeIgniter(Object(CodeIgniter\CodeIgniter))
10 FCPATH/index.php(56): CodeIgniter\Boot::bootWeb(Object(Config\Paths))
ERROR - 2024-06-30 08:19:13 --> mysqli_sql_exception: Column 'id' in where clause is ambiguous in /Applications/MAMP/htdocs/truck/system/Database/MySQLi/Connection.php:312
Stack trace:
#0 /Applications/MAMP/htdocs/truck/system/Database/MySQLi/Connection.php(312): mysqli->query('SELECT surat.id...', 0)
#1 /Applications/MAMP/htdocs/truck/system/Database/BaseConnection.php(734): CodeIgniter\Database\MySQLi\Connection->execute('SELECT surat.id...')
#2 /Applications/MAMP/htdocs/truck/system/Database/BaseConnection.php(648): CodeIgniter\Database\BaseConnection->simpleQuery('SELECT surat.id...')
#3 /Applications/MAMP/htdocs/truck/app/Controllers/Admin.php(96): CodeIgniter\Database\BaseConnection->query('SELECT surat.id...')
#4 /Applications/MAMP/htdocs/truck/system/CodeIgniter.php(933): App\Controllers\Admin->printsurat('1577')
#5 /Applications/MAMP/htdocs/truck/system/CodeIgniter.php(509): CodeIgniter\CodeIgniter->runController(Object(App\Controllers\Admin))
#6 /Applications/MAMP/htdocs/truck/system/CodeIgniter.php(355): CodeIgniter\CodeIgniter->handleRequest(NULL, Object(Config\Cache), false)
#7 /Applications/MAMP/htdocs/truck/system/Boot.php(325): CodeIgniter\CodeIgniter->run()
#8 /Applications/MAMP/htdocs/truck/system/Boot.php(67): CodeIgniter\Boot::runCodeIgniter(Object(CodeIgniter\CodeIgniter))
#9 /Applications/MAMP/htdocs/truck/index.php(56): CodeIgniter\Boot::bootWeb(Object(Config\Paths))
#10 {main}
CRITICAL - 2024-06-30 08:19:13 --> CodeIgniter\Database\Exceptions\DatabaseException: Column 'id' in where clause is ambiguous
[Method: GET, Route: print-surat-jalan/1577]
in SYSTEMPATH/Database/BaseConnection.php on line 688.
 1 APPPATH/Controllers/Admin.php(96): CodeIgniter\Database\BaseConnection->query('SELECT surat.id as surat_id, truck.* FROM surat INNER JOIN truck ON truck.id = surat.truck_id WHERE id = 1577')
 2 SYSTEMPATH/CodeIgniter.php(933): App\Controllers\Admin->printsurat('1577')
 3 SYSTEMPATH/CodeIgniter.php(509): CodeIgniter\CodeIgniter->runController(Object(App\Controllers\Admin))
 4 SYSTEMPATH/CodeIgniter.php(355): CodeIgniter\CodeIgniter->handleRequest(null, Object(Config\Cache), false)
 5 SYSTEMPATH/Boot.php(325): CodeIgniter\CodeIgniter->run()
 6 SYSTEMPATH/Boot.php(67): CodeIgniter\Boot::runCodeIgniter(Object(CodeIgniter\CodeIgniter))
 7 FCPATH/index.php(56): CodeIgniter\Boot::bootWeb(Object(Config\Paths))
CRITICAL - 2024-06-30 08:19:13 --> [Caused by] CodeIgniter\Database\Exceptions\DatabaseException: Column 'id' in where clause is ambiguous
in SYSTEMPATH/Database/MySQLi/Connection.php on line 317.
 1 SYSTEMPATH/Database/BaseConnection.php(734): CodeIgniter\Database\MySQLi\Connection->execute('SELECT surat.id as surat_id, truck.* FROM surat INNER JOIN truck ON truck.id = surat.truck_id WHERE id = 1577')
 2 SYSTEMPATH/Database/BaseConnection.php(648): CodeIgniter\Database\BaseConnection->simpleQuery('SELECT surat.id as surat_id, truck.* FROM surat INNER JOIN truck ON truck.id = surat.truck_id WHERE id = 1577')
 3 APPPATH/Controllers/Admin.php(96): CodeIgniter\Database\BaseConnection->query('SELECT surat.id as surat_id, truck.* FROM surat INNER JOIN truck ON truck.id = surat.truck_id WHERE id = 1577')
 4 SYSTEMPATH/CodeIgniter.php(933): App\Controllers\Admin->printsurat('1577')
 5 SYSTEMPATH/CodeIgniter.php(509): CodeIgniter\CodeIgniter->runController(Object(App\Controllers\Admin))
 6 SYSTEMPATH/CodeIgniter.php(355): CodeIgniter\CodeIgniter->handleRequest(null, Object(Config\Cache), false)
 7 SYSTEMPATH/Boot.php(325): CodeIgniter\CodeIgniter->run()
 8 SYSTEMPATH/Boot.php(67): CodeIgniter\Boot::runCodeIgniter(Object(CodeIgniter\CodeIgniter))
 9 FCPATH/index.php(56): CodeIgniter\Boot::bootWeb(Object(Config\Paths))
CRITICAL - 2024-06-30 08:19:13 --> [Caused by] mysqli_sql_exception: Column 'id' in where clause is ambiguous
in SYSTEMPATH/Database/MySQLi/Connection.php on line 312.
 1 SYSTEMPATH/Database/MySQLi/Connection.php(312): mysqli->query('SELECT surat.id as surat_id, truck.* FROM surat INNER JOIN truck ON truck.id = surat.truck_id WHERE id = 1577', 0)
 2 SYSTEMPATH/Database/BaseConnection.php(734): CodeIgniter\Database\MySQLi\Connection->execute('SELECT surat.id as surat_id, truck.* FROM surat INNER JOIN truck ON truck.id = surat.truck_id WHERE id = 1577')
 3 SYSTEMPATH/Database/BaseConnection.php(648): CodeIgniter\Database\BaseConnection->simpleQuery('SELECT surat.id as surat_id, truck.* FROM surat INNER JOIN truck ON truck.id = surat.truck_id WHERE id = 1577')
 4 APPPATH/Controllers/Admin.php(96): CodeIgniter\Database\BaseConnection->query('SELECT surat.id as surat_id, truck.* FROM surat INNER JOIN truck ON truck.id = surat.truck_id WHERE id = 1577')
 5 SYSTEMPATH/CodeIgniter.php(933): App\Controllers\Admin->printsurat('1577')
 6 SYSTEMPATH/CodeIgniter.php(509): CodeIgniter\CodeIgniter->runController(Object(App\Controllers\Admin))
 7 SYSTEMPATH/CodeIgniter.php(355): CodeIgniter\CodeIgniter->handleRequest(null, Object(Config\Cache), false)
 8 SYSTEMPATH/Boot.php(325): CodeIgniter\CodeIgniter->run()
 9 SYSTEMPATH/Boot.php(67): CodeIgniter\Boot::runCodeIgniter(Object(CodeIgniter\CodeIgniter))
10 FCPATH/index.php(56): CodeIgniter\Boot::bootWeb(Object(Config\Paths))
ERROR - 2024-06-30 08:19:15 --> mysqli_sql_exception: Column 'id' in where clause is ambiguous in /Applications/MAMP/htdocs/truck/system/Database/MySQLi/Connection.php:312
Stack trace:
#0 /Applications/MAMP/htdocs/truck/system/Database/MySQLi/Connection.php(312): mysqli->query('SELECT surat.id...', 0)
#1 /Applications/MAMP/htdocs/truck/system/Database/BaseConnection.php(734): CodeIgniter\Database\MySQLi\Connection->execute('SELECT surat.id...')
#2 /Applications/MAMP/htdocs/truck/system/Database/BaseConnection.php(648): CodeIgniter\Database\BaseConnection->simpleQuery('SELECT surat.id...')
#3 /Applications/MAMP/htdocs/truck/app/Controllers/Admin.php(96): CodeIgniter\Database\BaseConnection->query('SELECT surat.id...')
#4 /Applications/MAMP/htdocs/truck/system/CodeIgniter.php(933): App\Controllers\Admin->printsurat('1577')
#5 /Applications/MAMP/htdocs/truck/system/CodeIgniter.php(509): CodeIgniter\CodeIgniter->runController(Object(App\Controllers\Admin))
#6 /Applications/MAMP/htdocs/truck/system/CodeIgniter.php(355): CodeIgniter\CodeIgniter->handleRequest(NULL, Object(Config\Cache), false)
#7 /Applications/MAMP/htdocs/truck/system/Boot.php(325): CodeIgniter\CodeIgniter->run()
#8 /Applications/MAMP/htdocs/truck/system/Boot.php(67): CodeIgniter\Boot::runCodeIgniter(Object(CodeIgniter\CodeIgniter))
#9 /Applications/MAMP/htdocs/truck/index.php(56): CodeIgniter\Boot::bootWeb(Object(Config\Paths))
#10 {main}
CRITICAL - 2024-06-30 08:19:15 --> CodeIgniter\Database\Exceptions\DatabaseException: Column 'id' in where clause is ambiguous
[Method: GET, Route: print-surat-jalan/1577]
in SYSTEMPATH/Database/BaseConnection.php on line 688.
 1 APPPATH/Controllers/Admin.php(96): CodeIgniter\Database\BaseConnection->query('SELECT surat.id as surat_id, truck.* FROM surat INNER JOIN truck ON truck.id = surat.truck_id WHERE id = 1577')
 2 SYSTEMPATH/CodeIgniter.php(933): App\Controllers\Admin->printsurat('1577')
 3 SYSTEMPATH/CodeIgniter.php(509): CodeIgniter\CodeIgniter->runController(Object(App\Controllers\Admin))
 4 SYSTEMPATH/CodeIgniter.php(355): CodeIgniter\CodeIgniter->handleRequest(null, Object(Config\Cache), false)
 5 SYSTEMPATH/Boot.php(325): CodeIgniter\CodeIgniter->run()
 6 SYSTEMPATH/Boot.php(67): CodeIgniter\Boot::runCodeIgniter(Object(CodeIgniter\CodeIgniter))
 7 FCPATH/index.php(56): CodeIgniter\Boot::bootWeb(Object(Config\Paths))
CRITICAL - 2024-06-30 08:19:15 --> [Caused by] CodeIgniter\Database\Exceptions\DatabaseException: Column 'id' in where clause is ambiguous
in SYSTEMPATH/Database/MySQLi/Connection.php on line 317.
 1 SYSTEMPATH/Database/BaseConnection.php(734): CodeIgniter\Database\MySQLi\Connection->execute('SELECT surat.id as surat_id, truck.* FROM surat INNER JOIN truck ON truck.id = surat.truck_id WHERE id = 1577')
 2 SYSTEMPATH/Database/BaseConnection.php(648): CodeIgniter\Database\BaseConnection->simpleQuery('SELECT surat.id as surat_id, truck.* FROM surat INNER JOIN truck ON truck.id = surat.truck_id WHERE id = 1577')
 3 APPPATH/Controllers/Admin.php(96): CodeIgniter\Database\BaseConnection->query('SELECT surat.id as surat_id, truck.* FROM surat INNER JOIN truck ON truck.id = surat.truck_id WHERE id = 1577')
 4 SYSTEMPATH/CodeIgniter.php(933): App\Controllers\Admin->printsurat('1577')
 5 SYSTEMPATH/CodeIgniter.php(509): CodeIgniter\CodeIgniter->runController(Object(App\Controllers\Admin))
 6 SYSTEMPATH/CodeIgniter.php(355): CodeIgniter\CodeIgniter->handleRequest(null, Object(Config\Cache), false)
 7 SYSTEMPATH/Boot.php(325): CodeIgniter\CodeIgniter->run()
 8 SYSTEMPATH/Boot.php(67): CodeIgniter\Boot::runCodeIgniter(Object(CodeIgniter\CodeIgniter))
 9 FCPATH/index.php(56): CodeIgniter\Boot::bootWeb(Object(Config\Paths))
CRITICAL - 2024-06-30 08:19:15 --> [Caused by] mysqli_sql_exception: Column 'id' in where clause is ambiguous
in SYSTEMPATH/Database/MySQLi/Connection.php on line 312.
 1 SYSTEMPATH/Database/MySQLi/Connection.php(312): mysqli->query('SELECT surat.id as surat_id, truck.* FROM surat INNER JOIN truck ON truck.id = surat.truck_id WHERE id = 1577', 0)
 2 SYSTEMPATH/Database/BaseConnection.php(734): CodeIgniter\Database\MySQLi\Connection->execute('SELECT surat.id as surat_id, truck.* FROM surat INNER JOIN truck ON truck.id = surat.truck_id WHERE id = 1577')
 3 SYSTEMPATH/Database/BaseConnection.php(648): CodeIgniter\Database\BaseConnection->simpleQuery('SELECT surat.id as surat_id, truck.* FROM surat INNER JOIN truck ON truck.id = surat.truck_id WHERE id = 1577')
 4 APPPATH/Controllers/Admin.php(96): CodeIgniter\Database\BaseConnection->query('SELECT surat.id as surat_id, truck.* FROM surat INNER JOIN truck ON truck.id = surat.truck_id WHERE id = 1577')
 5 SYSTEMPATH/CodeIgniter.php(933): App\Controllers\Admin->printsurat('1577')
 6 SYSTEMPATH/CodeIgniter.php(509): CodeIgniter\CodeIgniter->runController(Object(App\Controllers\Admin))
 7 SYSTEMPATH/CodeIgniter.php(355): CodeIgniter\CodeIgniter->handleRequest(null, Object(Config\Cache), false)
 8 SYSTEMPATH/Boot.php(325): CodeIgniter\CodeIgniter->run()
 9 SYSTEMPATH/Boot.php(67): CodeIgniter\Boot::runCodeIgniter(Object(CodeIgniter\CodeIgniter))
10 FCPATH/index.php(56): CodeIgniter\Boot::bootWeb(Object(Config\Paths))
INFO - 2024-06-30 08:19:37 --> Session: Class initialized using 'CodeIgniter\Session\Handlers\FileHandler' driver.
CRITICAL - 2024-06-30 08:19:37 --> ErrorException: Undefined property: stdClass::$jam_tanggal
[Method: GET, Route: print-surat-jalan/1577]
in APPPATH/Views/admin/surat.php on line 13.
 1 APPPATH/Views/admin/surat.php(13): CodeIgniter\Debug\Exceptions->errorHandler(2, 'Undefined property: stdClass::$jam_tanggal', '/Applications/MAMP/htdocs/truck/app/Views/admin/surat.php', 13)
 2 SYSTEMPATH/View/View.php(234): include('/Applications/MAMP/htdocs/truck/app/Views/admin/surat.php')
 3 SYSTEMPATH/View/View.php(237): CodeIgniter\View\View->CodeIgniter\View\{closure}()
 4 SYSTEMPATH/Common.php(1171): CodeIgniter\View\View->render('admin/surat', [], true)
 5 APPPATH/Controllers/Admin.php(102): view('admin/surat', [...])
 6 SYSTEMPATH/CodeIgniter.php(933): App\Controllers\Admin->printsurat('1577')
 7 SYSTEMPATH/CodeIgniter.php(509): CodeIgniter\CodeIgniter->runController(Object(App\Controllers\Admin))
 8 SYSTEMPATH/CodeIgniter.php(355): CodeIgniter\CodeIgniter->handleRequest(null, Object(Config\Cache), false)
 9 SYSTEMPATH/Boot.php(325): CodeIgniter\CodeIgniter->run()
10 SYSTEMPATH/Boot.php(67): CodeIgniter\Boot::runCodeIgniter(Object(CodeIgniter\CodeIgniter))
11 FCPATH/index.php(56): CodeIgniter\Boot::bootWeb(Object(Config\Paths))
INFO - 2024-06-30 08:19:49 --> Session: Class initialized using 'CodeIgniter\Session\Handlers\FileHandler' driver.
INFO - 2024-06-30 08:20:28 --> Session: Class initialized using 'CodeIgniter\Session\Handlers\FileHandler' driver.
INFO - 2024-06-30 08:20:41 --> Session: Class initialized using 'CodeIgniter\Session\Handlers\FileHandler' driver.
INFO - 2024-06-30 08:21:31 --> Session: Class initialized using 'CodeIgniter\Session\Handlers\FileHandler' driver.
INFO - 2024-06-30 08:21:38 --> Session: Class initialized using 'CodeIgniter\Session\Handlers\FileHandler' driver.
INFO - 2024-06-30 08:23:39 --> Session: Class initialized using 'CodeIgniter\Session\Handlers\FileHandler' driver.
INFO - 2024-06-30 08:24:11 --> Session: Class initialized using 'CodeIgniter\Session\Handlers\FileHandler' driver.
INFO - 2024-06-30 08:24:26 --> Session: Class initialized using 'CodeIgniter\Session\Handlers\FileHandler' driver.
INFO - 2024-06-30 08:24:46 --> Session: Class initialized using 'CodeIgniter\Session\Handlers\FileHandler' driver.
INFO - 2024-06-30 08:25:04 --> Session: Class initialized using 'CodeIgniter\Session\Handlers\FileHandler' driver.
INFO - 2024-06-30 08:25:13 --> Session: Class initialized using 'CodeIgniter\Session\Handlers\FileHandler' driver.
INFO - 2024-06-30 08:25:30 --> Session: Class initialized using 'CodeIgniter\Session\Handlers\FileHandler' driver.
INFO - 2024-06-30 08:25:42 --> Session: Class initialized using 'CodeIgniter\Session\Handlers\FileHandler' driver.
INFO - 2024-06-30 08:26:01 --> Session: Class initialized using 'CodeIgniter\Session\Handlers\FileHandler' driver.
INFO - 2024-06-30 08:26:19 --> Session: Class initialized using 'CodeIgniter\Session\Handlers\FileHandler' driver.
INFO - 2024-06-30 08:26:50 --> Session: Class initialized using 'CodeIgniter\Session\Handlers\FileHandler' driver.
INFO - 2024-06-30 08:27:21 --> Session: Class initialized using 'CodeIgniter\Session\Handlers\FileHandler' driver.
INFO - 2024-06-30 08:27:29 --> Session: Class initialized using 'CodeIgniter\Session\Handlers\FileHandler' driver.
INFO - 2024-06-30 08:29:44 --> Session: Class initialized using 'CodeIgniter\Session\Handlers\FileHandler' driver.
INFO - 2024-06-30 08:30:06 --> Session: Class initialized using 'CodeIgniter\Session\Handlers\FileHandler' driver.
INFO - 2024-06-30 08:31:16 --> Session: Class initialized using 'CodeIgniter\Session\Handlers\FileHandler' driver.
INFO - 2024-06-30 08:31:22 --> Session: Class initialized using 'CodeIgniter\Session\Handlers\FileHandler' driver.
INFO - 2024-06-30 08:31:36 --> Session: Class initialized using 'CodeIgniter\Session\Handlers\FileHandler' driver.
INFO - 2024-06-30 08:31:57 --> Session: Class initialized using 'CodeIgniter\Session\Handlers\FileHandler' driver.
INFO - 2024-06-30 08:33:10 --> Session: Class initialized using 'CodeIgniter\Session\Handlers\FileHandler' driver.
INFO - 2024-06-30 08:33:47 --> Session: Class initialized using 'CodeIgniter\Session\Handlers\FileHandler' driver.
INFO - 2024-06-30 08:35:18 --> Session: Class initialized using 'CodeIgniter\Session\Handlers\FileHandler' driver.
INFO - 2024-06-30 08:36:16 --> Session: Class initialized using 'CodeIgniter\Session\Handlers\FileHandler' driver.
INFO - 2024-06-30 08:37:14 --> Session: Class initialized using 'CodeIgniter\Session\Handlers\FileHandler' driver.
INFO - 2024-06-30 08:38:23 --> Session: Class initialized using 'CodeIgniter\Session\Handlers\FileHandler' driver.
INFO - 2024-06-30 08:39:05 --> Session: Class initialized using 'CodeIgniter\Session\Handlers\FileHandler' driver.
INFO - 2024-06-30 08:39:29 --> Session: Class initialized using 'CodeIgniter\Session\Handlers\FileHandler' driver.
INFO - 2024-06-30 08:40:23 --> Session: Class initialized using 'CodeIgniter\Session\Handlers\FileHandler' driver.
INFO - 2024-06-30 08:40:38 --> Session: Class initialized using 'CodeIgniter\Session\Handlers\FileHandler' driver.
INFO - 2024-06-30 08:40:50 --> Session: Class initialized using 'CodeIgniter\Session\Handlers\FileHandler' driver.
INFO - 2024-06-30 08:42:11 --> Session: Class initialized using 'CodeIgniter\Session\Handlers\FileHandler' driver.
INFO - 2024-06-30 08:42:14 --> Session: Class initialized using 'CodeIgniter\Session\Handlers\FileHandler' driver.
INFO - 2024-06-30 08:43:48 --> Session: Class initialized using 'CodeIgniter\Session\Handlers\FileHandler' driver.
INFO - 2024-06-30 08:43:49 --> Session: Class initialized using 'CodeIgniter\Session\Handlers\FileHandler' driver.
INFO - 2024-06-30 08:46:03 --> Session: Class initialized using 'CodeIgniter\Session\Handlers\FileHandler' driver.
INFO - 2024-06-30 08:46:15 --> Session: Class initialized using 'CodeIgniter\Session\Handlers\FileHandler' driver.
INFO - 2024-06-30 08:47:06 --> Session: Class initialized using 'CodeIgniter\Session\Handlers\FileHandler' driver.
INFO - 2024-06-30 08:53:00 --> Session: Class initialized using 'CodeIgniter\Session\Handlers\FileHandler' driver.
INFO - 2024-06-30 08:53:06 --> Session: Class initialized using 'CodeIgniter\Session\Handlers\FileHandler' driver.
INFO - 2024-06-30 08:53:07 --> Session: Class initialized using 'CodeIgniter\Session\Handlers\FileHandler' driver.
INFO - 2024-06-30 08:53:09 --> Session: Class initialized using 'CodeIgniter\Session\Handlers\FileHandler' driver.
INFO - 2024-06-30 08:53:48 --> Session: Class initialized using 'CodeIgniter\Session\Handlers\FileHandler' driver.
INFO - 2024-06-30 08:53:52 --> Session: Class initialized using 'CodeIgniter\Session\Handlers\FileHandler' driver.
INFO - 2024-06-30 08:54:52 --> Session: Class initialized using 'CodeIgniter\Session\Handlers\FileHandler' driver.
INFO - 2024-06-30 08:55:04 --> Session: Class initialized using 'CodeIgniter\Session\Handlers\FileHandler' driver.
INFO - 2024-06-30 08:55:19 --> Session: Class initialized using 'CodeIgniter\Session\Handlers\FileHandler' driver.
INFO - 2024-06-30 08:55:19 --> Session: Class initialized using 'CodeIgniter\Session\Handlers\FileHandler' driver.
INFO - 2024-06-30 08:56:01 --> Session: Class initialized using 'CodeIgniter\Session\Handlers\FileHandler' driver.
INFO - 2024-06-30 08:56:15 --> Session: Class initialized using 'CodeIgniter\Session\Handlers\FileHandler' driver.
INFO - 2024-06-30 08:59:36 --> Session: Class initialized using 'CodeIgniter\Session\Handlers\FileHandler' driver.
INFO - 2024-06-30 08:59:38 --> Session: Class initialized using 'CodeIgniter\Session\Handlers\FileHandler' driver.
INFO - 2024-06-30 09:00:58 --> Session: Class initialized using 'CodeIgniter\Session\Handlers\FileHandler' driver.
ERROR - 2024-06-30 09:06:20 --> mysqli_sql_exception: Not unique table/alias: 'truck' in /Applications/MAMP/htdocs/truck/system/Database/MySQLi/Connection.php:312
Stack trace:
#0 /Applications/MAMP/htdocs/truck/system/Database/MySQLi/Connection.php(312): mysqli->query('SELECT surat.id...', 0)
#1 /Applications/MAMP/htdocs/truck/system/Database/BaseConnection.php(734): CodeIgniter\Database\MySQLi\Connection->execute('SELECT surat.id...')
#2 /Applications/MAMP/htdocs/truck/system/Database/BaseConnection.php(648): CodeIgniter\Database\BaseConnection->simpleQuery('SELECT surat.id...')
#3 /Applications/MAMP/htdocs/truck/app/Controllers/DataTable.php(66): CodeIgniter\Database\BaseConnection->query('SELECT surat.id...')
#4 /Applications/MAMP/htdocs/truck/system/CodeIgniter.php(933): App\Controllers\DataTable->surat()
#5 /Applications/MAMP/htdocs/truck/system/CodeIgniter.php(509): CodeIgniter\CodeIgniter->runController(Object(App\Controllers\DataTable))
#6 /Applications/MAMP/htdocs/truck/system/CodeIgniter.php(355): CodeIgniter\CodeIgniter->handleRequest(NULL, Object(Config\Cache), false)
#7 /Applications/MAMP/htdocs/truck/system/Boot.php(325): CodeIgniter\CodeIgniter->run()
#8 /Applications/MAMP/htdocs/truck/system/Boot.php(67): CodeIgniter\Boot::runCodeIgniter(Object(CodeIgniter\CodeIgniter))
#9 /Applications/MAMP/htdocs/truck/index.php(56): CodeIgniter\Boot::bootWeb(Object(Config\Paths))
#10 {main}
CRITICAL - 2024-06-30 09:06:20 --> CodeIgniter\Database\Exceptions\DatabaseException: Not unique table/alias: 'truck'
[Method: GET, Route: get-surat]
in SYSTEMPATH/Database/BaseConnection.php on line 688.
 1 APPPATH/Controllers/DataTable.php(66): CodeIgniter\Database\BaseConnection->query('SELECT surat.id as surat_id, surat.*,truck.* FROM truck INNER JOIN truck ON truck.id = surat.truck_id LIMIT 0, 10')
 2 SYSTEMPATH/CodeIgniter.php(933): App\Controllers\DataTable->surat()
 3 SYSTEMPATH/CodeIgniter.php(509): CodeIgniter\CodeIgniter->runController(Object(App\Controllers\DataTable))
 4 SYSTEMPATH/CodeIgniter.php(355): CodeIgniter\CodeIgniter->handleRequest(null, Object(Config\Cache), false)
 5 SYSTEMPATH/Boot.php(325): CodeIgniter\CodeIgniter->run()
 6 SYSTEMPATH/Boot.php(67): CodeIgniter\Boot::runCodeIgniter(Object(CodeIgniter\CodeIgniter))
 7 FCPATH/index.php(56): CodeIgniter\Boot::bootWeb(Object(Config\Paths))
CRITICAL - 2024-06-30 09:06:20 --> [Caused by] CodeIgniter\Database\Exceptions\DatabaseException: Not unique table/alias: 'truck'
in SYSTEMPATH/Database/MySQLi/Connection.php on line 317.
 1 SYSTEMPATH/Database/BaseConnection.php(734): CodeIgniter\Database\MySQLi\Connection->execute('SELECT surat.id as surat_id, surat.*,truck.* FROM truck INNER JOIN truck ON truck.id = surat.truck_id LIMIT 0, 10')
 2 SYSTEMPATH/Database/BaseConnection.php(648): CodeIgniter\Database\BaseConnection->simpleQuery('SELECT surat.id as surat_id, surat.*,truck.* FROM truck INNER JOIN truck ON truck.id = surat.truck_id LIMIT 0, 10')
 3 APPPATH/Controllers/DataTable.php(66): CodeIgniter\Database\BaseConnection->query('SELECT surat.id as surat_id, surat.*,truck.* FROM truck INNER JOIN truck ON truck.id = surat.truck_id LIMIT 0, 10')
 4 SYSTEMPATH/CodeIgniter.php(933): App\Controllers\DataTable->surat()
 5 SYSTEMPATH/CodeIgniter.php(509): CodeIgniter\CodeIgniter->runController(Object(App\Controllers\DataTable))
 6 SYSTEMPATH/CodeIgniter.php(355): CodeIgniter\CodeIgniter->handleRequest(null, Object(Config\Cache), false)
 7 SYSTEMPATH/Boot.php(325): CodeIgniter\CodeIgniter->run()
 8 SYSTEMPATH/Boot.php(67): CodeIgniter\Boot::runCodeIgniter(Object(CodeIgniter\CodeIgniter))
 9 FCPATH/index.php(56): CodeIgniter\Boot::bootWeb(Object(Config\Paths))
CRITICAL - 2024-06-30 09:06:20 --> [Caused by] mysqli_sql_exception: Not unique table/alias: 'truck'
in SYSTEMPATH/Database/MySQLi/Connection.php on line 312.
 1 SYSTEMPATH/Database/MySQLi/Connection.php(312): mysqli->query('SELECT surat.id as surat_id, surat.*,truck.* FROM truck INNER JOIN truck ON truck.id = surat.truck_id LIMIT 0, 10', 0)
 2 SYSTEMPATH/Database/BaseConnection.php(734): CodeIgniter\Database\MySQLi\Connection->execute('SELECT surat.id as surat_id, surat.*,truck.* FROM truck INNER JOIN truck ON truck.id = surat.truck_id LIMIT 0, 10')
 3 SYSTEMPATH/Database/BaseConnection.php(648): CodeIgniter\Database\BaseConnection->simpleQuery('SELECT surat.id as surat_id, surat.*,truck.* FROM truck INNER JOIN truck ON truck.id = surat.truck_id LIMIT 0, 10')
 4 APPPATH/Controllers/DataTable.php(66): CodeIgniter\Database\BaseConnection->query('SELECT surat.id as surat_id, surat.*,truck.* FROM truck INNER JOIN truck ON truck.id = surat.truck_id LIMIT 0, 10')
 5 SYSTEMPATH/CodeIgniter.php(933): App\Controllers\DataTable->surat()
 6 SYSTEMPATH/CodeIgniter.php(509): CodeIgniter\CodeIgniter->runController(Object(App\Controllers\DataTable))
 7 SYSTEMPATH/CodeIgniter.php(355): CodeIgniter\CodeIgniter->handleRequest(null, Object(Config\Cache), false)
 8 SYSTEMPATH/Boot.php(325): CodeIgniter\CodeIgniter->run()
 9 SYSTEMPATH/Boot.php(67): CodeIgniter\Boot::runCodeIgniter(Object(CodeIgniter\CodeIgniter))
10 FCPATH/index.php(56): CodeIgniter\Boot::bootWeb(Object(Config\Paths))
ERROR - 2024-06-30 09:07:50 --> mysqli_sql_exception: Not unique table/alias: 'truck' in /Applications/MAMP/htdocs/truck/system/Database/MySQLi/Connection.php:312
Stack trace:
#0 /Applications/MAMP/htdocs/truck/system/Database/MySQLi/Connection.php(312): mysqli->query('SELECT surat.id...', 0)
#1 /Applications/MAMP/htdocs/truck/system/Database/BaseConnection.php(734): CodeIgniter\Database\MySQLi\Connection->execute('SELECT surat.id...')
#2 /Applications/MAMP/htdocs/truck/system/Database/BaseConnection.php(648): CodeIgniter\Database\BaseConnection->simpleQuery('SELECT surat.id...')
#3 /Applications/MAMP/htdocs/truck/app/Controllers/DataTable.php(66): CodeIgniter\Database\BaseConnection->query('SELECT surat.id...')
#4 /Applications/MAMP/htdocs/truck/system/CodeIgniter.php(933): App\Controllers\DataTable->surat()
#5 /Applications/MAMP/htdocs/truck/system/CodeIgniter.php(509): CodeIgniter\CodeIgniter->runController(Object(App\Controllers\DataTable))
#6 /Applications/MAMP/htdocs/truck/system/CodeIgniter.php(355): CodeIgniter\CodeIgniter->handleRequest(NULL, Object(Config\Cache), false)
#7 /Applications/MAMP/htdocs/truck/system/Boot.php(325): CodeIgniter\CodeIgniter->run()
#8 /Applications/MAMP/htdocs/truck/system/Boot.php(67): CodeIgniter\Boot::runCodeIgniter(Object(CodeIgniter\CodeIgniter))
#9 /Applications/MAMP/htdocs/truck/index.php(56): CodeIgniter\Boot::bootWeb(Object(Config\Paths))
#10 {main}
CRITICAL - 2024-06-30 09:07:50 --> CodeIgniter\Database\Exceptions\DatabaseException: Not unique table/alias: 'truck'
[Method: GET, Route: get-surat]
in SYSTEMPATH/Database/BaseConnection.php on line 688.
 1 APPPATH/Controllers/DataTable.php(66): CodeIgniter\Database\BaseConnection->query('SELECT surat.id as surat_id, surat.*,truck.* FROM truck INNER JOIN truck ON truck.id = surat.truck_id LIMIT 0, 10')
 2 SYSTEMPATH/CodeIgniter.php(933): App\Controllers\DataTable->surat()
 3 SYSTEMPATH/CodeIgniter.php(509): CodeIgniter\CodeIgniter->runController(Object(App\Controllers\DataTable))
 4 SYSTEMPATH/CodeIgniter.php(355): CodeIgniter\CodeIgniter->handleRequest(null, Object(Config\Cache), false)
 5 SYSTEMPATH/Boot.php(325): CodeIgniter\CodeIgniter->run()
 6 SYSTEMPATH/Boot.php(67): CodeIgniter\Boot::runCodeIgniter(Object(CodeIgniter\CodeIgniter))
 7 FCPATH/index.php(56): CodeIgniter\Boot::bootWeb(Object(Config\Paths))
CRITICAL - 2024-06-30 09:07:50 --> [Caused by] CodeIgniter\Database\Exceptions\DatabaseException: Not unique table/alias: 'truck'
in SYSTEMPATH/Database/MySQLi/Connection.php on line 317.
 1 SYSTEMPATH/Database/BaseConnection.php(734): CodeIgniter\Database\MySQLi\Connection->execute('SELECT surat.id as surat_id, surat.*,truck.* FROM truck INNER JOIN truck ON truck.id = surat.truck_id LIMIT 0, 10')
 2 SYSTEMPATH/Database/BaseConnection.php(648): CodeIgniter\Database\BaseConnection->simpleQuery('SELECT surat.id as surat_id, surat.*,truck.* FROM truck INNER JOIN truck ON truck.id = surat.truck_id LIMIT 0, 10')
 3 APPPATH/Controllers/DataTable.php(66): CodeIgniter\Database\BaseConnection->query('SELECT surat.id as surat_id, surat.*,truck.* FROM truck INNER JOIN truck ON truck.id = surat.truck_id LIMIT 0, 10')
 4 SYSTEMPATH/CodeIgniter.php(933): App\Controllers\DataTable->surat()
 5 SYSTEMPATH/CodeIgniter.php(509): CodeIgniter\CodeIgniter->runController(Object(App\Controllers\DataTable))
 6 SYSTEMPATH/CodeIgniter.php(355): CodeIgniter\CodeIgniter->handleRequest(null, Object(Config\Cache), false)
 7 SYSTEMPATH/Boot.php(325): CodeIgniter\CodeIgniter->run()
 8 SYSTEMPATH/Boot.php(67): CodeIgniter\Boot::runCodeIgniter(Object(CodeIgniter\CodeIgniter))
 9 FCPATH/index.php(56): CodeIgniter\Boot::bootWeb(Object(Config\Paths))
CRITICAL - 2024-06-30 09:07:50 --> [Caused by] mysqli_sql_exception: Not unique table/alias: 'truck'
in SYSTEMPATH/Database/MySQLi/Connection.php on line 312.
 1 SYSTEMPATH/Database/MySQLi/Connection.php(312): mysqli->query('SELECT surat.id as surat_id, surat.*,truck.* FROM truck INNER JOIN truck ON truck.id = surat.truck_id LIMIT 0, 10', 0)
 2 SYSTEMPATH/Database/BaseConnection.php(734): CodeIgniter\Database\MySQLi\Connection->execute('SELECT surat.id as surat_id, surat.*,truck.* FROM truck INNER JOIN truck ON truck.id = surat.truck_id LIMIT 0, 10')
 3 SYSTEMPATH/Database/BaseConnection.php(648): CodeIgniter\Database\BaseConnection->simpleQuery('SELECT surat.id as surat_id, surat.*,truck.* FROM truck INNER JOIN truck ON truck.id = surat.truck_id LIMIT 0, 10')
 4 APPPATH/Controllers/DataTable.php(66): CodeIgniter\Database\BaseConnection->query('SELECT surat.id as surat_id, surat.*,truck.* FROM truck INNER JOIN truck ON truck.id = surat.truck_id LIMIT 0, 10')
 5 SYSTEMPATH/CodeIgniter.php(933): App\Controllers\DataTable->surat()
 6 SYSTEMPATH/CodeIgniter.php(509): CodeIgniter\CodeIgniter->runController(Object(App\Controllers\DataTable))
 7 SYSTEMPATH/CodeIgniter.php(355): CodeIgniter\CodeIgniter->handleRequest(null, Object(Config\Cache), false)
 8 SYSTEMPATH/Boot.php(325): CodeIgniter\CodeIgniter->run()
 9 SYSTEMPATH/Boot.php(67): CodeIgniter\Boot::runCodeIgniter(Object(CodeIgniter\CodeIgniter))
10 FCPATH/index.php(56): CodeIgniter\Boot::bootWeb(Object(Config\Paths))
CRITICAL - 2024-06-30 09:08:09 --> ErrorException: Trying to access array offset on value of type null
[Method: GET, Route: get-surat]
in APPPATH/Controllers/DataTable.php on line 53.
 1 APPPATH/Controllers/DataTable.php(53): CodeIgniter\Debug\Exceptions->errorHandler(2, 'Trying to access array offset on value of type null', '/Applications/MAMP/htdocs/truck/app/Controllers/DataTable.php', 53)
 2 SYSTEMPATH/CodeIgniter.php(933): App\Controllers\DataTable->surat()
 3 SYSTEMPATH/CodeIgniter.php(509): CodeIgniter\CodeIgniter->runController(Object(App\Controllers\DataTable))
 4 SYSTEMPATH/CodeIgniter.php(355): CodeIgniter\CodeIgniter->handleRequest(null, Object(Config\Cache), false)
 5 SYSTEMPATH/Boot.php(325): CodeIgniter\CodeIgniter->run()
 6 SYSTEMPATH/Boot.php(67): CodeIgniter\Boot::runCodeIgniter(Object(CodeIgniter\CodeIgniter))
 7 FCPATH/index.php(56): CodeIgniter\Boot::bootWeb(Object(Config\Paths))
ERROR - 2024-06-30 09:09:03 --> mysqli_sql_exception: Not unique table/alias: 'truck' in /Applications/MAMP/htdocs/truck/system/Database/MySQLi/Connection.php:312
Stack trace:
#0 /Applications/MAMP/htdocs/truck/system/Database/MySQLi/Connection.php(312): mysqli->query('SELECT surat.id...', 0)
#1 /Applications/MAMP/htdocs/truck/system/Database/BaseConnection.php(734): CodeIgniter\Database\MySQLi\Connection->execute('SELECT surat.id...')
#2 /Applications/MAMP/htdocs/truck/system/Database/BaseConnection.php(648): CodeIgniter\Database\BaseConnection->simpleQuery('SELECT surat.id...')
#3 /Applications/MAMP/htdocs/truck/app/Controllers/DataTable.php(66): CodeIgniter\Database\BaseConnection->query('SELECT surat.id...')
#4 /Applications/MAMP/htdocs/truck/system/CodeIgniter.php(933): App\Controllers\DataTable->surat()
#5 /Applications/MAMP/htdocs/truck/system/CodeIgniter.php(509): CodeIgniter\CodeIgniter->runController(Object(App\Controllers\DataTable))
#6 /Applications/MAMP/htdocs/truck/system/CodeIgniter.php(355): CodeIgniter\CodeIgniter->handleRequest(NULL, Object(Config\Cache), false)
#7 /Applications/MAMP/htdocs/truck/system/Boot.php(325): CodeIgniter\CodeIgniter->run()
#8 /Applications/MAMP/htdocs/truck/system/Boot.php(67): CodeIgniter\Boot::runCodeIgniter(Object(CodeIgniter\CodeIgniter))
#9 /Applications/MAMP/htdocs/truck/index.php(56): CodeIgniter\Boot::bootWeb(Object(Config\Paths))
#10 {main}
CRITICAL - 2024-06-30 09:09:03 --> CodeIgniter\Database\Exceptions\DatabaseException: Not unique table/alias: 'truck'
[Method: GET, Route: get-surat]
in SYSTEMPATH/Database/BaseConnection.php on line 688.
 1 APPPATH/Controllers/DataTable.php(66): CodeIgniter\Database\BaseConnection->query('SELECT surat.id as surat_id, surat.*,truck.* FROM truck INNER JOIN truck ON truck.id = surat.truck_id LIMIT 0, 10')
 2 SYSTEMPATH/CodeIgniter.php(933): App\Controllers\DataTable->surat()
 3 SYSTEMPATH/CodeIgniter.php(509): CodeIgniter\CodeIgniter->runController(Object(App\Controllers\DataTable))
 4 SYSTEMPATH/CodeIgniter.php(355): CodeIgniter\CodeIgniter->handleRequest(null, Object(Config\Cache), false)
 5 SYSTEMPATH/Boot.php(325): CodeIgniter\CodeIgniter->run()
 6 SYSTEMPATH/Boot.php(67): CodeIgniter\Boot::runCodeIgniter(Object(CodeIgniter\CodeIgniter))
 7 FCPATH/index.php(56): CodeIgniter\Boot::bootWeb(Object(Config\Paths))
CRITICAL - 2024-06-30 09:09:03 --> [Caused by] CodeIgniter\Database\Exceptions\DatabaseException: Not unique table/alias: 'truck'
in SYSTEMPATH/Database/MySQLi/Connection.php on line 317.
 1 SYSTEMPATH/Database/BaseConnection.php(734): CodeIgniter\Database\MySQLi\Connection->execute('SELECT surat.id as surat_id, surat.*,truck.* FROM truck INNER JOIN truck ON truck.id = surat.truck_id LIMIT 0, 10')
 2 SYSTEMPATH/Database/BaseConnection.php(648): CodeIgniter\Database\BaseConnection->simpleQuery('SELECT surat.id as surat_id, surat.*,truck.* FROM truck INNER JOIN truck ON truck.id = surat.truck_id LIMIT 0, 10')
 3 APPPATH/Controllers/DataTable.php(66): CodeIgniter\Database\BaseConnection->query('SELECT surat.id as surat_id, surat.*,truck.* FROM truck INNER JOIN truck ON truck.id = surat.truck_id LIMIT 0, 10')
 4 SYSTEMPATH/CodeIgniter.php(933): App\Controllers\DataTable->surat()
 5 SYSTEMPATH/CodeIgniter.php(509): CodeIgniter\CodeIgniter->runController(Object(App\Controllers\DataTable))
 6 SYSTEMPATH/CodeIgniter.php(355): CodeIgniter\CodeIgniter->handleRequest(null, Object(Config\Cache), false)
 7 SYSTEMPATH/Boot.php(325): CodeIgniter\CodeIgniter->run()
 8 SYSTEMPATH/Boot.php(67): CodeIgniter\Boot::runCodeIgniter(Object(CodeIgniter\CodeIgniter))
 9 FCPATH/index.php(56): CodeIgniter\Boot::bootWeb(Object(Config\Paths))
CRITICAL - 2024-06-30 09:09:03 --> [Caused by] mysqli_sql_exception: Not unique table/alias: 'truck'
in SYSTEMPATH/Database/MySQLi/Connection.php on line 312.
 1 SYSTEMPATH/Database/MySQLi/Connection.php(312): mysqli->query('SELECT surat.id as surat_id, surat.*,truck.* FROM truck INNER JOIN truck ON truck.id = surat.truck_id LIMIT 0, 10', 0)
 2 SYSTEMPATH/Database/BaseConnection.php(734): CodeIgniter\Database\MySQLi\Connection->execute('SELECT surat.id as surat_id, surat.*,truck.* FROM truck INNER JOIN truck ON truck.id = surat.truck_id LIMIT 0, 10')
 3 SYSTEMPATH/Database/BaseConnection.php(648): CodeIgniter\Database\BaseConnection->simpleQuery('SELECT surat.id as surat_id, surat.*,truck.* FROM truck INNER JOIN truck ON truck.id = surat.truck_id LIMIT 0, 10')
 4 APPPATH/Controllers/DataTable.php(66): CodeIgniter\Database\BaseConnection->query('SELECT surat.id as surat_id, surat.*,truck.* FROM truck INNER JOIN truck ON truck.id = surat.truck_id LIMIT 0, 10')
 5 SYSTEMPATH/CodeIgniter.php(933): App\Controllers\DataTable->surat()
 6 SYSTEMPATH/CodeIgniter.php(509): CodeIgniter\CodeIgniter->runController(Object(App\Controllers\DataTable))
 7 SYSTEMPATH/CodeIgniter.php(355): CodeIgniter\CodeIgniter->handleRequest(null, Object(Config\Cache), false)
 8 SYSTEMPATH/Boot.php(325): CodeIgniter\CodeIgniter->run()
 9 SYSTEMPATH/Boot.php(67): CodeIgniter\Boot::runCodeIgniter(Object(CodeIgniter\CodeIgniter))
10 FCPATH/index.php(56): CodeIgniter\Boot::bootWeb(Object(Config\Paths))
CRITICAL - 2024-06-30 09:13:42 --> Error: Call to undefined function App\Controllers\dateFormatter()
[Method: GET, Route: get-surat]
in APPPATH/Controllers/DataTable.php on line 79.
 1 SYSTEMPATH/CodeIgniter.php(933): App\Controllers\DataTable->surat()
 2 SYSTEMPATH/CodeIgniter.php(509): CodeIgniter\CodeIgniter->runController(Object(App\Controllers\DataTable))
 3 SYSTEMPATH/CodeIgniter.php(355): CodeIgniter\CodeIgniter->handleRequest(null, Object(Config\Cache), false)
 4 SYSTEMPATH/Boot.php(325): CodeIgniter\CodeIgniter->run()
 5 SYSTEMPATH/Boot.php(67): CodeIgniter\Boot::runCodeIgniter(Object(CodeIgniter\CodeIgniter))
 6 FCPATH/index.php(56): CodeIgniter\Boot::bootWeb(Object(Config\Paths))
INFO - 2024-06-30 09:24:00 --> Session: Class initialized using 'CodeIgniter\Session\Handlers\FileHandler' driver.
INFO - 2024-06-30 09:24:33 --> Session: Class initialized using 'CodeIgniter\Session\Handlers\FileHandler' driver.
INFO - 2024-06-30 09:24:51 --> Session: Class initialized using 'CodeIgniter\Session\Handlers\FileHandler' driver.
INFO - 2024-06-30 09:24:51 --> Session: Class initialized using 'CodeIgniter\Session\Handlers\FileHandler' driver.
INFO - 2024-06-30 09:24:56 --> Session: Class initialized using 'CodeIgniter\Session\Handlers\FileHandler' driver.
INFO - 2024-06-30 09:25:08 --> Session: Class initialized using 'CodeIgniter\Session\Handlers\FileHandler' driver.
INFO - 2024-06-30 09:25:09 --> Session: Class initialized using 'CodeIgniter\Session\Handlers\FileHandler' driver.
INFO - 2024-06-30 09:25:11 --> Session: Class initialized using 'CodeIgniter\Session\Handlers\FileHandler' driver.
INFO - 2024-06-30 09:25:26 --> Session: Class initialized using 'CodeIgniter\Session\Handlers\FileHandler' driver.
INFO - 2024-06-30 09:25:26 --> Session: Class initialized using 'CodeIgniter\Session\Handlers\FileHandler' driver.
INFO - 2024-06-30 09:26:12 --> Session: Class initialized using 'CodeIgniter\Session\Handlers\FileHandler' driver.
INFO - 2024-06-30 09:26:25 --> Session: Class initialized using 'CodeIgniter\Session\Handlers\FileHandler' driver.
INFO - 2024-06-30 09:26:26 --> Session: Class initialized using 'CodeIgniter\Session\Handlers\FileHandler' driver.
INFO - 2024-06-30 09:26:28 --> Session: Class initialized using 'CodeIgniter\Session\Handlers\FileHandler' driver.
INFO - 2024-06-30 09:26:41 --> Session: Class initialized using 'CodeIgniter\Session\Handlers\FileHandler' driver.
INFO - 2024-06-30 09:26:41 --> Session: Class initialized using 'CodeIgniter\Session\Handlers\FileHandler' driver.
INFO - 2024-06-30 09:26:43 --> Session: Class initialized using 'CodeIgniter\Session\Handlers\FileHandler' driver.
INFO - 2024-06-30 09:26:53 --> Session: Class initialized using 'CodeIgniter\Session\Handlers\FileHandler' driver.
INFO - 2024-06-30 09:26:53 --> Session: Class initialized using 'CodeIgniter\Session\Handlers\FileHandler' driver.
INFO - 2024-06-30 09:33:18 --> Session: Class initialized using 'CodeIgniter\Session\Handlers\FileHandler' driver.
INFO - 2024-06-30 09:33:19 --> Session: Class initialized using 'CodeIgniter\Session\Handlers\FileHandler' driver.
